#
# There is insufficient memory for the Java Runtime Environment to continue.
# Native memory allocation (malloc) failed to allocate 806256 bytes for Chunk::new
# Possible reasons:
#   The system is out of physical RAM or swap space
#   The process is running with CompressedOops enabled, and the Java Heap may be blocking the growth of the native heap
# Possible solutions:
#   Reduce memory load on the system
#   Increase physical memory or swap space
#   Check if swap backing store is full
#   Decrease Java heap size (-Xmx/-Xms)
#   Decrease number of Java threads
#   Decrease Java thread stack sizes (-Xss)
#   Set larger code cache with -XX:ReservedCodeCacheSize=
#   JVM is running with Unscaled Compressed Oops mode in which the Java heap is
#     placed in the first 4GB address space. The Java Heap base address is the
#     maximum limit for the native heap growth. Please use -XX:HeapBaseMinAddress
#     to set the Java Heap base and to place the Java Heap above 4GB virtual address.
# This output file may be truncated or incomplete.
#
#  Out of Memory Error (arena.cpp:191), pid=4016, tid=5584
#
# JRE version: OpenJDK Runtime Environment Temurin-17.0.10+7 (17.0.10+7) (build 17.0.10+7)
# Java VM: OpenJDK 64-Bit Server VM Temurin-17.0.10+7 (17.0.10+7, mixed mode, tiered, compressed oops, compressed class ptrs, parallel gc, windows-amd64)
# No core dump will be written. Minidumps are not enabled by default on client versions of Windows
#

---------------  S U M M A R Y ------------

Command Line: --add-modules=ALL-SYSTEM --add-opens=java.base/java.util=ALL-UNNAMED --add-opens=java.base/java.lang=ALL-UNNAMED --add-opens=java.base/sun.nio.fs=ALL-UNNAMED -Declipse.application=org.eclipse.jdt.ls.core.id1 -Dosgi.bundles.defaultStartLevel=4 -Declipse.product=org.eclipse.jdt.ls.core.product -Djava.import.generatesMetadataFilesAtProjectRoot=false -DDetectVMInstallationsJob.disabled=true -Dfile.encoding=utf8 -XX:+UseParallelGC -XX:GCTimeRatio=4 -XX:AdaptiveSizePolicyWeight=90 -Dsun.zip.disableMemoryMapping=true -Xmx1G -Xms100m -Xlog:disable -javaagent:c:\Users\Sayan Ghosh\.vscode\extensions\redhat.java-1.28.1-win32-x64\lombok\lombok-1.18.31.jar -XX:+HeapDumpOnOutOfMemoryError -XX:HeapDumpPath=c:\Users\Sayan Ghosh\AppData\Roaming\Code\User\workspaceStorage\0b57faa00244ea42de703f6a00a7dae7\redhat.java -Daether.dependencyCollector.impl=bf c:\Users\Sayan Ghosh\.vscode\extensions\redhat.java-1.28.1-win32-x64\server\plugins\org.eclipse.equinox.launcher_1.6.700.v20231214-2017.jar -configuration c:\Users\Sayan Ghosh\AppData\Roaming\Code\User\globalStorage\redhat.java\1.28.1\config_win -data c:\Users\Sayan Ghosh\AppData\Roaming\Code\User\workspaceStorage\0b57faa00244ea42de703f6a00a7dae7\redhat.java\jdt_ws --stdio

Host: 13th Gen Intel(R) Core(TM) i5-13400F, 16 cores, 15G,  Windows 11 , 64 bit Build 22621 (10.0.22621.3085)
Time: Mon Feb 26 21:34:54 2024 India Standard Time elapsed time: 10.495529 seconds (0d 0h 0m 10s)

---------------  T H R E A D  ---------------

Current thread (0x00000269b5f6b440):  JavaThread "C2 CompilerThread1" daemon [_thread_in_native, id=5584, stack(0x000000de5cc00000,0x000000de5cd00000)]


Current CompileTask:
C2:  10495 8641   !   4       java.io.ObjectInputStream::readObject0 (681 bytes)

Stack: [0x000000de5cc00000,0x000000de5cd00000]
Native frames: (J=compiled Java code, j=interpreted, Vv=VM code, C=native code)
V  [jvm.dll+0x67d2c9]
V  [jvm.dll+0x834afa]
V  [jvm.dll+0x8365be]
V  [jvm.dll+0x836c23]
V  [jvm.dll+0x2477ff]
V  [jvm.dll+0xac514]
V  [jvm.dll+0xacb5c]
V  [jvm.dll+0x366782]
V  [jvm.dll+0x330bfa]
V  [jvm.dll+0x33009a]
V  [jvm.dll+0x219ef1]
V  [jvm.dll+0x219311]
V  [jvm.dll+0x1a502d]
V  [jvm.dll+0x2290de]
V  [jvm.dll+0x2272ac]
V  [jvm.dll+0x7e9bb7]
V  [jvm.dll+0x7e3fba]
V  [jvm.dll+0x67c1b5]
C  [ucrtbase.dll+0x29363]
C  [KERNEL32.DLL+0x1257d]
C  [ntdll.dll+0x5aa58]


---------------  P R O C E S S  ---------------

Threads class SMR info:
_java_thread_list=0x00000269b69d5070, length=37, elements={
0x00000269967eef80, 0x00000269aa674010, 0x000002699689c760, 0x00000269aa67ded0,
0x00000269af879000, 0x00000269af87a280, 0x00000269af87c900, 0x00000269af884a10,
0x00000269af887b80, 0x00000269af891400, 0x00000269af9ab1c0, 0x00000269af9b9dd0,
0x00000269b18abcb0, 0x00000269b21971c0, 0x00000269b23665f0, 0x00000269b1a15ba0,
0x00000269b2aae7b0, 0x00000269b2a13c80, 0x00000269b232a180, 0x00000269b2326ee0,
0x00000269b23273f0, 0x00000269b2328d40, 0x00000269b2328320, 0x00000269b2328830,
0x00000269b2329760, 0x00000269b35a2850, 0x00000269b35a3c90, 0x00000269b359ffd0,
0x00000269b35a41a0, 0x00000269b359e680, 0x00000269b359eb90, 0x00000269b35a1410,
0x00000269b35a2340, 0x00000269b35a3780, 0x00000269b35a09f0, 0x00000269b5f679d0,
0x00000269b5f6b440
}

Java Threads: ( => current thread )
  0x00000269967eef80 JavaThread "main" [_thread_blocked, id=6916, stack(0x000000de5bd00000,0x000000de5be00000)]
  0x00000269aa674010 JavaThread "Reference Handler" daemon [_thread_blocked, id=15820, stack(0x000000de5c000000,0x000000de5c100000)]
  0x000002699689c760 JavaThread "Finalizer" daemon [_thread_blocked, id=19016, stack(0x000000de5c100000,0x000000de5c200000)]
  0x00000269aa67ded0 JavaThread "Signal Dispatcher" daemon [_thread_blocked, id=14668, stack(0x000000de5c200000,0x000000de5c300000)]
  0x00000269af879000 JavaThread "Attach Listener" daemon [_thread_blocked, id=9444, stack(0x000000de5c300000,0x000000de5c400000)]
  0x00000269af87a280 JavaThread "Service Thread" daemon [_thread_blocked, id=9372, stack(0x000000de5c400000,0x000000de5c500000)]
  0x00000269af87c900 JavaThread "Monitor Deflation Thread" daemon [_thread_blocked, id=13680, stack(0x000000de5c500000,0x000000de5c600000)]
  0x00000269af884a10 JavaThread "C2 CompilerThread0" daemon [_thread_in_native, id=7480, stack(0x000000de5c600000,0x000000de5c700000)]
  0x00000269af887b80 JavaThread "C1 CompilerThread0" daemon [_thread_blocked, id=6632, stack(0x000000de5c700000,0x000000de5c800000)]
  0x00000269af891400 JavaThread "Sweeper thread" daemon [_thread_blocked, id=9640, stack(0x000000de5c800000,0x000000de5c900000)]
  0x00000269af9ab1c0 JavaThread "Common-Cleaner" daemon [_thread_blocked, id=4188, stack(0x000000de5c900000,0x000000de5ca00000)]
  0x00000269af9b9dd0 JavaThread "C1 CompilerThread1" daemon [_thread_blocked, id=6752, stack(0x000000de5ca00000,0x000000de5cb00000)]
  0x00000269b18abcb0 JavaThread "Notification Thread" daemon [_thread_blocked, id=19976, stack(0x000000de5cf00000,0x000000de5d000000)]
  0x00000269b21971c0 JavaThread "Active Thread: Equinox Container: 1334bc7c-8007-42c3-b52f-fa71d65d3b4d" [_thread_blocked, id=16084, stack(0x000000de5d800000,0x000000de5d900000)]
  0x00000269b23665f0 JavaThread "Framework Event Dispatcher: Equinox Container: 1334bc7c-8007-42c3-b52f-fa71d65d3b4d" daemon [_thread_blocked, id=2468, stack(0x000000de5d900000,0x000000de5da00000)]
  0x00000269b1a15ba0 JavaThread "Start Level: Equinox Container: 1334bc7c-8007-42c3-b52f-fa71d65d3b4d" daemon [_thread_blocked, id=11568, stack(0x000000de5da00000,0x000000de5db00000)]
  0x00000269b2aae7b0 JavaThread "Bundle File Closer" daemon [_thread_blocked, id=9912, stack(0x000000de5dd00000,0x000000de5de00000)]
  0x00000269b2a13c80 JavaThread "SCR Component Actor" daemon [_thread_blocked, id=4876, stack(0x000000de5df00000,0x000000de5e000000)]
  0x00000269b232a180 JavaThread "Worker-JM" [_thread_blocked, id=10956, stack(0x000000de5e100000,0x000000de5e200000)]
  0x00000269b2326ee0 JavaThread "Worker-0: Initialize Workspace" [_thread_in_native, id=10108, stack(0x000000de5e500000,0x000000de5e600000)]
  0x00000269b23273f0 JavaThread "Worker-1" [_thread_blocked, id=7684, stack(0x000000de5e600000,0x000000de5e700000)]
  0x00000269b2328d40 JavaThread "Java indexing" daemon [_thread_blocked, id=19944, stack(0x000000de5e800000,0x000000de5e900000)]
  0x00000269b2328320 JavaThread "JNA Cleaner" daemon [_thread_blocked, id=10004, stack(0x000000de5e900000,0x000000de5ea00000)]
  0x00000269b2328830 JavaThread "pool-2-thread-1" [_thread_blocked, id=14548, stack(0x000000de5ec00000,0x000000de5ed00000)]
  0x00000269b2329760 JavaThread "WorkspaceEventsHandler" [_thread_blocked, id=1648, stack(0x000000de5d200000,0x000000de5d300000)]
  0x00000269b35a2850 JavaThread "pool-1-thread-1" [_thread_blocked, id=8148, stack(0x000000de5ed00000,0x000000de5ee00000)]
  0x00000269b35a3c90 JavaThread "Worker-2" [_thread_blocked, id=14796, stack(0x000000de5ee00000,0x000000de5ef00000)]
  0x00000269b359ffd0 JavaThread "Worker-3" [_thread_blocked, id=10412, stack(0x000000de5f200000,0x000000de5f300000)]
  0x00000269b35a41a0 JavaThread "Timer-0" [_thread_blocked, id=20548, stack(0x000000de5f400000,0x000000de5f500000)]
  0x00000269b359e680 JavaThread "Exec process" [_thread_blocked, id=5436, stack(0x000000de5f600000,0x000000de5f700000)]
  0x00000269b359eb90 JavaThread "Exec process Thread 2" [_thread_blocked, id=8508, stack(0x000000de5f700000,0x000000de5f800000)]
  0x00000269b35a1410 JavaThread "Exec process Thread 3" [_thread_blocked, id=20364, stack(0x000000de5f800000,0x000000de5f900000)]
  0x00000269b35a2340 JavaThread "Timer-1" [_thread_blocked, id=2860, stack(0x000000de5f500000,0x000000de5f600000)]
  0x00000269b35a3780 JavaThread "Worker-4" [_thread_blocked, id=21364, stack(0x000000de5f000000,0x000000de5f100000)]
  0x00000269b35a09f0 JavaThread "Worker-5" [_thread_blocked, id=21384, stack(0x000000de5fe00000,0x000000de5ff00000)]
  0x00000269b5f679d0 JavaThread "C1 CompilerThread2" daemon [_thread_blocked, id=7784, stack(0x000000de5cb00000,0x000000de5cc00000)]
=>0x00000269b5f6b440 JavaThread "C2 CompilerThread1" daemon [_thread_in_native, id=5584, stack(0x000000de5cc00000,0x000000de5cd00000)]

Other Threads:
  0x00000269aa660930 VMThread "VM Thread" [stack: 0x000000de5bf00000,0x000000de5c000000] [id=15780]
  0x00000269b18a3690 WatcherThread [stack: 0x000000de5d000000,0x000000de5d100000] [id=9176]
  0x0000026996804550 GCTaskThread "GC Thread#0" [stack: 0x000000de5be00000,0x000000de5bf00000] [id=18324]
  0x00000269b19f14c0 GCTaskThread "GC Thread#1" [stack: 0x000000de5d300000,0x000000de5d400000] [id=9092]
  0x00000269b1fd4020 GCTaskThread "GC Thread#2" [stack: 0x000000de5d400000,0x000000de5d500000] [id=14100]
  0x00000269b1fae450 GCTaskThread "GC Thread#3" [stack: 0x000000de5d500000,0x000000de5d600000] [id=11228]
  0x00000269b1fae710 GCTaskThread "GC Thread#4" [stack: 0x000000de5d600000,0x000000de5d700000] [id=12336]
  0x00000269b1fae9d0 GCTaskThread "GC Thread#5" [stack: 0x000000de5d700000,0x000000de5d800000] [id=17284]
  0x00000269b1f48c50 GCTaskThread "GC Thread#6" [stack: 0x000000de5db00000,0x000000de5dc00000] [id=5416]
  0x00000269945bdba0 GCTaskThread "GC Thread#7" [stack: 0x000000de5dc00000,0x000000de5dd00000] [id=9320]
  0x00000269b28c1fc0 GCTaskThread "GC Thread#8" [stack: 0x000000de5de00000,0x000000de5df00000] [id=20228]
  0x00000269b2bc3280 GCTaskThread "GC Thread#9" [stack: 0x000000de5e200000,0x000000de5e300000] [id=14252]
  0x00000269b2bc3ba0 GCTaskThread "GC Thread#10" [stack: 0x000000de5e300000,0x000000de5e400000] [id=14364]
  0x00000269b1ee69d0 GCTaskThread "GC Thread#11" [stack: 0x000000de5e400000,0x000000de5e500000] [id=10028]
  0x00000269b27f8830 GCTaskThread "GC Thread#12" [stack: 0x000000de5e700000,0x000000de5e800000] [id=11020]

Threads with active compile tasks:
C2 CompilerThread0    10509 8653   !   4       jdk.internal.loader.BuiltinClassLoader::loadClassOrNull (143 bytes)
C2 CompilerThread1    10509 8641   !   4       java.io.ObjectInputStream::readObject0 (681 bytes)

VM state: not at safepoint (normal execution)

VM Mutex/Monitor currently owned by a thread: None

Heap address: 0x00000000c0000000, size: 1024 MB, Compressed Oops mode: 32-bit

CDS archive(s) not mapped
Compressed class space mapped at: 0x0000000100000000-0x0000000140000000, reserved size: 1073741824
Narrow klass base: 0x0000000000000000, Narrow klass shift: 3, Narrow klass range: 0x140000000

GC Precious Log:
 CPUs: 16 total, 16 available
 Memory: 16218M
 Large Page Support: Disabled
 NUMA Support: Disabled
 Compressed Oops: Enabled (32-bit)
 Alignments: Space 512K, Generation 512K, Heap 2M
 Heap Min Capacity: 100M
 Heap Initial Capacity: 100M
 Heap Max Capacity: 1G
 Pre-touch: Disabled
 Parallel Workers: 13

Heap:
 PSYoungGen      total 33280K, used 31848K [0x00000000eab00000, 0x00000000ed780000, 0x0000000100000000)
  eden space 24576K, 94% used [0x00000000eab00000,0x00000000ec1b25a0,0x00000000ec300000)
  from space 8704K, 98% used [0x00000000ecf00000,0x00000000ed767b90,0x00000000ed780000)
  to   space 10240K, 0% used [0x00000000ec380000,0x00000000ec380000,0x00000000ecd80000)
 ParOldGen       total 294912K, used 273888K [0x00000000c0000000, 0x00000000d2000000, 0x00000000eab00000)
  object space 294912K, 92% used [0x00000000c0000000,0x00000000d0b78358,0x00000000d2000000)
 Metaspace       used 64084K, committed 65152K, reserved 1114112K
  class space    used 7359K, committed 7872K, reserved 1048576K

Card table byte_map: [0x0000026996180000,0x0000026996390000] _byte_map_base: 0x0000026995b80000

Marking Bits: (ParMarkBitMap*) 0x00007ff87877d7d0
 Begin Bits: [0x00000269a8480000, 0x00000269a9480000)
 End Bits:   [0x00000269a9480000, 0x00000269aa480000)

Polling page: 0x0000026994760000

Metaspace:

Usage:
  Non-class:     55.40 MB used.
      Class:      7.19 MB used.
       Both:     62.58 MB used.

Virtual space:
  Non-class space:       64.00 MB reserved,      55.94 MB ( 87%) committed,  1 nodes.
      Class space:        1.00 GB reserved,       7.69 MB ( <1%) committed,  1 nodes.
             Both:        1.06 GB reserved,      63.62 MB (  6%) committed. 

Chunk freelists:
   Non-Class:  7.75 MB
       Class:  8.27 MB
        Both:  16.02 MB

MaxMetaspaceSize: unlimited
CompressedClassSpaceSize: 1.00 GB
Initial GC threshold: 21.00 MB
Current GC threshold: 104.69 MB
CDS: off
MetaspaceReclaimPolicy: balanced
 - commit_granule_bytes: 65536.
 - commit_granule_words: 8192.
 - virtual_space_node_default_size: 8388608.
 - enlarge_chunks_in_place: 1.
 - new_chunks_are_fully_committed: 0.
 - uncommit_free_chunks: 1.
 - use_allocation_guard: 0.
 - handle_deallocations: 1.


Internal statistics:

num_allocs_failed_limit: 9.
num_arena_births: 614.
num_arena_deaths: 14.
num_vsnodes_births: 2.
num_vsnodes_deaths: 0.
num_space_committed: 1018.
num_space_uncommitted: 0.
num_chunks_returned_to_freelist: 23.
num_chunks_taken_from_freelist: 2936.
num_chunk_merges: 15.
num_chunk_splits: 1950.
num_chunks_enlarged: 1329.
num_inconsistent_stats: 0.

CodeHeap 'non-profiled nmethods': size=119168Kb used=5897Kb max_used=5897Kb free=113270Kb
 bounds [0x00000269a1020000, 0x00000269a15f0000, 0x00000269a8480000]
CodeHeap 'profiled nmethods': size=119104Kb used=14136Kb max_used=15589Kb free=104967Kb
 bounds [0x0000026999480000, 0x000002699a3c0000, 0x00000269a08d0000]
CodeHeap 'non-nmethods': size=7488Kb used=2445Kb max_used=3082Kb free=5042Kb
 bounds [0x00000269a08d0000, 0x00000269a0be0000, 0x00000269a1020000]
 total_blobs=7894 nmethods=7241 adapters=563
 compilation: enabled
              stopped_count=0, restarted_count=0
 full_count=0

Compilation events (20 events):
Event: 9.560 Thread 0x00000269af887b80 8681       3       java.lang.StackTraceElement::equals (120 bytes)
Event: 9.560 Thread 0x00000269af9b9dd0 nmethod 8680 0x0000026999974810 code [0x0000026999974a40, 0x0000026999975158]
Event: 9.560 Thread 0x00000269af9b9dd0 8675   !   3       java.io.PrintWriter::println (34 bytes)
Event: 9.561 Thread 0x00000269af9b9dd0 nmethod 8675 0x0000026999f53810 code [0x0000026999f53a40, 0x0000026999f54218]
Event: 9.561 Thread 0x00000269af9b9dd0 8676       3       java.io.PrintWriter::print (9 bytes)
Event: 9.561 Thread 0x00000269af9b9dd0 nmethod 8676 0x000002699968ad90 code [0x000002699968af60, 0x000002699968b348]
Event: 9.561 Thread 0x00000269af9b9dd0 8677       3       java.io.PrintWriter::write (11 bytes)
Event: 9.561 Thread 0x00000269af887b80 nmethod 8681 0x0000026999918a10 code [0x0000026999918c80, 0x0000026999919958]
Event: 9.561 Thread 0x00000269af887b80 8678   !   3       java.io.PrintWriter::write (58 bytes)
Event: 9.561 Thread 0x00000269af9b9dd0 nmethod 8677 0x0000026999f52790 code [0x0000026999f52940, 0x0000026999f52ba8]
Event: 9.561 Thread 0x00000269af9b9dd0 8679       3       java.io.PrintWriter::println (5 bytes)
Event: 9.561 Thread 0x00000269af887b80 nmethod 8678 0x0000026999966890 code [0x0000026999966aa0, 0x0000026999967068]
Event: 9.561 Thread 0x00000269af887b80 8683       3       java.lang.invoke.BoundMethodHandle$SpeciesData::extendWith (62 bytes)
Event: 9.561 Thread 0x00000269af9b9dd0 nmethod 8679 0x0000026999be6390 code [0x0000026999be6520, 0x0000026999be6668]
Event: 9.561 Thread 0x00000269af9b9dd0 8682       1       java.lang.invoke.MethodHandleImpl$AsVarargsCollector::getTarget (5 bytes)
Event: 9.561 Thread 0x00000269af9b9dd0 nmethod 8682 0x00000269a15e1c90 code [0x00000269a15e1e20, 0x00000269a15e1ef8]
Event: 9.562 Thread 0x00000269af887b80 nmethod 8683 0x000002699a273290 code [0x000002699a273500, 0x000002699a273ef8]
Event: 9.562 Thread 0x00000269b5f679d0 nmethod 8671 0x00000269998c9810 code [0x00000269998c9e80, 0x00000269998cccb8]
Event: 9.563 Thread 0x00000269af9b9dd0 8685       1       java.nio.charset.Charset::name (5 bytes)
Event: 9.563 Thread 0x00000269af9b9dd0 nmethod 8685 0x00000269a15e1f90 code [0x00000269a15e2120, 0x00000269a15e21f8]

GC Heap History (20 events):
Event: 7.736 GC heap before
{Heap before GC invocations=132 (full 9):
 PSYoungGen      total 29184K, used 22528K [0x00000000eab00000, 0x00000000ece00000, 0x0000000100000000)
  eden space 22528K, 100% used [0x00000000eab00000,0x00000000ec100000,0x00000000ec100000)
  from space 6656K, 0% used [0x00000000ec780000,0x00000000ec780000,0x00000000ece00000)
  to   space 6656K, 0% used [0x00000000ec100000,0x00000000ec100000,0x00000000ec780000)
 ParOldGen       total 294912K, used 232609K [0x00000000c0000000, 0x00000000d2000000, 0x00000000eab00000)
  object space 294912K, 78% used [0x00000000c0000000,0x00000000ce3285d0,0x00000000d2000000)
 Metaspace       used 63360K, committed 64320K, reserved 1114112K
  class space    used 7286K, committed 7744K, reserved 1048576K
}
Event: 7.739 GC heap after
{Heap after GC invocations=132 (full 9):
 PSYoungGen      total 27648K, used 5081K [0x00000000eab00000, 0x00000000ecc00000, 0x0000000100000000)
  eden space 22528K, 0% used [0x00000000eab00000,0x00000000eab00000,0x00000000ec100000)
  from space 5120K, 99% used [0x00000000ec100000,0x00000000ec5f65b0,0x00000000ec600000)
  to   space 5632K, 0% used [0x00000000ec680000,0x00000000ec680000,0x00000000ecc00000)
 ParOldGen       total 294912K, used 232609K [0x00000000c0000000, 0x00000000d2000000, 0x00000000eab00000)
  object space 294912K, 78% used [0x00000000c0000000,0x00000000ce3285d0,0x00000000d2000000)
 Metaspace       used 63360K, committed 64320K, reserved 1114112K
  class space    used 7286K, committed 7744K, reserved 1048576K
}
Event: 7.783 GC heap before
{Heap before GC invocations=133 (full 9):
 PSYoungGen      total 27648K, used 27609K [0x00000000eab00000, 0x00000000ecc00000, 0x0000000100000000)
  eden space 22528K, 100% used [0x00000000eab00000,0x00000000ec100000,0x00000000ec100000)
  from space 5120K, 99% used [0x00000000ec100000,0x00000000ec5f65b0,0x00000000ec600000)
  to   space 5632K, 0% used [0x00000000ec680000,0x00000000ec680000,0x00000000ecc00000)
 ParOldGen       total 294912K, used 232609K [0x00000000c0000000, 0x00000000d2000000, 0x00000000eab00000)
  object space 294912K, 78% used [0x00000000c0000000,0x00000000ce3285d0,0x00000000d2000000)
 Metaspace       used 63360K, committed 64320K, reserved 1114112K
  class space    used 7286K, committed 7744K, reserved 1048576K
}
Event: 7.787 GC heap after
{Heap after GC invocations=133 (full 9):
 PSYoungGen      total 23040K, used 5630K [0x00000000eab00000, 0x00000000ed600000, 0x0000000100000000)
  eden space 17408K, 0% used [0x00000000eab00000,0x00000000eab00000,0x00000000ebc00000)
  from space 5632K, 99% used [0x00000000ec680000,0x00000000ecbffb90,0x00000000ecc00000)
  to   space 10752K, 0% used [0x00000000ebc00000,0x00000000ebc00000,0x00000000ec680000)
 ParOldGen       total 294912K, used 236876K [0x00000000c0000000, 0x00000000d2000000, 0x00000000eab00000)
  object space 294912K, 80% used [0x00000000c0000000,0x00000000ce7533c8,0x00000000d2000000)
 Metaspace       used 63360K, committed 64320K, reserved 1114112K
  class space    used 7286K, committed 7744K, reserved 1048576K
}
Event: 7.811 GC heap before
{Heap before GC invocations=134 (full 9):
 PSYoungGen      total 23040K, used 23038K [0x00000000eab00000, 0x00000000ed600000, 0x0000000100000000)
  eden space 17408K, 100% used [0x00000000eab00000,0x00000000ebc00000,0x00000000ebc00000)
  from space 5632K, 99% used [0x00000000ec680000,0x00000000ecbffb90,0x00000000ecc00000)
  to   space 10752K, 0% used [0x00000000ebc00000,0x00000000ebc00000,0x00000000ec680000)
 ParOldGen       total 294912K, used 236876K [0x00000000c0000000, 0x00000000d2000000, 0x00000000eab00000)
  object space 294912K, 80% used [0x00000000c0000000,0x00000000ce7533c8,0x00000000d2000000)
 Metaspace       used 63360K, committed 64320K, reserved 1114112K
  class space    used 7286K, committed 7744K, reserved 1048576K
}
Event: 7.815 GC heap after
{Heap after GC invocations=134 (full 9):
 PSYoungGen      total 21504K, used 3866K [0x00000000eab00000, 0x00000000ec800000, 0x0000000100000000)
  eden space 17408K, 0% used [0x00000000eab00000,0x00000000eab00000,0x00000000ebc00000)
  from space 4096K, 94% used [0x00000000ebc00000,0x00000000ebfc6bc0,0x00000000ec000000)
  to   space 6144K, 0% used [0x00000000ec200000,0x00000000ec200000,0x00000000ec800000)
 ParOldGen       total 294912K, used 242436K [0x00000000c0000000, 0x00000000d2000000, 0x00000000eab00000)
  object space 294912K, 82% used [0x00000000c0000000,0x00000000cecc1140,0x00000000d2000000)
 Metaspace       used 63360K, committed 64320K, reserved 1114112K
  class space    used 7286K, committed 7744K, reserved 1048576K
}
Event: 7.838 GC heap before
{Heap before GC invocations=135 (full 9):
 PSYoungGen      total 21504K, used 21274K [0x00000000eab00000, 0x00000000ec800000, 0x0000000100000000)
  eden space 17408K, 100% used [0x00000000eab00000,0x00000000ebc00000,0x00000000ebc00000)
  from space 4096K, 94% used [0x00000000ebc00000,0x00000000ebfc6bc0,0x00000000ec000000)
  to   space 6144K, 0% used [0x00000000ec200000,0x00000000ec200000,0x00000000ec800000)
 ParOldGen       total 294912K, used 242436K [0x00000000c0000000, 0x00000000d2000000, 0x00000000eab00000)
  object space 294912K, 82% used [0x00000000c0000000,0x00000000cecc1140,0x00000000d2000000)
 Metaspace       used 63360K, committed 64320K, reserved 1114112K
  class space    used 7286K, committed 7744K, reserved 1048576K
}
Event: 7.841 GC heap after
{Heap after GC invocations=135 (full 9):
 PSYoungGen      total 21504K, used 6131K [0x00000000eab00000, 0x00000000ece00000, 0x0000000100000000)
  eden space 15360K, 0% used [0x00000000eab00000,0x00000000eab00000,0x00000000eba00000)
  from space 6144K, 99% used [0x00000000ec200000,0x00000000ec7fcfe8,0x00000000ec800000)
  to   space 8192K, 0% used [0x00000000eba00000,0x00000000eba00000,0x00000000ec200000)
 ParOldGen       total 294912K, used 243785K [0x00000000c0000000, 0x00000000d2000000, 0x00000000eab00000)
  object space 294912K, 82% used [0x00000000c0000000,0x00000000cee12420,0x00000000d2000000)
 Metaspace       used 63360K, committed 64320K, reserved 1114112K
  class space    used 7286K, committed 7744K, reserved 1048576K
}
Event: 7.862 GC heap before
{Heap before GC invocations=136 (full 9):
 PSYoungGen      total 21504K, used 21491K [0x00000000eab00000, 0x00000000ece00000, 0x0000000100000000)
  eden space 15360K, 100% used [0x00000000eab00000,0x00000000eba00000,0x00000000eba00000)
  from space 6144K, 99% used [0x00000000ec200000,0x00000000ec7fcfe8,0x00000000ec800000)
  to   space 8192K, 0% used [0x00000000eba00000,0x00000000eba00000,0x00000000ec200000)
 ParOldGen       total 294912K, used 243785K [0x00000000c0000000, 0x00000000d2000000, 0x00000000eab00000)
  object space 294912K, 82% used [0x00000000c0000000,0x00000000cee12420,0x00000000d2000000)
 Metaspace       used 63360K, committed 64320K, reserved 1114112K
  class space    used 7286K, committed 7744K, reserved 1048576K
}
Event: 7.866 GC heap after
{Heap after GC invocations=136 (full 9):
 PSYoungGen      total 18944K, used 3486K [0x00000000eab00000, 0x00000000ec580000, 0x0000000100000000)
  eden space 15360K, 0% used [0x00000000eab00000,0x00000000eab00000,0x00000000eba00000)
  from space 3584K, 97% used [0x00000000eba00000,0x00000000ebd678a0,0x00000000ebd80000)
  to   space 5120K, 0% used [0x00000000ec080000,0x00000000ec080000,0x00000000ec580000)
 ParOldGen       total 294912K, used 249865K [0x00000000c0000000, 0x00000000d2000000, 0x00000000eab00000)
  object space 294912K, 84% used [0x00000000c0000000,0x00000000cf402798,0x00000000d2000000)
 Metaspace       used 63360K, committed 64320K, reserved 1114112K
  class space    used 7286K, committed 7744K, reserved 1048576K
}
Event: 7.880 GC heap before
{Heap before GC invocations=137 (full 9):
 PSYoungGen      total 18944K, used 18846K [0x00000000eab00000, 0x00000000ec580000, 0x0000000100000000)
  eden space 15360K, 100% used [0x00000000eab00000,0x00000000eba00000,0x00000000eba00000)
  from space 3584K, 97% used [0x00000000eba00000,0x00000000ebd678a0,0x00000000ebd80000)
  to   space 5120K, 0% used [0x00000000ec080000,0x00000000ec080000,0x00000000ec580000)
 ParOldGen       total 294912K, used 249865K [0x00000000c0000000, 0x00000000d2000000, 0x00000000eab00000)
  object space 294912K, 84% used [0x00000000c0000000,0x00000000cf402798,0x00000000d2000000)
 Metaspace       used 63360K, committed 64320K, reserved 1114112K
  class space    used 7286K, committed 7744K, reserved 1048576K
}
Event: 7.883 GC heap after
{Heap after GC invocations=137 (full 9):
 PSYoungGen      total 22016K, used 4328K [0x00000000eab00000, 0x00000000ec500000, 0x0000000100000000)
  eden space 17408K, 0% used [0x00000000eab00000,0x00000000eab00000,0x00000000ebc00000)
  from space 4608K, 93% used [0x00000000ec080000,0x00000000ec4ba388,0x00000000ec500000)
  to   space 4608K, 0% used [0x00000000ebc00000,0x00000000ebc00000,0x00000000ec080000)
 ParOldGen       total 294912K, used 253264K [0x00000000c0000000, 0x00000000d2000000, 0x00000000eab00000)
  object space 294912K, 85% used [0x00000000c0000000,0x00000000cf754300,0x00000000d2000000)
 Metaspace       used 63360K, committed 64320K, reserved 1114112K
  class space    used 7286K, committed 7744K, reserved 1048576K
}
Event: 7.900 GC heap before
{Heap before GC invocations=138 (full 9):
 PSYoungGen      total 22016K, used 21736K [0x00000000eab00000, 0x00000000ec500000, 0x0000000100000000)
  eden space 17408K, 100% used [0x00000000eab00000,0x00000000ebc00000,0x00000000ebc00000)
  from space 4608K, 93% used [0x00000000ec080000,0x00000000ec4ba388,0x00000000ec500000)
  to   space 4608K, 0% used [0x00000000ebc00000,0x00000000ebc00000,0x00000000ec080000)
 ParOldGen       total 294912K, used 253264K [0x00000000c0000000, 0x00000000d2000000, 0x00000000eab00000)
  object space 294912K, 85% used [0x00000000c0000000,0x00000000cf754300,0x00000000d2000000)
 Metaspace       used 63360K, committed 64320K, reserved 1114112K
  class space    used 7286K, committed 7744K, reserved 1048576K
}
Event: 7.905 GC heap after
{Heap after GC invocations=138 (full 9):
 PSYoungGen      total 22016K, used 4596K [0x00000000eab00000, 0x00000000ed100000, 0x0000000100000000)
  eden space 17408K, 0% used [0x00000000eab00000,0x00000000eab00000,0x00000000ebc00000)
  from space 4608K, 99% used [0x00000000ebc00000,0x00000000ec07d080,0x00000000ec080000)
  to   space 9728K, 0% used [0x00000000ec780000,0x00000000ec780000,0x00000000ed100000)
 ParOldGen       total 294912K, used 257469K [0x00000000c0000000, 0x00000000d2000000, 0x00000000eab00000)
  object space 294912K, 87% used [0x00000000c0000000,0x00000000cfb6f400,0x00000000d2000000)
 Metaspace       used 63360K, committed 64320K, reserved 1114112K
  class space    used 7286K, committed 7744K, reserved 1048576K
}
Event: 7.916 GC heap before
{Heap before GC invocations=139 (full 9):
 PSYoungGen      total 22016K, used 22004K [0x00000000eab00000, 0x00000000ed100000, 0x0000000100000000)
  eden space 17408K, 100% used [0x00000000eab00000,0x00000000ebc00000,0x00000000ebc00000)
  from space 4608K, 99% used [0x00000000ebc00000,0x00000000ec07d080,0x00000000ec080000)
  to   space 9728K, 0% used [0x00000000ec780000,0x00000000ec780000,0x00000000ed100000)
 ParOldGen       total 294912K, used 257469K [0x00000000c0000000, 0x00000000d2000000, 0x00000000eab00000)
  object space 294912K, 87% used [0x00000000c0000000,0x00000000cfb6f400,0x00000000d2000000)
 Metaspace       used 63360K, committed 64320K, reserved 1114112K
  class space    used 7286K, committed 7744K, reserved 1048576K
}
Event: 7.921 GC heap after
{Heap after GC invocations=139 (full 9):
 PSYoungGen      total 25600K, used 5236K [0x00000000eab00000, 0x00000000ecd00000, 0x0000000100000000)
  eden space 19968K, 0% used [0x00000000eab00000,0x00000000eab00000,0x00000000ebe80000)
  from space 5632K, 92% used [0x00000000ec780000,0x00000000ecc9d180,0x00000000ecd00000)
  to   space 6656K, 0% used [0x00000000ec000000,0x00000000ec000000,0x00000000ec680000)
 ParOldGen       total 294912K, used 261863K [0x00000000c0000000, 0x00000000d2000000, 0x00000000eab00000)
  object space 294912K, 88% used [0x00000000c0000000,0x00000000cffb9f20,0x00000000d2000000)
 Metaspace       used 63360K, committed 64320K, reserved 1114112K
  class space    used 7286K, committed 7744K, reserved 1048576K
}
Event: 7.929 GC heap before
{Heap before GC invocations=140 (full 9):
 PSYoungGen      total 25600K, used 25204K [0x00000000eab00000, 0x00000000ecd00000, 0x0000000100000000)
  eden space 19968K, 100% used [0x00000000eab00000,0x00000000ebe80000,0x00000000ebe80000)
  from space 5632K, 92% used [0x00000000ec780000,0x00000000ecc9d180,0x00000000ecd00000)
  to   space 6656K, 0% used [0x00000000ec000000,0x00000000ec000000,0x00000000ec680000)
 ParOldGen       total 294912K, used 261863K [0x00000000c0000000, 0x00000000d2000000, 0x00000000eab00000)
  object space 294912K, 88% used [0x00000000c0000000,0x00000000cffb9f20,0x00000000d2000000)
 Metaspace       used 63360K, committed 64320K, reserved 1114112K
  class space    used 7286K, committed 7744K, reserved 1048576K
}
Event: 7.933 GC heap after
{Heap after GC invocations=140 (full 9):
 PSYoungGen      total 28160K, used 6636K [0x00000000eab00000, 0x00000000edc80000, 0x0000000100000000)
  eden space 21504K, 0% used [0x00000000eab00000,0x00000000eab00000,0x00000000ec000000)
  from space 6656K, 99% used [0x00000000ec000000,0x00000000ec67b3e8,0x00000000ec680000)
  to   space 13824K, 0% used [0x00000000ecf00000,0x00000000ecf00000,0x00000000edc80000)
 ParOldGen       total 294912K, used 267504K [0x00000000c0000000, 0x00000000d2000000, 0x00000000eab00000)
  object space 294912K, 90% used [0x00000000c0000000,0x00000000d053c0c0,0x00000000d2000000)
 Metaspace       used 63360K, committed 64320K, reserved 1114112K
  class space    used 7286K, committed 7744K, reserved 1048576K
}
Event: 7.941 GC heap before
{Heap before GC invocations=141 (full 9):
 PSYoungGen      total 28160K, used 28140K [0x00000000eab00000, 0x00000000edc80000, 0x0000000100000000)
  eden space 21504K, 100% used [0x00000000eab00000,0x00000000ec000000,0x00000000ec000000)
  from space 6656K, 99% used [0x00000000ec000000,0x00000000ec67b3e8,0x00000000ec680000)
  to   space 13824K, 0% used [0x00000000ecf00000,0x00000000ecf00000,0x00000000edc80000)
 ParOldGen       total 294912K, used 267504K [0x00000000c0000000, 0x00000000d2000000, 0x00000000eab00000)
  object space 294912K, 90% used [0x00000000c0000000,0x00000000d053c0c0,0x00000000d2000000)
 Metaspace       used 63360K, committed 64320K, reserved 1114112K
  class space    used 7286K, committed 7744K, reserved 1048576K
}
Event: 7.944 GC heap after
{Heap after GC invocations=141 (full 9):
 PSYoungGen      total 33280K, used 8606K [0x00000000eab00000, 0x00000000ed780000, 0x0000000100000000)
  eden space 24576K, 0% used [0x00000000eab00000,0x00000000eab00000,0x00000000ec300000)
  from space 8704K, 98% used [0x00000000ecf00000,0x00000000ed767b90,0x00000000ed780000)
  to   space 10240K, 0% used [0x00000000ec380000,0x00000000ec380000,0x00000000ecd80000)
 ParOldGen       total 294912K, used 273888K [0x00000000c0000000, 0x00000000d2000000, 0x00000000eab00000)
  object space 294912K, 92% used [0x00000000c0000000,0x00000000d0b78358,0x00000000d2000000)
 Metaspace       used 63360K, committed 64320K, reserved 1114112K
  class space    used 7286K, committed 7744K, reserved 1048576K
}

Dll operation events (15 events):
Event: 0.006 Loaded shared library c:\Users\Sayan Ghosh\.vscode\extensions\redhat.java-1.28.1-win32-x64\jre\17.0.10-win32-x86_64\bin\java.dll
Event: 0.095 Loaded shared library c:\Users\Sayan Ghosh\.vscode\extensions\redhat.java-1.28.1-win32-x64\jre\17.0.10-win32-x86_64\bin\zip.dll
Event: 0.097 Loaded shared library C:\Users\Sayan Ghosh\.vscode\extensions\redhat.java-1.28.1-win32-x64\jre\17.0.10-win32-x86_64\bin\instrument.dll
Event: 0.104 Loaded shared library C:\Users\Sayan Ghosh\.vscode\extensions\redhat.java-1.28.1-win32-x64\jre\17.0.10-win32-x86_64\bin\net.dll
Event: 0.106 Loaded shared library C:\Users\Sayan Ghosh\.vscode\extensions\redhat.java-1.28.1-win32-x64\jre\17.0.10-win32-x86_64\bin\nio.dll
Event: 0.110 Loaded shared library C:\Users\Sayan Ghosh\.vscode\extensions\redhat.java-1.28.1-win32-x64\jre\17.0.10-win32-x86_64\bin\zip.dll
Event: 0.119 Loaded shared library C:\Users\Sayan Ghosh\.vscode\extensions\redhat.java-1.28.1-win32-x64\jre\17.0.10-win32-x86_64\bin\jimage.dll
Event: 0.156 Loaded shared library c:\Users\Sayan Ghosh\.vscode\extensions\redhat.java-1.28.1-win32-x64\jre\17.0.10-win32-x86_64\bin\verify.dll
Event: 0.896 Loaded shared library C:\Users\Sayan Ghosh\AppData\Roaming\Code\User\globalStorage\redhat.java\1.28.1\config_win\org.eclipse.equinox.launcher\org.eclipse.equinox.launcher.win32.win32.x86_64_1.2.900.v20240129-1338\eclipse_11900.dll
Event: 2.541 Loaded shared library C:\Users\Sayan Ghosh\AppData\Local\Temp\jna-1011240315\jna10285360061971844878.dll
Event: 4.666 Loaded shared library C:\Users\Sayan Ghosh\.gradle\native\68d5fa5c4cc2d200863cafc0d521ce42e7d3e7ee720ec0a83991735586a16f82\windows-amd64\native-platform.dll
Event: 5.020 Loaded shared library C:\Users\Sayan Ghosh\.vscode\extensions\redhat.java-1.28.1-win32-x64\jre\17.0.10-win32-x86_64\bin\management.dll
Event: 5.022 Loaded shared library C:\Users\Sayan Ghosh\.vscode\extensions\redhat.java-1.28.1-win32-x64\jre\17.0.10-win32-x86_64\bin\management_ext.dll
Event: 5.374 Loaded shared library C:\Users\Sayan Ghosh\.vscode\extensions\redhat.java-1.28.1-win32-x64\jre\17.0.10-win32-x86_64\bin\extnet.dll
Event: 5.395 Loaded shared library C:\Users\Sayan Ghosh\.vscode\extensions\redhat.java-1.28.1-win32-x64\jre\17.0.10-win32-x86_64\bin\sunmscapi.dll

Deoptimization events (20 events):
Event: 9.538 Thread 0x00000269b359f5b0 Uncommon trap: trap_request=0xffffffde fr.pc=0x00000269a13e2658 relative=0x0000000000000198
Event: 9.538 Thread 0x00000269b359f5b0 Uncommon trap: reason=class_check action=maybe_recompile pc=0x00000269a13e2658 method=java.lang.ClassLoader.getPackage(Ljava/lang/String;)Ljava/lang/Package; @ 22 c2
Event: 9.538 Thread 0x00000269b359f5b0 DEOPT PACKING pc=0x00000269a13e2658 sp=0x000000de5f9fcb50
Event: 9.538 Thread 0x00000269b359f5b0 DEOPT UNPACKING pc=0x00000269a09266a3 sp=0x000000de5f9fcae0 mode 2
Event: 9.541 Thread 0x00000269b359f5b0 Uncommon trap: trap_request=0xffffffde fr.pc=0x00000269a15de094 relative=0x0000000000000334
Event: 9.541 Thread 0x00000269b359f5b0 Uncommon trap: reason=class_check action=maybe_recompile pc=0x00000269a15de094 method=java.io.ObjectInputStream$PeekInputStream.read()I @ 23 c2
Event: 9.541 Thread 0x00000269b359f5b0 DEOPT PACKING pc=0x00000269a15de094 sp=0x000000de5f9fc640
Event: 9.541 Thread 0x00000269b359f5b0 DEOPT UNPACKING pc=0x00000269a09266a3 sp=0x000000de5f9fc5c0 mode 2
Event: 9.542 Thread 0x00000269b359f5b0 Uncommon trap: trap_request=0xffffffde fr.pc=0x00000269a13e2658 relative=0x0000000000000198
Event: 9.542 Thread 0x00000269b359f5b0 Uncommon trap: reason=class_check action=maybe_recompile pc=0x00000269a13e2658 method=java.lang.ClassLoader.getPackage(Ljava/lang/String;)Ljava/lang/Package; @ 22 c2
Event: 9.542 Thread 0x00000269b359f5b0 DEOPT PACKING pc=0x00000269a13e2658 sp=0x000000de5f9fce10
Event: 9.542 Thread 0x00000269b359f5b0 DEOPT UNPACKING pc=0x00000269a09266a3 sp=0x000000de5f9fcda0 mode 2
Event: 9.545 Thread 0x00000269b359f5b0 Uncommon trap: trap_request=0xffffffde fr.pc=0x00000269a15de094 relative=0x0000000000000334
Event: 9.545 Thread 0x00000269b359f5b0 Uncommon trap: reason=class_check action=maybe_recompile pc=0x00000269a15de094 method=java.io.ObjectInputStream$PeekInputStream.read()I @ 23 c2
Event: 9.545 Thread 0x00000269b359f5b0 DEOPT PACKING pc=0x00000269a15de094 sp=0x000000de5f9fc790
Event: 9.545 Thread 0x00000269b359f5b0 DEOPT UNPACKING pc=0x00000269a09266a3 sp=0x000000de5f9fc710 mode 2
Event: 9.558 Thread 0x00000269b2326ee0 Uncommon trap: trap_request=0xffffffde fr.pc=0x00000269a117b0bc relative=0x00000000000002bc
Event: 9.558 Thread 0x00000269b2326ee0 Uncommon trap: reason=class_check action=maybe_recompile pc=0x00000269a117b0bc method=org.eclipse.core.runtime.SubMonitor$RootInfo.worked(I)V @ 5 c2
Event: 9.558 Thread 0x00000269b2326ee0 DEOPT PACKING pc=0x00000269a117b0bc sp=0x000000de5e5fe910
Event: 9.558 Thread 0x00000269b2326ee0 DEOPT UNPACKING pc=0x00000269a09266a3 sp=0x000000de5e5fe798 mode 2

Classes unloaded (7 events):
Event: 1.562 Thread 0x00000269aa660930 Unloading class 0x0000000100248400 'java/lang/invoke/LambdaForm$MH+0x0000000100248400'
Event: 1.562 Thread 0x00000269aa660930 Unloading class 0x0000000100248000 'java/lang/invoke/LambdaForm$MH+0x0000000100248000'
Event: 1.562 Thread 0x00000269aa660930 Unloading class 0x0000000100247c00 'java/lang/invoke/LambdaForm$MH+0x0000000100247c00'
Event: 1.562 Thread 0x00000269aa660930 Unloading class 0x0000000100247800 'java/lang/invoke/LambdaForm$MH+0x0000000100247800'
Event: 1.562 Thread 0x00000269aa660930 Unloading class 0x0000000100247400 'java/lang/invoke/LambdaForm$BMH+0x0000000100247400'
Event: 1.562 Thread 0x00000269aa660930 Unloading class 0x0000000100247000 'java/lang/invoke/LambdaForm$DMH+0x0000000100247000'
Event: 1.562 Thread 0x00000269aa660930 Unloading class 0x0000000100244400 'java/lang/invoke/LambdaForm$DMH+0x0000000100244400'

Classes redefined (0 events):
No events

Internal exceptions (20 events):
Event: 5.590 Thread 0x00000269b359ffd0 Exception <a 'java/io/FileNotFoundException'{0x00000000eb636870}> (0x00000000eb636870) 
thrown [s\src\hotspot\share\prims\jni.cpp, line 516]
Event: 5.791 Thread 0x00000269b359ffd0 Exception <a 'java/io/FileNotFoundException'{0x00000000eacefe90}> (0x00000000eacefe90) 
thrown [s\src\hotspot\share\prims\jni.cpp, line 516]
Event: 5.792 Thread 0x00000269b359ffd0 Implicit null exception at 0x00000269a14bae4d to 0x00000269a14bbb98
Event: 5.894 Thread 0x00000269b359ffd0 Exception <a 'java/io/FileNotFoundException'{0x00000000eb876d30}> (0x00000000eb876d30) 
thrown [s\src\hotspot\share\prims\jni.cpp, line 516]
Event: 5.894 Thread 0x00000269b359ffd0 Exception <a 'java/io/FileNotFoundException'{0x00000000eb877d70}> (0x00000000eb877d70) 
thrown [s\src\hotspot\share\prims\jni.cpp, line 516]
Event: 5.894 Thread 0x00000269b359ffd0 Exception <a 'java/io/FileNotFoundException'{0x00000000eb878b00}> (0x00000000eb878b00) 
thrown [s\src\hotspot\share\prims\jni.cpp, line 516]
Event: 5.915 Thread 0x00000269b2328d40 Implicit null exception at 0x00000269a14d992c to 0x00000269a14d9a1c
Event: 9.441 Thread 0x00000269b359f5b0 Exception <a 'java/lang/NoSuchMethodError'{0x00000000eb7507d0}: static Lorg/gradle/internal/build/event/types/DefaultFailureResult;.<clinit>()V> (0x00000000eb7507d0) 
thrown [s\src\hotspot\share\prims\jni.cpp, line 1107]
Event: 9.443 Thread 0x00000269b359f5b0 Exception <a 'java/lang/NoSuchMethodError'{0x00000000eb77c498}: static Lorg/gradle/internal/build/event/types/DefaultFailure;.<clinit>()V> (0x00000000eb77c498) 
thrown [s\src\hotspot\share\prims\jni.cpp, line 1107]
Event: 9.510 Thread 0x00000269b359f5b0 Exception <a 'java/lang/NoSuchMethodError'{0x00000000eb8faa50}: static Lorg/gradle/tooling/internal/provider/serialization/ClassLoaderDetails;.<clinit>()V> (0x00000000eb8faa50) 
thrown [s\src\hotspot\share\prims\jni.cpp, line 1107]
Event: 9.511 Thread 0x00000269b359f5b0 Exception <a 'java/lang/NoSuchMethodError'{0x00000000eb918800}: static Lorg/gradle/internal/classloader/ClassLoaderSpec;.<clinit>()V> (0x00000000eb918800) 
thrown [s\src\hotspot\share\prims\jni.cpp, line 1107]
Event: 9.511 Thread 0x00000269b359f5b0 Exception <a 'java/lang/NoSuchMethodError'{0x00000000eb927d18}: static Lorg/gradle/tooling/internal/provider/serialization/WellKnownClassLoaderRegistry$KnownClassLoaderSpec;.<clinit>()V> (0x00000000eb927d18) 
thrown [s\src\hotspot\share\prims\jni.cpp, line 1107]
Event: 9.512 Thread 0x00000269b359f5b0 Exception <a 'java/lang/NoSuchMethodError'{0x00000000eb947908}: static Lorg/gradle/internal/classloader/ClassLoaderSpec;.<clinit>()V> (0x00000000eb947908) 
thrown [s\src\hotspot\share\prims\jni.cpp, line 1107]
Event: 9.512 Thread 0x00000269b359f5b0 Exception <a 'java/lang/NoSuchMethodError'{0x00000000eb957e70}: static Lorg/gradle/internal/classloader/VisitableURLClassLoader$Spec;.<clinit>()V> (0x00000000eb957e70) 
thrown [s\src\hotspot\share\prims\jni.cpp, line 1107]
Event: 9.520 Thread 0x00000269b359f5b0 Exception <a 'java/lang/NoSuchMethodError'{0x00000000eba6de98}: static [B.<clinit>()V> (0x00000000eba6de98) 
thrown [s\src\hotspot\share\prims\jni.cpp, line 1107]
Event: 9.528 Thread 0x00000269b359f5b0 Exception <a 'java/lang/NoSuchMethodError'{0x00000000ebb50d20}: static [Ljava/lang/StackTraceElement;.<clinit>()V> (0x00000000ebb50d20) 
thrown [s\src\hotspot\share\prims\jni.cpp, line 1107]
Event: 9.540 Thread 0x00000269b359f5b0 Exception <a 'java/lang/NoSuchMethodError'{0x00000000ebcf7468}: static Lorg/gradle/api/GradleException;.<clinit>()V> (0x00000000ebcf7468) 
thrown [s\src\hotspot\share\prims\jni.cpp, line 1107]
Event: 9.540 Thread 0x00000269b359f5b0 Exception <a 'java/lang/NoSuchMethodError'{0x00000000ebcf8658}: static Lorg/gradle/api/GradleScriptException;.<clinit>()V> (0x00000000ebcf8658) 
thrown [s\src\hotspot\share\prims\jni.cpp, line 1107]
Event: 9.545 Thread 0x00000269b359f5b0 Exception <a 'java/lang/NoSuchMethodError'{0x00000000ebdaa190}: static Lorg/gradle/internal/exceptions/ContextAwareException;.<clinit>()V> (0x00000000ebdaa190) 
thrown [s\src\hotspot\share\prims\jni.cpp, line 1107]
Event: 9.545 Thread 0x00000269b359f5b0 Exception <a 'java/lang/NoSuchMethodError'{0x00000000ebdac0b8}: static Lorg/gradle/internal/exceptions/LocationAwareException;.<clinit>()V> (0x00000000ebdac0b8) 
thrown [s\src\hotspot\share\prims\jni.cpp, line 1107]

VM Operations (20 events):
Event: 7.811 Executing VM operation: ParallelGCFailedAllocation
Event: 7.815 Executing VM operation: ParallelGCFailedAllocation done
Event: 7.838 Executing VM operation: ParallelGCFailedAllocation
Event: 7.841 Executing VM operation: ParallelGCFailedAllocation done
Event: 7.862 Executing VM operation: ParallelGCFailedAllocation
Event: 7.866 Executing VM operation: ParallelGCFailedAllocation done
Event: 7.880 Executing VM operation: ParallelGCFailedAllocation
Event: 7.883 Executing VM operation: ParallelGCFailedAllocation done
Event: 7.900 Executing VM operation: ParallelGCFailedAllocation
Event: 7.905 Executing VM operation: ParallelGCFailedAllocation done
Event: 7.916 Executing VM operation: ParallelGCFailedAllocation
Event: 7.921 Executing VM operation: ParallelGCFailedAllocation done
Event: 7.929 Executing VM operation: ParallelGCFailedAllocation
Event: 7.933 Executing VM operation: ParallelGCFailedAllocation done
Event: 7.941 Executing VM operation: ParallelGCFailedAllocation
Event: 7.944 Executing VM operation: ParallelGCFailedAllocation done
Event: 8.944 Executing VM operation: Cleanup
Event: 8.945 Executing VM operation: Cleanup done
Event: 9.557 Executing VM operation: HandshakeAllThreads
Event: 9.557 Executing VM operation: HandshakeAllThreads done

Events (20 events):
Event: 9.524 Thread 0x00000269b5f6b440 Thread added: 0x00000269b5f6b440
Event: 9.527 loading class java/lang/Throwable$PrintStreamOrWriter
Event: 9.527 loading class java/lang/Throwable$PrintStreamOrWriter done
Event: 9.556 loading class java/util/AbstractList$RandomAccessSubList
Event: 9.556 loading class java/util/AbstractList$SubList
Event: 9.556 loading class java/util/AbstractList$SubList done
Event: 9.556 loading class java/util/AbstractList$RandomAccessSubList done
Event: 9.556 loading class java/util/AbstractList$SubList$1
Event: 9.556 loading class java/util/AbstractList$SubList$1 done
Event: 9.556 Thread 0x00000269b359f5b0 Thread exited: 0x00000269b359f5b0
Event: 9.558 loading class java/lang/Throwable$WrappedPrintWriter
Event: 9.558 loading class java/lang/Throwable$WrappedPrintWriter done
Event: 9.559 loading class java/text/DontCareFieldPosition
Event: 9.559 loading class java/text/DontCareFieldPosition done
Event: 9.559 loading class java/text/DontCareFieldPosition$1
Event: 9.559 loading class java/text/Format$FieldDelegate
Event: 9.559 loading class java/text/Format$FieldDelegate done
Event: 9.559 loading class java/text/DontCareFieldPosition$1 done
Event: 9.559 loading class java/text/NumberFormat$Field
Event: 9.560 loading class java/text/NumberFormat$Field done


Dynamic libraries:
0x00007ff7837f0000 - 0x00007ff7837fe000 	c:\Users\Sayan Ghosh\.vscode\extensions\redhat.java-1.28.1-win32-x64\jre\17.0.10-win32-x86_64\bin\java.exe
0x00007ff8ba230000 - 0x00007ff8ba447000 	C:\WINDOWS\SYSTEM32\ntdll.dll
0x00007ff8b81f0000 - 0x00007ff8b82b4000 	C:\WINDOWS\System32\KERNEL32.DLL
0x00007ff8b79e0000 - 0x00007ff8b7d86000 	C:\WINDOWS\System32\KERNELBASE.dll
0x00007ff8b7570000 - 0x00007ff8b7681000 	C:\WINDOWS\System32\ucrtbase.dll
0x00007ff8b16e0000 - 0x00007ff8b16fb000 	c:\Users\Sayan Ghosh\.vscode\extensions\redhat.java-1.28.1-win32-x64\jre\17.0.10-win32-x86_64\bin\VCRUNTIME140.dll
0x00007ff8afec0000 - 0x00007ff8afed7000 	c:\Users\Sayan Ghosh\.vscode\extensions\redhat.java-1.28.1-win32-x64\jre\17.0.10-win32-x86_64\bin\jli.dll
0x00007ff8b85a0000 - 0x00007ff8b874e000 	C:\WINDOWS\System32\USER32.dll
0x00007ff89cfd0000 - 0x00007ff89d263000 	C:\WINDOWS\WinSxS\amd64_microsoft.windows.common-controls_6595b64144ccf1df_6.0.22621.2506_none_270c5ae97388e100\COMCTL32.dll
0x00007ff8b7700000 - 0x00007ff8b7726000 	C:\WINDOWS\System32\win32u.dll
0x00007ff8b8f20000 - 0x00007ff8b8fc7000 	C:\WINDOWS\System32\msvcrt.dll
0x00007ff8b99b0000 - 0x00007ff8b99d9000 	C:\WINDOWS\System32\GDI32.dll
0x00007ff8b7730000 - 0x00007ff8b7848000 	C:\WINDOWS\System32\gdi32full.dll
0x00007ff8b7940000 - 0x00007ff8b79da000 	C:\WINDOWS\System32\msvcp_win.dll
0x00007ff8b84e0000 - 0x00007ff8b8511000 	C:\WINDOWS\System32\IMM32.DLL
0x00007ff8ad6c0000 - 0x00007ff8ad6cc000 	c:\Users\Sayan Ghosh\.vscode\extensions\redhat.java-1.28.1-win32-x64\jre\17.0.10-win32-x86_64\bin\vcruntime140_1.dll
0x00007ff87c690000 - 0x00007ff87c71d000 	c:\Users\Sayan Ghosh\.vscode\extensions\redhat.java-1.28.1-win32-x64\jre\17.0.10-win32-x86_64\bin\msvcp140.dll
0x00007ff877be0000 - 0x00007ff878842000 	c:\Users\Sayan Ghosh\.vscode\extensions\redhat.java-1.28.1-win32-x64\jre\17.0.10-win32-x86_64\bin\server\jvm.dll
0x00007ff8b99e0000 - 0x00007ff8b9a93000 	C:\WINDOWS\System32\ADVAPI32.dll
0x00007ff8b82c0000 - 0x00007ff8b8368000 	C:\WINDOWS\System32\sechost.dll
0x00007ff8b7910000 - 0x00007ff8b7938000 	C:\WINDOWS\System32\bcrypt.dll
0x00007ff8b9030000 - 0x00007ff8b9147000 	C:\WINDOWS\System32\RPCRT4.dll
0x00007ff88d340000 - 0x00007ff88d349000 	C:\WINDOWS\SYSTEM32\WSOCK32.dll
0x00007ff8b7f80000 - 0x00007ff8b7ff1000 	C:\WINDOWS\System32\WS2_32.dll
0x00007ff8afda0000 - 0x00007ff8afdd4000 	C:\WINDOWS\SYSTEM32\WINMM.dll
0x00007ff8b63c0000 - 0x00007ff8b640d000 	C:\WINDOWS\SYSTEM32\POWRPROF.dll
0x00007ff8ae890000 - 0x00007ff8ae89a000 	C:\WINDOWS\SYSTEM32\VERSION.dll
0x00007ff8b63a0000 - 0x00007ff8b63b3000 	C:\WINDOWS\SYSTEM32\UMPDC.dll
0x00007ff8b6600000 - 0x00007ff8b6618000 	C:\WINDOWS\SYSTEM32\kernel.appcore.dll
0x00007ff8ad6b0000 - 0x00007ff8ad6ba000 	c:\Users\Sayan Ghosh\.vscode\extensions\redhat.java-1.28.1-win32-x64\jre\17.0.10-win32-x86_64\bin\jimage.dll
0x00007ff8a81c0000 - 0x00007ff8a83f3000 	C:\WINDOWS\SYSTEM32\DBGHELP.DLL
0x00007ff8b9c80000 - 0x00007ff8ba009000 	C:\WINDOWS\System32\combase.dll
0x00007ff8ba110000 - 0x00007ff8ba1e7000 	C:\WINDOWS\System32\OLEAUT32.dll
0x00007ff8ad610000 - 0x00007ff8ad642000 	C:\WINDOWS\SYSTEM32\dbgcore.DLL
0x00007ff8b7f00000 - 0x00007ff8b7f7a000 	C:\WINDOWS\System32\bcryptPrimitives.dll
0x00007ff8ad6a0000 - 0x00007ff8ad6ae000 	c:\Users\Sayan Ghosh\.vscode\extensions\redhat.java-1.28.1-win32-x64\jre\17.0.10-win32-x86_64\bin\instrument.dll
0x00007ff89ba60000 - 0x00007ff89ba85000 	c:\Users\Sayan Ghosh\.vscode\extensions\redhat.java-1.28.1-win32-x64\jre\17.0.10-win32-x86_64\bin\java.dll
0x00007ff89f7f0000 - 0x00007ff89f808000 	c:\Users\Sayan Ghosh\.vscode\extensions\redhat.java-1.28.1-win32-x64\jre\17.0.10-win32-x86_64\bin\zip.dll
0x00007ff8b9150000 - 0x00007ff8b99ab000 	C:\WINDOWS\System32\SHELL32.dll
0x00007ff8b5490000 - 0x00007ff8b5d86000 	C:\WINDOWS\SYSTEM32\windows.storage.dll
0x00007ff8b5350000 - 0x00007ff8b548e000 	C:\WINDOWS\SYSTEM32\wintypes.dll
0x00007ff8b8dc0000 - 0x00007ff8b8eb3000 	C:\WINDOWS\System32\SHCORE.dll
0x00007ff8b9b30000 - 0x00007ff8b9b8e000 	C:\WINDOWS\System32\shlwapi.dll
0x00007ff8b74a0000 - 0x00007ff8b74c6000 	C:\WINDOWS\SYSTEM32\profapi.dll
0x00007ff890a30000 - 0x00007ff890a49000 	C:\Users\Sayan Ghosh\.vscode\extensions\redhat.java-1.28.1-win32-x64\jre\17.0.10-win32-x86_64\bin\net.dll
0x00007ff8b1f20000 - 0x00007ff8b2057000 	C:\WINDOWS\SYSTEM32\WINHTTP.dll
0x00007ff8b6ad0000 - 0x00007ff8b6b39000 	C:\WINDOWS\system32\mswsock.dll
0x00007ff88ef40000 - 0x00007ff88ef56000 	C:\Users\Sayan Ghosh\.vscode\extensions\redhat.java-1.28.1-win32-x64\jre\17.0.10-win32-x86_64\bin\nio.dll
0x00007ff8ad690000 - 0x00007ff8ad6a0000 	c:\Users\Sayan Ghosh\.vscode\extensions\redhat.java-1.28.1-win32-x64\jre\17.0.10-win32-x86_64\bin\verify.dll
0x00007ff87a3e0000 - 0x00007ff87a41e000 	C:\Users\Sayan Ghosh\AppData\Roaming\Code\User\globalStorage\redhat.java\1.28.1\config_win\org.eclipse.equinox.launcher\org.eclipse.equinox.launcher.win32.win32.x86_64_1.2.900.v20240129-1338\eclipse_11900.dll
0x00007ff8b87a0000 - 0x00007ff8b8940000 	C:\WINDOWS\System32\ole32.dll
0x00007ff8b6e20000 - 0x00007ff8b6e3b000 	C:\WINDOWS\SYSTEM32\CRYPTSP.dll
0x00007ff8b65c0000 - 0x00007ff8b65f5000 	C:\WINDOWS\system32\rsaenh.dll
0x00007ff8b6b70000 - 0x00007ff8b6b9c000 	C:\WINDOWS\SYSTEM32\USERENV.dll
0x00007ff8b6e00000 - 0x00007ff8b6e0c000 	C:\WINDOWS\SYSTEM32\CRYPTBASE.dll
0x00007ff8b6060000 - 0x00007ff8b608d000 	C:\WINDOWS\SYSTEM32\IPHLPAPI.DLL
0x00007ff8b9c40000 - 0x00007ff8b9c49000 	C:\WINDOWS\System32\NSI.dll
0x00007ff8b1ed0000 - 0x00007ff8b1ee9000 	C:\WINDOWS\SYSTEM32\dhcpcsvc6.DLL
0x00007ff8b1eb0000 - 0x00007ff8b1ecf000 	C:\WINDOWS\SYSTEM32\dhcpcsvc.DLL
0x00007ff8b60d0000 - 0x00007ff8b61c9000 	C:\WINDOWS\SYSTEM32\DNSAPI.dll
0x00007ff886e00000 - 0x00007ff886e45000 	C:\Users\Sayan Ghosh\AppData\Local\Temp\jna-1011240315\jna10285360061971844878.dll
0x00007ff8b84d0000 - 0x00007ff8b84d8000 	C:\WINDOWS\System32\PSAPI.DLL
0x00007ff812100000 - 0x00007ff812127000 	C:\Users\Sayan Ghosh\.gradle\native\68d5fa5c4cc2d200863cafc0d521ce42e7d3e7ee720ec0a83991735586a16f82\windows-amd64\native-platform.dll
0x00007ff8ad650000 - 0x00007ff8ad659000 	C:\Users\Sayan Ghosh\.vscode\extensions\redhat.java-1.28.1-win32-x64\jre\17.0.10-win32-x86_64\bin\management.dll
0x00007ff890a20000 - 0x00007ff890a2b000 	C:\Users\Sayan Ghosh\.vscode\extensions\redhat.java-1.28.1-win32-x64\jre\17.0.10-win32-x86_64\bin\management_ext.dll
0x00007ff8907a0000 - 0x00007ff8907a9000 	C:\Users\Sayan Ghosh\.vscode\extensions\redhat.java-1.28.1-win32-x64\jre\17.0.10-win32-x86_64\bin\extnet.dll
0x00007ff88ef30000 - 0x00007ff88ef3e000 	C:\Users\Sayan Ghosh\.vscode\extensions\redhat.java-1.28.1-win32-x64\jre\17.0.10-win32-x86_64\bin\sunmscapi.dll
0x00007ff8b7d90000 - 0x00007ff8b7ef6000 	C:\WINDOWS\System32\CRYPT32.dll
0x00007ff8b6f10000 - 0x00007ff8b6f3e000 	C:\WINDOWS\SYSTEM32\ncrypt.dll
0x00007ff8b6ed0000 - 0x00007ff8b6f07000 	C:\WINDOWS\SYSTEM32\NTASN1.dll
0x00007ff8afeb0000 - 0x00007ff8afeb8000 	C:\WINDOWS\system32\wshunix.dll

dbghelp: loaded successfully - version: 4.0.5 - missing functions: none
symbol engine: initialized successfully - sym options: 0x614 - pdb path: .;c:\Users\Sayan Ghosh\.vscode\extensions\redhat.java-1.28.1-win32-x64\jre\17.0.10-win32-x86_64\bin;C:\WINDOWS\SYSTEM32;C:\WINDOWS\WinSxS\amd64_microsoft.windows.common-controls_6595b64144ccf1df_6.0.22621.2506_none_270c5ae97388e100;c:\Users\Sayan Ghosh\.vscode\extensions\redhat.java-1.28.1-win32-x64\jre\17.0.10-win32-x86_64\bin\server;C:\Users\Sayan Ghosh\AppData\Roaming\Code\User\globalStorage\redhat.java\1.28.1\config_win\org.eclipse.equinox.launcher\org.eclipse.equinox.launcher.win32.win32.x86_64_1.2.900.v20240129-1338;C:\Users\Sayan Ghosh\AppData\Local\Temp\jna-1011240315;C:\Users\Sayan Ghosh\.gradle\native\68d5fa5c4cc2d200863cafc0d521ce42e7d3e7ee720ec0a83991735586a16f82\windows-amd64

VM Arguments:
jvm_args: --add-modules=ALL-SYSTEM --add-opens=java.base/java.util=ALL-UNNAMED --add-opens=java.base/java.lang=ALL-UNNAMED --add-opens=java.base/sun.nio.fs=ALL-UNNAMED -Declipse.application=org.eclipse.jdt.ls.core.id1 -Dosgi.bundles.defaultStartLevel=4 -Declipse.product=org.eclipse.jdt.ls.core.product -Djava.import.generatesMetadataFilesAtProjectRoot=false -DDetectVMInstallationsJob.disabled=true -Dfile.encoding=utf8 -XX:+UseParallelGC -XX:GCTimeRatio=4 -XX:AdaptiveSizePolicyWeight=90 -Dsun.zip.disableMemoryMapping=true -Xmx1G -Xms100m -Xlog:disable -javaagent:c:\Users\Sayan Ghosh\.vscode\extensions\redhat.java-1.28.1-win32-x64\lombok\lombok-1.18.31.jar -XX:+HeapDumpOnOutOfMemoryError -XX:HeapDumpPath=c:\Users\Sayan Ghosh\AppData\Roaming\Code\User\workspaceStorage\0b57faa00244ea42de703f6a00a7dae7\redhat.java -Daether.dependencyCollector.impl=bf 
java_command: c:\Users\Sayan Ghosh\.vscode\extensions\redhat.java-1.28.1-win32-x64\server\plugins\org.eclipse.equinox.launcher_1.6.700.v20231214-2017.jar -configuration c:\Users\Sayan Ghosh\AppData\Roaming\Code\User\globalStorage\redhat.java\1.28.1\config_win -data c:\Users\Sayan Ghosh\AppData\Roaming\Code\User\workspaceStorage\0b57faa00244ea42de703f6a00a7dae7\redhat.java\jdt_ws --stdio
java_class_path (initial): c:\Users\Sayan Ghosh\.vscode\extensions\redhat.java-1.28.1-win32-x64\server\plugins\org.eclipse.equinox.launcher_1.6.700.v20231214-2017.jar
Launcher Type: SUN_STANDARD

[Global flags]
    uintx AdaptiveSizePolicyWeight                 = 90                                        {product} {command line}
     intx CICompilerCount                          = 12                                        {product} {ergonomic}
    uintx GCTimeRatio                              = 4                                         {product} {command line}
     bool HeapDumpOnOutOfMemoryError               = true                                   {manageable} {command line}
    ccstr HeapDumpPath                             = c:\Users\Sayan Ghosh\AppData\Roaming\Code\User\workspaceStorage\0b57faa00244ea42de703f6a00a7dae7\redhat.java         {manageable} {command line}
   size_t InitialHeapSize                          = 104857600                                 {product} {command line}
   size_t MaxHeapSize                              = 1073741824                                {product} {command line}
   size_t MaxNewSize                               = 357564416                                 {product} {ergonomic}
   size_t MinHeapDeltaBytes                        = 524288                                    {product} {ergonomic}
   size_t MinHeapSize                              = 104857600                                 {product} {command line}
   size_t NewSize                                  = 34603008                                  {product} {ergonomic}
    uintx NonNMethodCodeHeapSize                   = 7602480                                {pd product} {ergonomic}
    uintx NonProfiledCodeHeapSize                  = 122027880                              {pd product} {ergonomic}
   size_t OldSize                                  = 70254592                                  {product} {ergonomic}
    uintx ProfiledCodeHeapSize                     = 122027880                              {pd product} {ergonomic}
    uintx ReservedCodeCacheSize                    = 251658240                              {pd product} {ergonomic}
     bool SegmentedCodeCache                       = true                                      {product} {ergonomic}
   size_t SoftMaxHeapSize                          = 1073741824                             {manageable} {ergonomic}
     bool UseCompressedClassPointers               = true                           {product lp64_product} {ergonomic}
     bool UseCompressedOops                        = true                           {product lp64_product} {ergonomic}
     bool UseLargePagesIndividualAllocation        = false                                  {pd product} {ergonomic}
     bool UseParallelGC                            = true                                      {product} {command line}

Logging:
Log output configuration:
 #0: stdout all=off uptime,level,tags
 #1: stderr all=off uptime,level,tags

Environment Variables:
JAVA_HOME=C:\Users\Sayan Ghosh\AppData\Local\Programs\Eclipse Adoptium\jdk-17.0.8.7-hotspot\
PATH=C:\Python311\Scripts\;C:\Python311\;C:\WINDOWS\system32;C:\WINDOWS;C:\WINDOWS\System32\Wbem;C:\WINDOWS\System32\WindowsPowerShell\v1.0\;C:\WINDOWS\System32\OpenSSH\;C:\Program Files (x86)\NVIDIA Corporation\PhysX\Common;C:\Program Files\NVIDIA Corporation\NVIDIA NvDLISR;C:\MinGW\bin;C:\Program Files\Git\cmd;C:\Program Files\nodejs\;C:\ProgramData\chocolatey\bin;C:\Users\Sayan Ghosh\AppData\Local\Android\Sdk;C:\Users\Sayan Ghosh\AppData\Local\Android\Sdk\platform-tools;C:\Users\Sayan Ghosh\AppData\Local\Android\Sdk\emulator;C:\Users\Sayan Ghosh\AppData\Local\Android\Sdk\tools;C:\Users\Sayan Ghosh\AppData\Local\Android\Sdk\tools\bin;C:\Users\Sayan Ghosh\AppData\Local\Programs\Eclipse Adoptium\jdk-17.0.8.7-hotspot\bin;C:\Users\Sayan Ghosh\AppData\Local\Microsoft\WindowsApps;C:\Microsoft VS Code\bin;C:\Users\Sayan Ghosh\AppData\Local\GitHubDesktop\bin;C:\Users\Sayan Ghosh\AppData\Roaming\npm;C:\flutter\bin;C:\tools\dart-sdk\bin;C:\Users\Sayan Ghosh\AppData\Local\Pub\Cache\bin;C:\Users\Sayan Ghosh\AppData\Local\Android\Sdk;C:\Users\Sayan Ghosh\AppData\Local\Android\Sdk\platform-tools;C:\Users\Sayan Ghosh\AppData\Local\Android\Sdk\emulator;C:\Users\Sayan Ghosh\AppData\Local\Android\Sdk\tools;C:\Users\Sayan Ghosh\AppData\Local\Android\Sdk\tools\bin;
USERNAME=Sayan Ghosh
OS=Windows_NT
PROCESSOR_IDENTIFIER=Intel64 Family 6 Model 191 Stepping 2, GenuineIntel
TMP=C:\Users\SAYANG~1\AppData\Local\Temp
TEMP=C:\Users\SAYANG~1\AppData\Local\Temp



Periodic native trim disabled


---------------  S Y S T E M  ---------------

OS:
 Windows 11 , 64 bit Build 22621 (10.0.22621.3085)
OS uptime: 0 days 0:09 hours
Hyper-V role detected

CPU: total 16 (initial active 16) (8 cores per cpu, 2 threads per core) family 6 model 191 stepping 2 microcode 0x26, cx8, cmov, fxsr, ht, mmx, 3dnowpref, sse, sse2, sse3, ssse3, sse4.1, sse4.2, popcnt, lzcnt, tsc, tscinvbit, avx, avx2, aes, erms, clmul, bmi1, bmi2, adx, sha, fma, vzeroupper, clflush, clflushopt, clwb, hv
Processor Information for all 16 processors :
  Max Mhz: 2500, Current Mhz: 2500, Mhz Limit: 2500

Memory: 4k page, system-wide physical 16218M (1581M free)
TotalPageFile size 16218M (AvailPageFile size 421M)
current process WorkingSet (physical memory assigned to process): 665M, peak: 677M
current process commit charge ("private bytes"): 619M, peak: 631M

vm_info: OpenJDK 64-Bit Server VM (17.0.10+7) for windows-amd64 JRE (17.0.10+7), built on Jan 16 2024 23:25:11 by "admin" with MS VC++ 16.10 / 16.11 (VS2019)

END.
