#
# There is insufficient memory for the Java Runtime Environment to continue.
# Native memory allocation (malloc) failed to allocate 1029936 bytes for Chunk::new
# Possible reasons:
#   The system is out of physical RAM or swap space
#   The process is running with CompressedOops enabled, and the Java Heap may be blocking the growth of the native heap
# Possible solutions:
#   Reduce memory load on the system
#   Increase physical memory or swap space
#   Check if swap backing store is full
#   Decrease Java heap size (-Xmx/-Xms)
#   Decrease number of Java threads
#   Decrease Java thread stack sizes (-Xss)
#   Set larger code cache with -XX:ReservedCodeCacheSize=
#   JVM is running with Unscaled Compressed Oops mode in which the Java heap is
#     placed in the first 4GB address space. The Java Heap base address is the
#     maximum limit for the native heap growth. Please use -XX:HeapBaseMinAddress
#     to set the Java Heap base and to place the Java Heap above 4GB virtual address.
# This output file may be truncated or incomplete.
#
#  Out of Memory Error (arena.cpp:189), pid=7676, tid=21512
#
# JRE version: OpenJDK Runtime Environment Temurin-17.0.8+7 (17.0.8+7) (build 17.0.8+7)
# Java VM: OpenJDK 64-Bit Server VM Temurin-17.0.8+7 (17.0.8+7, mixed mode, sharing, tiered, compressed oops, compressed class ptrs, g1 gc, windows-amd64)
# No core dump will be written. Minidumps are not enabled by default on client versions of Windows
#

---------------  S U M M A R Y ------------

Command Line: -XX:MaxMetaspaceSize=512m --add-opens=java.base/java.util=ALL-UNNAMED --add-opens=java.base/java.lang=ALL-UNNAMED --add-opens=java.base/java.lang.invoke=ALL-UNNAMED --add-opens=java.prefs/java.util.prefs=ALL-UNNAMED --add-opens=java.base/java.nio.charset=ALL-UNNAMED --add-opens=java.base/java.net=ALL-UNNAMED --add-opens=java.base/java.util.concurrent.atomic=ALL-UNNAMED -Xmx2048m -Dfile.encoding=windows-1252 -Duser.country=US -Duser.language=en -Duser.variant -javaagent:C:\Users\Sayan Ghosh\.gradle\wrapper\dists\gradle-8.3-all\6en3ugtfdg5xnpx44z4qbwgas\gradle-8.3\lib\agents\gradle-instrumentation-agent-8.3.jar org.gradle.launcher.daemon.bootstrap.GradleDaemon 8.3

Host: 13th Gen Intel(R) Core(TM) i5-13400F, 16 cores, 15G,  Windows 11 , 64 bit Build 22621 (10.0.22621.3085)
Time: Wed Feb 28 21:40:25 2024 India Standard Time elapsed time: 9.385432 seconds (0d 0h 0m 9s)

---------------  T H R E A D  ---------------

Current thread (0x00000267a4c240d0):  JavaThread "C2 CompilerThread0" daemon [_thread_in_native, id=21512, stack(0x000000b16f000000,0x000000b16f100000)]


Current CompileTask:
C2:   9385 10312       4       java.util.jar.JarFile::getManifest (5 bytes)

Stack: [0x000000b16f000000,0x000000b16f100000]
Native frames: (J=compiled Java code, j=interpreted, Vv=VM code, C=native code)
V  [jvm.dll+0x678b0a]
V  [jvm.dll+0x835e84]
V  [jvm.dll+0x83762e]
V  [jvm.dll+0x837c93]
V  [jvm.dll+0x24746f]
V  [jvm.dll+0xac20c]
V  [jvm.dll+0xac7dc]
V  [jvm.dll+0x365c52]
V  [jvm.dll+0x3301a1]
V  [jvm.dll+0x32f64a]
V  [jvm.dll+0x219bf1]
V  [jvm.dll+0x219011]
V  [jvm.dll+0x1a534d]
V  [jvm.dll+0x228d8a]
V  [jvm.dll+0x226dcc]
V  [jvm.dll+0x7ec09b]
V  [jvm.dll+0x7e64ca]
V  [jvm.dll+0x677955]
C  [ucrtbase.dll+0x29363]
C  [KERNEL32.DLL+0x1257d]
C  [ntdll.dll+0x5aa58]


---------------  P R O C E S S  ---------------

Threads class SMR info:
_java_thread_list=0x00000267ca5e4d60, length=138, elements={
0x0000026786144070, 0x00000267a4bfe8d0, 0x00000267a4c00580, 0x00000267a4c1c380,
0x00000267a4c1ce50, 0x00000267a4c1fb30, 0x00000267a4c22500, 0x00000267a4c240d0,
0x00000267a4c25ae0, 0x00000267a4c30500, 0x00000267a51bdce0, 0x00000267a51f34b0,
0x00000267a5110540, 0x00000267a51f59e0, 0x00000267a5364330, 0x00000267c5c398b0,
0x00000267c6158670, 0x00000267c5d7d660, 0x00000267c5b14370, 0x00000267c5cb51d0,
0x00000267c69d94a0, 0x00000267c69db300, 0x00000267c69d8f90, 0x00000267c69d99b0,
0x00000267c69da3d0, 0x00000267c69da8e0, 0x00000267c69dadf0, 0x00000267c69d8570,
0x00000267c69d8a80, 0x00000267c69db810, 0x00000267c69d8060, 0x00000267c7b65430,
0x00000267c7b65e50, 0x00000267c7b630c0, 0x00000267c7b677a0, 0x00000267c7b61770,
0x00000267c7b635d0, 0x00000267c7b63ae0, 0x00000267c7b62190, 0x00000267c7b64500,
0x00000267c7a6fd60, 0x00000267c7b67cb0, 0x00000267c7b64a10, 0x00000267c7b64f20,
0x00000267c7b65940, 0x00000267c7b66360, 0x00000267c7b66870, 0x00000267c7b60840,
0x00000267c7b67290, 0x00000267c7b681c0, 0x00000267c7b61260, 0x00000267c7b61c80,
0x00000267c7b626a0, 0x00000267c7b62bb0, 0x00000267c65d6f10, 0x00000267c65d4ba0,
0x00000267c65d50b0, 0x00000267c65d5ad0, 0x00000267c65d5fe0, 0x00000267c65d55c0,
0x00000267c65d7930, 0x00000267c65d6a00, 0x00000267c65d7420, 0x00000267c65d7e40,
0x00000267c65d4690, 0x00000267c6061c50, 0x00000267c60644d0, 0x00000267c6060810,
0x00000267c6062160, 0x00000267c6062670, 0x00000267c6062b80, 0x00000267c6060300,
0x00000267c6060d20, 0x00000267c6061230, 0x00000267c60635a0, 0x00000267c7a70800,
0x00000267c6063fc0, 0x00000267c60649e0, 0x00000267c6065400, 0x00000267c6065910,
0x00000267c6065e20, 0x00000267c6066330, 0x00000267c6066840, 0x00000267c6066d50,
0x00000267c6061740, 0x00000267c605f8e0, 0x00000267c6067260, 0x00000267c7a712a0,
0x00000267c7a6f810, 0x00000267c605fdf0, 0x00000267c75e9350, 0x00000267c75ecb00,
0x00000267c75ec0e0, 0x00000267c75ee450, 0x00000267c75ea790, 0x00000267c75e7f10,
0x00000267c75ee960, 0x00000267c75e8930, 0x00000267c75e74f0, 0x00000267c75ea280,
0x00000267c75e7a00, 0x00000267c75e8420, 0x00000267c75e9860, 0x00000267c75e8e40,
0x00000267c75eb1b0, 0x00000267c75eaca0, 0x00000267c75eee70, 0x00000267c75ed010,
0x00000267c75ec5f0, 0x00000267c75ed520, 0x00000267c75edf40, 0x00000267c75eda30,
0x00000267c75eb6c0, 0x00000267c75ebbd0, 0x00000267c75e9d70, 0x00000267c745aa90,
0x00000267c745a580, 0x00000267c7457d00, 0x00000267c7458210, 0x00000267c745afa0,
0x00000267c74563b0, 0x00000267c745bed0, 0x00000267c7459650, 0x00000267c7459b60,
0x00000267c745c3e0, 0x00000267c74577f0, 0x00000267c745b4b0, 0x00000267c745d310,
0x00000267c745b9c0, 0x00000267c745a070, 0x00000267c745c8f0, 0x00000267c7458720,
0x00000267c745ce00, 0x00000267c7455ea0, 0x00000267c7456dd0, 0x00000267c745d820,
0x00000267c7458c30, 0x00000267c7459140
}

Java Threads: ( => current thread )
  0x0000026786144070 JavaThread "main" [_thread_blocked, id=15340, stack(0x000000b16e300000,0x000000b16e400000)]
  0x00000267a4bfe8d0 JavaThread "Reference Handler" daemon [_thread_blocked, id=5272, stack(0x000000b16ea00000,0x000000b16eb00000)]
  0x00000267a4c00580 JavaThread "Finalizer" daemon [_thread_blocked, id=8596, stack(0x000000b16eb00000,0x000000b16ec00000)]
  0x00000267a4c1c380 JavaThread "Signal Dispatcher" daemon [_thread_blocked, id=19664, stack(0x000000b16ec00000,0x000000b16ed00000)]
  0x00000267a4c1ce50 JavaThread "Attach Listener" daemon [_thread_blocked, id=9996, stack(0x000000b16ed00000,0x000000b16ee00000)]
  0x00000267a4c1fb30 JavaThread "Service Thread" daemon [_thread_blocked, id=15436, stack(0x000000b16ee00000,0x000000b16ef00000)]
  0x00000267a4c22500 JavaThread "Monitor Deflation Thread" daemon [_thread_blocked, id=21508, stack(0x000000b16ef00000,0x000000b16f000000)]
=>0x00000267a4c240d0 JavaThread "C2 CompilerThread0" daemon [_thread_in_native, id=21512, stack(0x000000b16f000000,0x000000b16f100000)]
  0x00000267a4c25ae0 JavaThread "C1 CompilerThread0" daemon [_thread_blocked, id=21516, stack(0x000000b16f100000,0x000000b16f200000)]
  0x00000267a4c30500 JavaThread "Sweeper thread" daemon [_thread_blocked, id=21520, stack(0x000000b16f200000,0x000000b16f300000)]
  0x00000267a51bdce0 JavaThread "Common-Cleaner" daemon [_thread_blocked, id=21524, stack(0x000000b16f300000,0x000000b16f400000)]
  0x00000267a51f34b0 JavaThread "C1 CompilerThread1" daemon [_thread_blocked, id=21528, stack(0x000000b16f400000,0x000000b16f500000)]
  0x00000267a5110540 JavaThread "C1 CompilerThread2" daemon [_thread_blocked, id=21532, stack(0x000000b16f500000,0x000000b16f600000)]
  0x00000267a51f59e0 JavaThread "C1 CompilerThread3" daemon [_thread_blocked, id=21536, stack(0x000000b16f600000,0x000000b16f700000)]
  0x00000267a5364330 JavaThread "Notification Thread" daemon [_thread_blocked, id=21544, stack(0x000000b16f800000,0x000000b16f900000)]
  0x00000267c5c398b0 JavaThread "Daemon health stats" [_thread_blocked, id=21592, stack(0x000000b170000000,0x000000b170100000)]
  0x00000267c6158670 JavaThread "Incoming local TCP Connector on port 51252" [_thread_in_native, id=21596, stack(0x000000b16fa00000,0x000000b16fb00000)]
  0x00000267c5d7d660 JavaThread "Daemon periodic checks" [_thread_blocked, id=21600, stack(0x000000b170100000,0x000000b170200000)]
  0x00000267c5b14370 JavaThread "Daemon" [_thread_blocked, id=21608, stack(0x000000b170200000,0x000000b170300000)]
  0x00000267c5cb51d0 JavaThread "Handler for socket connection from /127.0.0.1:51252 to /127.0.0.1:51255" [_thread_in_native, id=21612, stack(0x000000b170300000,0x000000b170400000)]
  0x00000267c69d94a0 JavaThread "Cancel handler" [_thread_blocked, id=21616, stack(0x000000b170400000,0x000000b170500000)]
  0x00000267c69db300 JavaThread "Daemon worker" [_thread_in_vm, id=21620, stack(0x000000b170500000,0x000000b170600000)]
  0x00000267c69d8f90 JavaThread "Asynchronous log dispatcher for DefaultDaemonConnection: socket connection from /127.0.0.1:51252 to /127.0.0.1:51255" [_thread_blocked, id=21632, stack(0x000000b170600000,0x000000b170700000)]
  0x00000267c69d99b0 JavaThread "Stdin handler" [_thread_blocked, id=21636, stack(0x000000b170700000,0x000000b170800000)]
  0x00000267c69da3d0 JavaThread "Daemon client event forwarder" [_thread_blocked, id=21640, stack(0x000000b170800000,0x000000b170900000)]
  0x00000267c69da8e0 JavaThread "Cache worker for journal cache (C:\Users\Sayan Ghosh\.gradle\caches\journal-1)" [_thread_blocked, id=21644, stack(0x000000b170900000,0x000000b170a00000)]
  0x00000267c69dadf0 JavaThread "File lock request listener" [_thread_in_native, id=21648, stack(0x000000b170a00000,0x000000b170b00000)]
  0x00000267c69d8570 JavaThread "Cache worker for file hash cache (C:\Users\Sayan Ghosh\.gradle\caches\8.3\fileHashes)" [_thread_blocked, id=21656, stack(0x000000b170b00000,0x000000b170c00000)]
  0x00000267c69d8a80 JavaThread "File watcher server" daemon [_thread_in_native, id=21668, stack(0x000000b170e00000,0x000000b170f00000)]
  0x00000267c69db810 JavaThread "File watcher consumer" daemon [_thread_blocked, id=21700, stack(0x000000b171600000,0x000000b171700000)]
  0x00000267c69d8060 JavaThread "Cache worker for checksums cache (F:\Programs\React Native APP\Spotify\android\.gradle\8.3\checksums)" [_thread_blocked, id=21704, stack(0x000000b171700000,0x000000b171800000)]
  0x00000267c7b65430 JavaThread "Cache worker for file hash cache (F:\Programs\React Native APP\Spotify\android\.gradle\8.3\fileHashes)" [_thread_blocked, id=21708, stack(0x000000b171800000,0x000000b171900000)]
  0x00000267c7b65e50 JavaThread "Cache worker for cache directory md-supplier (C:\Users\Sayan Ghosh\.gradle\caches\8.3\md-supplier)" [_thread_blocked, id=21712, stack(0x000000b171900000,0x000000b171a00000)]
  0x00000267c7b630c0 JavaThread "Cache worker for file content cache (C:\Users\Sayan Ghosh\.gradle\caches\8.3\fileContent)" [_thread_blocked, id=21716, stack(0x000000b171a00000,0x000000b171b00000)]
  0x00000267c7b677a0 JavaThread "Cache worker for cache directory md-rule (C:\Users\Sayan Ghosh\.gradle\caches\8.3\md-rule)" [_thread_blocked, id=21728, stack(0x000000b171d00000,0x000000b171e00000)]
  0x00000267c7b61770 JavaThread "Cache worker for execution history cache (C:\Users\Sayan Ghosh\.gradle\caches\8.3\executionHistory)" [_thread_blocked, id=21732, stack(0x000000b171e00000,0x000000b171f00000)]
  0x00000267c7b635d0 JavaThread "jar transforms" [_thread_blocked, id=21740, stack(0x000000b172000000,0x000000b172100000)]
  0x00000267c7b63ae0 JavaThread "jar transforms Thread 2" [_thread_blocked, id=21744, stack(0x000000b172100000,0x000000b172200000)]
  0x00000267c7b62190 JavaThread "jar transforms Thread 3" [_thread_blocked, id=21748, stack(0x000000b172200000,0x000000b172300000)]
  0x00000267c7b64500 JavaThread "jar transforms Thread 4" [_thread_blocked, id=21752, stack(0x000000b172300000,0x000000b172400000)]
  0x00000267c7a6fd60 JavaThread "C2 CompilerThread1" daemon [_thread_blocked, id=22076, stack(0x000000b16f700000,0x000000b16f800000)]
  0x00000267c7b67cb0 JavaThread "Cache worker for kotlin-dsl (C:\Users\Sayan Ghosh\.gradle\caches\8.3\kotlin-dsl)" [_thread_blocked, id=22080, stack(0x000000b170c00000,0x000000b170d00000)]
  0x00000267c7b64a10 JavaThread "jar transforms Thread 5" [_thread_blocked, id=22088, stack(0x000000b171f00000,0x000000b172000000)]
  0x00000267c7b64f20 JavaThread "jar transforms Thread 6" [_thread_blocked, id=22092, stack(0x000000b172400000,0x000000b172500000)]
  0x00000267c7b65940 JavaThread "Unconstrained build operations" [_thread_blocked, id=22096, stack(0x000000b172500000,0x000000b172600000)]
  0x00000267c7b66360 JavaThread "Unconstrained build operations Thread 2" [_thread_blocked, id=22100, stack(0x000000b172600000,0x000000b172700000)]
  0x00000267c7b66870 JavaThread "jar transforms Thread 7" [_thread_blocked, id=22104, stack(0x000000b172700000,0x000000b172800000)]
  0x00000267c7b60840 JavaThread "jar transforms Thread 8" [_thread_blocked, id=22108, stack(0x000000b172800000,0x000000b172900000)]
  0x00000267c7b67290 JavaThread "jar transforms Thread 9" [_thread_blocked, id=22112, stack(0x000000b172900000,0x000000b172a00000)]
  0x00000267c7b681c0 JavaThread "jar transforms Thread 10" [_thread_blocked, id=22116, stack(0x000000b172a00000,0x000000b172b00000)]
  0x00000267c7b61260 JavaThread "jar transforms Thread 11" [_thread_blocked, id=22120, stack(0x000000b172b00000,0x000000b172c00000)]
  0x00000267c7b61c80 JavaThread "jar transforms Thread 12" [_thread_blocked, id=22124, stack(0x000000b172c00000,0x000000b172d00000)]
  0x00000267c7b626a0 JavaThread "Cache worker for dependencies-accessors (F:\Programs\React Native APP\Spotify\android\.gradle\8.3\dependencies-accessors)" [_thread_blocked, id=22128, stack(0x000000b172d00000,0x000000b172e00000)]
  0x00000267c7b62bb0 JavaThread "Cache worker for Build Output Cleanup Cache (F:\Programs\React Native APP\Spotify\node_modules\@react-native\gradle-plugin\.gradle\buildOutputCleanup)" [_thread_blocked, id=22132, stack(0x000000b172e00000,0x000000b172f00000)]
  0x00000267c65d6f10 JavaThread "jar transforms Thread 13" [_thread_blocked, id=22136, stack(0x000000b172f00000,0x000000b173000000)]
  0x00000267c65d4ba0 JavaThread "jar transforms Thread 14" [_thread_blocked, id=22140, stack(0x000000b173000000,0x000000b173100000)]
  0x00000267c65d50b0 JavaThread "Unconstrained build operations Thread 3" [_thread_blocked, id=22144, stack(0x000000b173100000,0x000000b173200000)]
  0x00000267c65d5ad0 JavaThread "Unconstrained build operations Thread 4" [_thread_blocked, id=22148, stack(0x000000b173200000,0x000000b173300000)]
  0x00000267c65d5fe0 JavaThread "Unconstrained build operations Thread 5" [_thread_blocked, id=22152, stack(0x000000b173300000,0x000000b173400000)]
  0x00000267c65d55c0 JavaThread "Unconstrained build operations Thread 6" [_thread_blocked, id=22156, stack(0x000000b173400000,0x000000b173500000)]
  0x00000267c65d7930 JavaThread "Unconstrained build operations Thread 7" [_thread_blocked, id=22160, stack(0x000000b173500000,0x000000b173600000)]
  0x00000267c65d6a00 JavaThread "Unconstrained build operations Thread 8" [_thread_blocked, id=22164, stack(0x000000b173600000,0x000000b173700000)]
  0x00000267c65d7420 JavaThread "Unconstrained build operations Thread 9" [_thread_blocked, id=22168, stack(0x000000b173700000,0x000000b173800000)]
  0x00000267c65d7e40 JavaThread "Unconstrained build operations Thread 10" [_thread_blocked, id=22172, stack(0x000000b173800000,0x000000b173900000)]
  0x00000267c65d4690 JavaThread "Unconstrained build operations Thread 11" [_thread_blocked, id=22176, stack(0x000000b173900000,0x000000b173a00000)]
  0x00000267c6061c50 JavaThread "Unconstrained build operations Thread 12" [_thread_blocked, id=22180, stack(0x000000b173a00000,0x000000b173b00000)]
  0x00000267c60644d0 JavaThread "Unconstrained build operations Thread 13" [_thread_blocked, id=22184, stack(0x000000b173b00000,0x000000b173c00000)]
  0x00000267c6060810 JavaThread "Unconstrained build operations Thread 14" [_thread_blocked, id=22188, stack(0x000000b173c00000,0x000000b173d00000)]
  0x00000267c6062160 JavaThread "Unconstrained build operations Thread 15" [_thread_blocked, id=22192, stack(0x000000b173d00000,0x000000b173e00000)]
  0x00000267c6062670 JavaThread "Unconstrained build operations Thread 16" [_thread_blocked, id=22196, stack(0x000000b173e00000,0x000000b173f00000)]
  0x00000267c6062b80 JavaThread "Unconstrained build operations Thread 17" [_thread_blocked, id=22200, stack(0x000000b173f00000,0x000000b174000000)]
  0x00000267c6060300 JavaThread "jar transforms Thread 15" [_thread_blocked, id=22204, stack(0x000000b174000000,0x000000b174100000)]
  0x00000267c6060d20 JavaThread "jar transforms Thread 16" [_thread_blocked, id=22208, stack(0x000000b174100000,0x000000b174200000)]
  0x00000267c6061230 JavaThread "Memory manager" [_thread_blocked, id=22216, stack(0x000000b174200000,0x000000b174300000)]
  0x00000267c60635a0 JavaThread "Cache worker for Build Output Cleanup Cache (F:\Programs\React Native APP\Spotify\android\.gradle\buildOutputCleanup)" [_thread_blocked, id=22220, stack(0x000000b170d00000,0x000000b170e00000)]
  0x00000267c7a70800 JavaThread "C2 CompilerThread2" daemon [_thread_blocked, id=22224, stack(0x000000b174300000,0x000000b174400000)]
  0x00000267c6063fc0 JavaThread "ForkJoinPool.commonPool-worker-1" daemon [_thread_blocked, id=22228, stack(0x000000b174400000,0x000000b174500000)]
  0x00000267c60649e0 JavaThread "ForkJoinPool.commonPool-worker-2" daemon [_thread_blocked, id=22232, stack(0x000000b174500000,0x000000b174600000)]
  0x00000267c6065400 JavaThread "ForkJoinPool.commonPool-worker-3" daemon [_thread_blocked, id=22236, stack(0x000000b174600000,0x000000b174700000)]
  0x00000267c6065910 JavaThread "ForkJoinPool.commonPool-worker-4" daemon [_thread_blocked, id=22240, stack(0x000000b174700000,0x000000b174800000)]
  0x00000267c6065e20 JavaThread "ForkJoinPool.commonPool-worker-5" daemon [_thread_blocked, id=22244, stack(0x000000b174800000,0x000000b174900000)]
  0x00000267c6066330 JavaThread "ForkJoinPool.commonPool-worker-6" daemon [_thread_blocked, id=22248, stack(0x000000b174900000,0x000000b174a00000)]
  0x00000267c6066840 JavaThread "ForkJoinPool.commonPool-worker-7" daemon [_thread_blocked, id=22252, stack(0x000000b174a00000,0x000000b174b00000)]
  0x00000267c6066d50 JavaThread "ForkJoinPool.commonPool-worker-8" daemon [_thread_blocked, id=22256, stack(0x000000b174b00000,0x000000b174c00000)]
  0x00000267c6061740 JavaThread "ForkJoinPool.commonPool-worker-9" daemon [_thread_blocked, id=22260, stack(0x000000b174c00000,0x000000b174d00000)]
  0x00000267c605f8e0 JavaThread "ForkJoinPool.commonPool-worker-10" daemon [_thread_blocked, id=22264, stack(0x000000b174d00000,0x000000b174e00000)]
  0x00000267c6067260 JavaThread "ForkJoinPool.commonPool-worker-11" daemon [_thread_blocked, id=22268, stack(0x000000b174e00000,0x000000b174f00000)]
  0x00000267c7a712a0 JavaThread "C2 CompilerThread3" daemon [_thread_in_native, id=22272, stack(0x000000b174f00000,0x000000b175000000)]
  0x00000267c7a6f810 JavaThread "C2 CompilerThread4" daemon [_thread_in_native, id=22276, stack(0x000000b175000000,0x000000b175100000)]
  0x00000267c605fdf0 JavaThread "included builds" [_thread_blocked, id=22284, stack(0x000000b175200000,0x000000b175300000)]
  0x00000267c75e9350 JavaThread "Execution worker" [_thread_blocked, id=22288, stack(0x000000b175300000,0x000000b175400000)]
  0x00000267c75ecb00 JavaThread "Execution worker Thread 2" [_thread_blocked, id=22292, stack(0x000000b175400000,0x000000b175500000)]
  0x00000267c75ec0e0 JavaThread "Execution worker Thread 3" [_thread_blocked, id=22296, stack(0x000000b175500000,0x000000b175600000)]
  0x00000267c75ee450 JavaThread "Execution worker Thread 4" [_thread_blocked, id=22300, stack(0x000000b175600000,0x000000b175700000)]
  0x00000267c75ea790 JavaThread "Execution worker Thread 5" [_thread_blocked, id=22304, stack(0x000000b175700000,0x000000b175800000)]
  0x00000267c75e7f10 JavaThread "Execution worker Thread 6" [_thread_blocked, id=22308, stack(0x000000b175800000,0x000000b175900000)]
  0x00000267c75ee960 JavaThread "Execution worker Thread 7" [_thread_blocked, id=22312, stack(0x000000b175900000,0x000000b175a00000)]
  0x00000267c75e8930 JavaThread "Execution worker Thread 8" [_thread_blocked, id=22316, stack(0x000000b175a00000,0x000000b175b00000)]
  0x00000267c75e74f0 JavaThread "Execution worker Thread 9" [_thread_blocked, id=22320, stack(0x000000b175b00000,0x000000b175c00000)]
  0x00000267c75ea280 JavaThread "Execution worker Thread 10" [_thread_blocked, id=22324, stack(0x000000b175c00000,0x000000b175d00000)]
  0x00000267c75e7a00 JavaThread "Execution worker Thread 11" [_thread_blocked, id=22328, stack(0x000000b175d00000,0x000000b175e00000)]
  0x00000267c75e8420 JavaThread "Execution worker Thread 12" [_thread_blocked, id=22332, stack(0x000000b175e00000,0x000000b175f00000)]
  0x00000267c75e9860 JavaThread "Execution worker Thread 13" [_thread_blocked, id=22336, stack(0x000000b175f00000,0x000000b176000000)]
  0x00000267c75e8e40 JavaThread "Execution worker Thread 14" [_thread_blocked, id=22340, stack(0x000000b176000000,0x000000b176100000)]
  0x00000267c75eb1b0 JavaThread "Execution worker Thread 15" [_thread_blocked, id=22344, stack(0x000000b176100000,0x000000b176200000)]
  0x00000267c75eaca0 JavaThread "Cache worker for execution history cache (F:\Programs\React Native APP\Spotify\node_modules\@react-native\gradle-plugin\.gradle\8.3\executionHistory)" [_thread_blocked, id=22348, stack(0x000000b176200000,0x000000b176300000)]
  0x00000267c75eee70 JavaThread "Unconstrained build operations Thread 18" [_thread_blocked, id=22352, stack(0x000000b176300000,0x000000b176400000)]
  0x00000267c75ed010 JavaThread "Unconstrained build operations Thread 19" [_thread_blocked, id=22356, stack(0x000000b176400000,0x000000b176500000)]
  0x00000267c75ec5f0 JavaThread "Unconstrained build operations Thread 20" [_thread_blocked, id=22360, stack(0x000000b176500000,0x000000b176600000)]
  0x00000267c75ed520 JavaThread "Unconstrained build operations Thread 21" [_thread_blocked, id=22364, stack(0x000000b176600000,0x000000b176700000)]
  0x00000267c75edf40 JavaThread "Unconstrained build operations Thread 22" [_thread_blocked, id=22368, stack(0x000000b176700000,0x000000b176800000)]
  0x00000267c75eda30 JavaThread "Unconstrained build operations Thread 23" [_thread_blocked, id=22372, stack(0x000000b176800000,0x000000b176900000)]
  0x00000267c75eb6c0 JavaThread "Unconstrained build operations Thread 24" [_thread_blocked, id=22376, stack(0x000000b176900000,0x000000b176a00000)]
  0x00000267c75ebbd0 JavaThread "Unconstrained build operations Thread 25" [_thread_blocked, id=22380, stack(0x000000b176a00000,0x000000b176b00000)]
  0x00000267c75e9d70 JavaThread "Unconstrained build operations Thread 26" [_thread_blocked, id=22384, stack(0x000000b176b00000,0x000000b176c00000)]
  0x00000267c745aa90 JavaThread "Unconstrained build operations Thread 27" [_thread_blocked, id=22388, stack(0x000000b176c00000,0x000000b176d00000)]
  0x00000267c745a580 JavaThread "Unconstrained build operations Thread 28" [_thread_blocked, id=22392, stack(0x000000b176d00000,0x000000b176e00000)]
  0x00000267c7457d00 JavaThread "Unconstrained build operations Thread 29" [_thread_blocked, id=22396, stack(0x000000b176e00000,0x000000b176f00000)]
  0x00000267c7458210 JavaThread "Unconstrained build operations Thread 30" [_thread_blocked, id=22400, stack(0x000000b176f00000,0x000000b177000000)]
  0x00000267c745afa0 JavaThread "Unconstrained build operations Thread 31" [_thread_blocked, id=22404, stack(0x000000b177000000,0x000000b177100000)]
  0x00000267c74563b0 JavaThread "Unconstrained build operations Thread 32" [_thread_blocked, id=22408, stack(0x000000b177100000,0x000000b177200000)]
  0x00000267c745bed0 JavaThread "Unconstrained build operations Thread 33" [_thread_blocked, id=22412, stack(0x000000b177200000,0x000000b177300000)]
  0x00000267c7459650 JavaThread "Unconstrained build operations Thread 34" [_thread_blocked, id=22416, stack(0x000000b177300000,0x000000b177400000)]
  0x00000267c7459b60 JavaThread "Unconstrained build operations Thread 35" [_thread_blocked, id=10136, stack(0x000000b177400000,0x000000b177500000)]
  0x00000267c745c3e0 JavaThread "Unconstrained build operations Thread 36" [_thread_blocked, id=21584, stack(0x000000b177500000,0x000000b177600000)]
  0x00000267c74577f0 JavaThread "Unconstrained build operations Thread 37" [_thread_blocked, id=21580, stack(0x000000b177600000,0x000000b177700000)]
  0x00000267c745b4b0 JavaThread "Unconstrained build operations Thread 38" [_thread_blocked, id=21772, stack(0x000000b177700000,0x000000b177800000)]
  0x00000267c745d310 JavaThread "Unconstrained build operations Thread 39" [_thread_blocked, id=21776, stack(0x000000b177800000,0x000000b177900000)]
  0x00000267c745b9c0 JavaThread "Unconstrained build operations Thread 40" [_thread_blocked, id=21780, stack(0x000000b177900000,0x000000b177a00000)]
  0x00000267c745a070 JavaThread "Unconstrained build operations Thread 41" [_thread_blocked, id=21768, stack(0x000000b177a00000,0x000000b177b00000)]
  0x00000267c745c8f0 JavaThread "Unconstrained build operations Thread 42" [_thread_blocked, id=21864, stack(0x000000b177b00000,0x000000b177c00000)]
  0x00000267c7458720 JavaThread "Unconstrained build operations Thread 43" [_thread_blocked, id=21860, stack(0x000000b177c00000,0x000000b177d00000)]
  0x00000267c745ce00 JavaThread "Unconstrained build operations Thread 44" [_thread_blocked, id=21856, stack(0x000000b177d00000,0x000000b177e00000)]
  0x00000267c7455ea0 JavaThread "Unconstrained build operations Thread 45" [_thread_blocked, id=21852, stack(0x000000b177e00000,0x000000b177f00000)]
  0x00000267c7456dd0 JavaThread "Unconstrained build operations Thread 46" [_thread_blocked, id=21984, stack(0x000000b177f00000,0x000000b178000000)]
  0x00000267c745d820 JavaThread "Unconstrained build operations Thread 47" [_thread_blocked, id=21988, stack(0x000000b178000000,0x000000b178100000)]
  0x00000267c7458c30 JavaThread "Unconstrained build operations Thread 48" [_thread_blocked, id=21812, stack(0x000000b178100000,0x000000b178200000)]
  0x00000267c7459140 JavaThread "Unconstrained build operations Thread 49" [_thread_blocked, id=21888, stack(0x000000b178200000,0x000000b178300000)]

Other Threads:
  0x00000267a4bfbdf0 VMThread "VM Thread" [stack: 0x000000b16e900000,0x000000b16ea00000] [id=5880]
  0x00000267861bdf90 WatcherThread [stack: 0x000000b16f900000,0x000000b16fa00000] [id=21548]
  0x000002678619f4a0 GCTaskThread "GC Thread#0" [stack: 0x000000b16e400000,0x000000b16e500000] [id=19196]
  0x00000267a5481d70 GCTaskThread "GC Thread#1" [stack: 0x000000b16fb00000,0x000000b16fc00000] [id=21556]
  0x00000267a5480cf0 GCTaskThread "GC Thread#2" [stack: 0x000000b16fc00000,0x000000b16fd00000] [id=21560]
  0x00000267a54822f0 GCTaskThread "GC Thread#3" [stack: 0x000000b16fd00000,0x000000b16fe00000] [id=21564]
  0x00000267a54817f0 GCTaskThread "GC Thread#4" [stack: 0x000000b16fe00000,0x000000b16ff00000] [id=21568]
  0x00000267a54825b0 GCTaskThread "GC Thread#5" [stack: 0x000000b16ff00000,0x000000b170000000] [id=21572]
  0x00000267a5481530 GCTaskThread "GC Thread#6" [stack: 0x000000b170f00000,0x000000b171000000] [id=21672]
  0x00000267c8b0a300 GCTaskThread "GC Thread#7" [stack: 0x000000b171000000,0x000000b171100000] [id=21676]
  0x00000267c8b08fc0 GCTaskThread "GC Thread#8" [stack: 0x000000b171100000,0x000000b171200000] [id=21680]
  0x00000267c8b0ab40 GCTaskThread "GC Thread#9" [stack: 0x000000b171200000,0x000000b171300000] [id=21684]
  0x00000267c8b0b0c0 GCTaskThread "GC Thread#10" [stack: 0x000000b171300000,0x000000b171400000] [id=21688]
  0x00000267c8b0ae00 GCTaskThread "GC Thread#11" [stack: 0x000000b171400000,0x000000b171500000] [id=21692]
  0x00000267c8b0b380 GCTaskThread "GC Thread#12" [stack: 0x000000b171500000,0x000000b171600000] [id=21696]
  0x00000267861b1400 ConcurrentGCThread "G1 Main Marker" [stack: 0x000000b16e500000,0x000000b16e600000] [id=17628]
  0x00000267861b25b0 ConcurrentGCThread "G1 Conc#0" [stack: 0x000000b16e600000,0x000000b16e700000] [id=12760]
  0x00000267c8b09280 ConcurrentGCThread "G1 Conc#1" [stack: 0x000000b171b00000,0x000000b171c00000] [id=21720]
  0x00000267c8b0a5c0 ConcurrentGCThread "G1 Conc#2" [stack: 0x000000b171c00000,0x000000b171d00000] [id=21724]
  0x00000267a4b381c0 ConcurrentGCThread "G1 Refine#0" [stack: 0x000000b16e700000,0x000000b16e800000] [id=7436]
  0x00000267a4b38bf0 ConcurrentGCThread "G1 Service" [stack: 0x000000b16e800000,0x000000b16e900000] [id=13884]

Threads with active compile tasks:
C2 CompilerThread0     9405 10312       4       java.util.jar.JarFile::getManifest (5 bytes)
C2 CompilerThread3     9405 9970       4       org.gradle.internal.instantiation.generator.AbstractClassGenerator::inspectType (560 bytes)
C2 CompilerThread4     9405 10324       4       org.objectweb.asm.MethodWriter::visitInsn (115 bytes)

VM state: not at safepoint (normal execution)

VM Mutex/Monitor currently owned by a thread: None

Heap address: 0x0000000080000000, size: 2048 MB, Compressed Oops mode: 32-bit

CDS archive(s) mapped at: [0x00000267a6000000-0x00000267a6bd0000-0x00000267a6bd0000), size 12386304, SharedBaseAddress: 0x00000267a6000000, ArchiveRelocationMode: 1.
Compressed class space mapped at: 0x00000267a7000000-0x00000267c1000000, reserved size: 436207616
Narrow klass base: 0x00000267a6000000, Narrow klass shift: 0, Narrow klass range: 0x100000000

GC Precious Log:
 CPUs: 16 total, 16 available
 Memory: 16218M
 Large Page Support: Disabled
 NUMA Support: Disabled
 Compressed Oops: Enabled (32-bit)
 Heap Region Size: 1M
 Heap Min Capacity: 8M
 Heap Initial Capacity: 254M
 Heap Max Capacity: 2G
 Pre-touch: Disabled
 Parallel Workers: 13
 Concurrent Workers: 3
 Concurrent Refinement Workers: 13
 Periodic GC: Disabled

Heap:
 garbage-first heap   total 179200K, used 89554K [0x0000000080000000, 0x0000000100000000)
  region size 1024K, 7 young (7168K), 3 survivors (3072K)
 Metaspace       used 76384K, committed 77120K, reserved 557056K
  class space    used 10618K, committed 10944K, reserved 425984K

Heap Regions: E=young(eden), S=young(survivor), O=old, HS=humongous(starts), HC=humongous(continues), CS=collection set, F=free, OA=open archive, CA=closed archive, TAMS=top-at-mark-start (previous, next)
|   0|0x0000000080000000, 0x0000000080100000, 0x0000000080100000|100%|HS|  |TAMS 0x0000000080100000, 0x0000000080000000| Complete 
|   1|0x0000000080100000, 0x0000000080200000, 0x0000000080200000|100%|HC|  |TAMS 0x0000000080200000, 0x0000000080100000| Complete 
|   2|0x0000000080200000, 0x0000000080300000, 0x0000000080300000|100%|HC|  |TAMS 0x0000000080300000, 0x0000000080200000| Complete 
|   3|0x0000000080300000, 0x0000000080400000, 0x0000000080400000|100%|HC|  |TAMS 0x0000000080400000, 0x0000000080300000| Complete 
|   4|0x0000000080400000, 0x0000000080500000, 0x0000000080500000|100%| O|  |TAMS 0x0000000080500000, 0x0000000080400000| Untracked 
|   5|0x0000000080500000, 0x0000000080600000, 0x0000000080600000|100%| O|  |TAMS 0x0000000080600000, 0x0000000080500000| Untracked 
|   6|0x0000000080600000, 0x0000000080700000, 0x0000000080700000|100%| O|  |TAMS 0x0000000080700000, 0x0000000080600000| Untracked 
|   7|0x0000000080700000, 0x0000000080800000, 0x0000000080800000|100%| O|  |TAMS 0x0000000080800000, 0x0000000080700000| Untracked 
|   8|0x0000000080800000, 0x0000000080900000, 0x0000000080900000|100%| O|  |TAMS 0x0000000080900000, 0x0000000080800000| Untracked 
|   9|0x0000000080900000, 0x0000000080a00000, 0x0000000080a00000|100%| O|  |TAMS 0x0000000080a00000, 0x0000000080900000| Untracked 
|  10|0x0000000080a00000, 0x0000000080b00000, 0x0000000080b00000|100%| O|  |TAMS 0x0000000080b00000, 0x0000000080a00000| Untracked 
|  11|0x0000000080b00000, 0x0000000080c00000, 0x0000000080c00000|100%| O|  |TAMS 0x0000000080c00000, 0x0000000080b00000| Untracked 
|  12|0x0000000080c00000, 0x0000000080d00000, 0x0000000080d00000|100%| O|  |TAMS 0x0000000080d00000, 0x0000000080c00000| Untracked 
|  13|0x0000000080d00000, 0x0000000080e00000, 0x0000000080e00000|100%| O|  |TAMS 0x0000000080e00000, 0x0000000080d00000| Untracked 
|  14|0x0000000080e00000, 0x0000000080f00000, 0x0000000080f00000|100%| O|  |TAMS 0x0000000080f00000, 0x0000000080e00000| Untracked 
|  15|0x0000000080f00000, 0x0000000081000000, 0x0000000081000000|100%| O|  |TAMS 0x0000000081000000, 0x0000000080f00000| Untracked 
|  16|0x0000000081000000, 0x0000000081100000, 0x0000000081100000|100%| O|  |TAMS 0x0000000081100000, 0x0000000081000000| Untracked 
|  17|0x0000000081100000, 0x0000000081200000, 0x0000000081200000|100%| O|  |TAMS 0x0000000081200000, 0x0000000081100000| Untracked 
|  18|0x0000000081200000, 0x0000000081300000, 0x0000000081300000|100%| O|  |TAMS 0x0000000081300000, 0x0000000081200000| Untracked 
|  19|0x0000000081300000, 0x0000000081400000, 0x0000000081400000|100%| O|  |TAMS 0x0000000081400000, 0x0000000081300000| Untracked 
|  20|0x0000000081400000, 0x0000000081500000, 0x0000000081500000|100%| O|  |TAMS 0x0000000081500000, 0x0000000081400000| Untracked 
|  21|0x0000000081500000, 0x0000000081600000, 0x0000000081600000|100%| O|  |TAMS 0x0000000081600000, 0x0000000081500000| Untracked 
|  22|0x0000000081600000, 0x0000000081700000, 0x0000000081700000|100%| O|  |TAMS 0x0000000081700000, 0x0000000081600000| Untracked 
|  23|0x0000000081700000, 0x0000000081800000, 0x0000000081800000|100%| O|  |TAMS 0x0000000081800000, 0x0000000081700000| Untracked 
|  24|0x0000000081800000, 0x0000000081900000, 0x0000000081900000|100%| O|  |TAMS 0x0000000081900000, 0x0000000081800000| Untracked 
|  25|0x0000000081900000, 0x0000000081a00000, 0x0000000081a00000|100%| O|  |TAMS 0x0000000081a00000, 0x0000000081900000| Untracked 
|  26|0x0000000081a00000, 0x0000000081b00000, 0x0000000081b00000|100%| O|  |TAMS 0x0000000081b00000, 0x0000000081a00000| Untracked 
|  27|0x0000000081b00000, 0x0000000081c00000, 0x0000000081c00000|100%| O|  |TAMS 0x0000000081c00000, 0x0000000081b00000| Untracked 
|  28|0x0000000081c00000, 0x0000000081d00000, 0x0000000081d00000|100%| O|  |TAMS 0x0000000081d00000, 0x0000000081c00000| Untracked 
|  29|0x0000000081d00000, 0x0000000081e00000, 0x0000000081e00000|100%| O|  |TAMS 0x0000000081e00000, 0x0000000081d00000| Untracked 
|  30|0x0000000081e00000, 0x0000000081f00000, 0x0000000081f00000|100%| O|  |TAMS 0x0000000081f00000, 0x0000000081e00000| Untracked 
|  31|0x0000000081f00000, 0x0000000082000000, 0x0000000082000000|100%| O|  |TAMS 0x0000000082000000, 0x0000000081f00000| Untracked 
|  32|0x0000000082000000, 0x0000000082100000, 0x0000000082100000|100%|HS|  |TAMS 0x0000000082100000, 0x0000000082000000| Complete 
|  33|0x0000000082100000, 0x0000000082200000, 0x0000000082200000|100%|HC|  |TAMS 0x0000000082200000, 0x0000000082100000| Complete 
|  34|0x0000000082200000, 0x0000000082300000, 0x0000000082300000|100%| O|  |TAMS 0x0000000082300000, 0x0000000082200000| Untracked 
|  35|0x0000000082300000, 0x0000000082400000, 0x0000000082400000|100%| O|  |TAMS 0x0000000082400000, 0x0000000082300000| Untracked 
|  36|0x0000000082400000, 0x0000000082500000, 0x0000000082500000|100%| O|  |TAMS 0x0000000082500000, 0x0000000082400000| Untracked 
|  37|0x0000000082500000, 0x0000000082600000, 0x0000000082600000|100%| O|  |TAMS 0x0000000082600000, 0x0000000082500000| Untracked 
|  38|0x0000000082600000, 0x0000000082700000, 0x0000000082700000|100%| O|  |TAMS 0x0000000082700000, 0x0000000082600000| Untracked 
|  39|0x0000000082700000, 0x0000000082800000, 0x0000000082800000|100%|HS|  |TAMS 0x0000000082800000, 0x0000000082700000| Complete 
|  40|0x0000000082800000, 0x0000000082900000, 0x0000000082900000|100%|HC|  |TAMS 0x0000000082900000, 0x0000000082800000| Complete 
|  41|0x0000000082900000, 0x0000000082a00000, 0x0000000082a00000|100%| O|  |TAMS 0x0000000082a00000, 0x0000000082900000| Untracked 
|  42|0x0000000082a00000, 0x0000000082b00000, 0x0000000082b00000|100%|HS|  |TAMS 0x0000000082b00000, 0x0000000082a00000| Complete 
|  43|0x0000000082b00000, 0x0000000082c00000, 0x0000000082c00000|100%|HC|  |TAMS 0x0000000082c00000, 0x0000000082b00000| Complete 
|  44|0x0000000082c00000, 0x0000000082d00000, 0x0000000082d00000|100%|HC|  |TAMS 0x0000000082d00000, 0x0000000082c00000| Complete 
|  45|0x0000000082d00000, 0x0000000082e00000, 0x0000000082e00000|100%|HC|  |TAMS 0x0000000082e00000, 0x0000000082d00000| Complete 
|  46|0x0000000082e00000, 0x0000000082f00000, 0x0000000082f00000|100%| O|  |TAMS 0x0000000082f00000, 0x0000000082e00000| Untracked 
|  47|0x0000000082f00000, 0x0000000083000000, 0x0000000083000000|100%| O|  |TAMS 0x0000000083000000, 0x0000000082f00000| Untracked 
|  48|0x0000000083000000, 0x0000000083100000, 0x0000000083100000|100%| O|  |TAMS 0x0000000083100000, 0x0000000083000000| Untracked 
|  49|0x0000000083100000, 0x0000000083200000, 0x0000000083200000|100%| O|  |TAMS 0x0000000083200000, 0x0000000083100000| Untracked 
|  50|0x0000000083200000, 0x0000000083300000, 0x0000000083300000|100%|HS|  |TAMS 0x0000000083300000, 0x0000000083200000| Complete 
|  51|0x0000000083300000, 0x0000000083400000, 0x0000000083400000|100%|HC|  |TAMS 0x0000000083400000, 0x0000000083300000| Complete 
|  52|0x0000000083400000, 0x0000000083500000, 0x0000000083500000|100%|HC|  |TAMS 0x0000000083500000, 0x0000000083400000| Complete 
|  53|0x0000000083500000, 0x0000000083600000, 0x0000000083600000|100%|HC|  |TAMS 0x0000000083600000, 0x0000000083500000| Complete 
|  54|0x0000000083600000, 0x0000000083700000, 0x0000000083700000|100%| O|  |TAMS 0x0000000083700000, 0x0000000083600000| Untracked 
|  55|0x0000000083700000, 0x0000000083800000, 0x0000000083800000|100%| O|  |TAMS 0x0000000083800000, 0x0000000083700000| Untracked 
|  56|0x0000000083800000, 0x0000000083900000, 0x0000000083900000|100%| O|  |TAMS 0x0000000083900000, 0x0000000083800000| Untracked 
|  57|0x0000000083900000, 0x0000000083a00000, 0x0000000083a00000|100%| O|  |TAMS 0x0000000083a00000, 0x0000000083900000| Untracked 
|  58|0x0000000083a00000, 0x0000000083b00000, 0x0000000083b00000|100%| O|  |TAMS 0x0000000083b00000, 0x0000000083a00000| Untracked 
|  59|0x0000000083b00000, 0x0000000083c00000, 0x0000000083c00000|100%| O|  |TAMS 0x0000000083c00000, 0x0000000083b00000| Untracked 
|  60|0x0000000083c00000, 0x0000000083d00000, 0x0000000083d00000|100%| O|  |TAMS 0x0000000083d00000, 0x0000000083c00000| Untracked 
|  61|0x0000000083d00000, 0x0000000083e00000, 0x0000000083e00000|100%| O|  |TAMS 0x0000000083e00000, 0x0000000083d00000| Untracked 
|  62|0x0000000083e00000, 0x0000000083f00000, 0x0000000083f00000|100%| O|  |TAMS 0x0000000083f00000, 0x0000000083e00000| Untracked 
|  63|0x0000000083f00000, 0x0000000084000000, 0x0000000084000000|100%| O|  |TAMS 0x0000000084000000, 0x0000000083f00000| Untracked 
|  64|0x0000000084000000, 0x0000000084100000, 0x0000000084100000|100%| O|  |TAMS 0x0000000084100000, 0x0000000084000000| Untracked 
|  65|0x0000000084100000, 0x0000000084200000, 0x0000000084200000|100%|HS|  |TAMS 0x0000000084200000, 0x0000000084100000| Complete 
|  66|0x0000000084200000, 0x0000000084300000, 0x0000000084300000|100%|HS|  |TAMS 0x0000000084300000, 0x0000000084200000| Complete 
|  67|0x0000000084300000, 0x0000000084400000, 0x0000000084400000|100%|HS|  |TAMS 0x0000000084400000, 0x0000000084300000| Complete 
|  68|0x0000000084400000, 0x0000000084500000, 0x0000000084500000|100%| O|  |TAMS 0x0000000084500000, 0x0000000084400000| Untracked 
|  69|0x0000000084500000, 0x0000000084500000, 0x0000000084600000|  0%| F|  |TAMS 0x0000000084500000, 0x0000000084500000| Untracked 
|  70|0x0000000084600000, 0x0000000084700000, 0x0000000084700000|100%| O|  |TAMS 0x0000000084700000, 0x0000000084600000| Untracked 
|  71|0x0000000084700000, 0x0000000084800000, 0x0000000084800000|100%|HS|  |TAMS 0x0000000084800000, 0x0000000084700000| Complete 
|  72|0x0000000084800000, 0x0000000084900000, 0x0000000084900000|100%| O|  |TAMS 0x0000000084900000, 0x0000000084800000| Untracked 
|  73|0x0000000084900000, 0x0000000084a00000, 0x0000000084a00000|100%| O|  |TAMS 0x0000000084a00000, 0x0000000084900000| Untracked 
|  74|0x0000000084a00000, 0x0000000084b00000, 0x0000000084b00000|100%| O|  |TAMS 0x0000000084b00000, 0x0000000084a00000| Untracked 
|  75|0x0000000084b00000, 0x0000000084c00000, 0x0000000084c00000|100%| O|  |TAMS 0x0000000084c00000, 0x0000000084b00000| Untracked 
|  76|0x0000000084c00000, 0x0000000084d00000, 0x0000000084d00000|100%| O|  |TAMS 0x0000000084d00000, 0x0000000084c00000| Complete 
|  77|0x0000000084d00000, 0x0000000084e00000, 0x0000000084e00000|100%| O|  |TAMS 0x0000000084e00000, 0x0000000084d00000| Untracked 
|  78|0x0000000084e00000, 0x0000000084f00000, 0x0000000084f00000|100%| O|  |TAMS 0x0000000084f00000, 0x0000000084e00000| Untracked 
|  79|0x0000000084f00000, 0x0000000085000000, 0x0000000085000000|100%| O|  |TAMS 0x0000000085000000, 0x0000000084f00000| Untracked 
|  80|0x0000000085000000, 0x0000000085100000, 0x0000000085100000|100%| O|  |TAMS 0x0000000085100000, 0x0000000085000000| Untracked 
|  81|0x0000000085100000, 0x0000000085200000, 0x0000000085200000|100%| O|  |TAMS 0x0000000085200000, 0x0000000085100000| Untracked 
|  82|0x0000000085200000, 0x00000000852fa600, 0x0000000085300000| 97%| O|  |TAMS 0x00000000852fa600, 0x0000000085200000| Untracked 
|  83|0x0000000085300000, 0x0000000085300000, 0x0000000085400000|  0%| F|  |TAMS 0x0000000085300000, 0x0000000085300000| Untracked 
|  84|0x0000000085400000, 0x0000000085400000, 0x0000000085500000|  0%| F|  |TAMS 0x0000000085400000, 0x0000000085400000| Untracked 
|  85|0x0000000085500000, 0x0000000085500000, 0x0000000085600000|  0%| F|  |TAMS 0x0000000085500000, 0x0000000085500000| Untracked 
|  86|0x0000000085600000, 0x0000000085600000, 0x0000000085700000|  0%| F|  |TAMS 0x0000000085600000, 0x0000000085600000| Untracked 
|  87|0x0000000085700000, 0x0000000085700000, 0x0000000085800000|  0%| F|  |TAMS 0x0000000085700000, 0x0000000085700000| Untracked 
|  88|0x0000000085800000, 0x0000000085800000, 0x0000000085900000|  0%| F|  |TAMS 0x0000000085800000, 0x0000000085800000| Untracked 
|  89|0x0000000085900000, 0x0000000085900000, 0x0000000085a00000|  0%| F|  |TAMS 0x0000000085900000, 0x0000000085900000| Untracked 
|  90|0x0000000085a00000, 0x0000000085a00000, 0x0000000085b00000|  0%| F|  |TAMS 0x0000000085a00000, 0x0000000085a00000| Untracked 
|  91|0x0000000085b00000, 0x0000000085b00000, 0x0000000085c00000|  0%| F|  |TAMS 0x0000000085b00000, 0x0000000085b00000| Untracked 
|  92|0x0000000085c00000, 0x0000000085c00000, 0x0000000085d00000|  0%| F|  |TAMS 0x0000000085c00000, 0x0000000085c00000| Untracked 
|  93|0x0000000085d00000, 0x0000000085d00000, 0x0000000085e00000|  0%| F|  |TAMS 0x0000000085d00000, 0x0000000085d00000| Untracked 
|  94|0x0000000085e00000, 0x0000000085e00000, 0x0000000085f00000|  0%| F|  |TAMS 0x0000000085e00000, 0x0000000085e00000| Untracked 
|  95|0x0000000085f00000, 0x0000000085f00000, 0x0000000086000000|  0%| F|  |TAMS 0x0000000085f00000, 0x0000000085f00000| Untracked 
|  96|0x0000000086000000, 0x0000000086000000, 0x0000000086100000|  0%| F|  |TAMS 0x0000000086000000, 0x0000000086000000| Untracked 
|  97|0x0000000086100000, 0x0000000086100000, 0x0000000086200000|  0%| F|  |TAMS 0x0000000086100000, 0x0000000086100000| Untracked 
|  98|0x0000000086200000, 0x0000000086200000, 0x0000000086300000|  0%| F|  |TAMS 0x0000000086200000, 0x0000000086200000| Untracked 
|  99|0x0000000086300000, 0x0000000086300000, 0x0000000086400000|  0%| F|  |TAMS 0x0000000086300000, 0x0000000086300000| Untracked 
| 100|0x0000000086400000, 0x0000000086400000, 0x0000000086500000|  0%| F|  |TAMS 0x0000000086400000, 0x0000000086400000| Untracked 
| 101|0x0000000086500000, 0x0000000086500000, 0x0000000086600000|  0%| F|  |TAMS 0x0000000086500000, 0x0000000086500000| Untracked 
| 102|0x0000000086600000, 0x0000000086600000, 0x0000000086700000|  0%| F|  |TAMS 0x0000000086600000, 0x0000000086600000| Untracked 
| 103|0x0000000086700000, 0x0000000086700000, 0x0000000086800000|  0%| F|  |TAMS 0x0000000086700000, 0x0000000086700000| Untracked 
| 104|0x0000000086800000, 0x0000000086800000, 0x0000000086900000|  0%| F|  |TAMS 0x0000000086800000, 0x0000000086800000| Untracked 
| 105|0x0000000086900000, 0x0000000086900000, 0x0000000086a00000|  0%| F|  |TAMS 0x0000000086900000, 0x0000000086900000| Untracked 
| 106|0x0000000086a00000, 0x0000000086a00000, 0x0000000086b00000|  0%| F|  |TAMS 0x0000000086a00000, 0x0000000086a00000| Untracked 
| 107|0x0000000086b00000, 0x0000000086b00000, 0x0000000086c00000|  0%| F|  |TAMS 0x0000000086b00000, 0x0000000086b00000| Untracked 
| 108|0x0000000086c00000, 0x0000000086c00000, 0x0000000086d00000|  0%| F|  |TAMS 0x0000000086c00000, 0x0000000086c00000| Untracked 
| 109|0x0000000086d00000, 0x0000000086d00000, 0x0000000086e00000|  0%| F|  |TAMS 0x0000000086d00000, 0x0000000086d00000| Untracked 
| 110|0x0000000086e00000, 0x0000000086e00000, 0x0000000086f00000|  0%| F|  |TAMS 0x0000000086e00000, 0x0000000086e00000| Untracked 
| 111|0x0000000086f00000, 0x0000000086f00000, 0x0000000087000000|  0%| F|  |TAMS 0x0000000086f00000, 0x0000000086f00000| Untracked 
| 112|0x0000000087000000, 0x0000000087000000, 0x0000000087100000|  0%| F|  |TAMS 0x0000000087000000, 0x0000000087000000| Untracked 
| 113|0x0000000087100000, 0x0000000087100000, 0x0000000087200000|  0%| F|  |TAMS 0x0000000087100000, 0x0000000087100000| Untracked 
| 114|0x0000000087200000, 0x0000000087200000, 0x0000000087300000|  0%| F|  |TAMS 0x0000000087200000, 0x0000000087200000| Untracked 
| 115|0x0000000087300000, 0x0000000087300000, 0x0000000087400000|  0%| F|  |TAMS 0x0000000087300000, 0x0000000087300000| Untracked 
| 116|0x0000000087400000, 0x0000000087400000, 0x0000000087500000|  0%| F|  |TAMS 0x0000000087400000, 0x0000000087400000| Untracked 
| 117|0x0000000087500000, 0x0000000087500000, 0x0000000087600000|  0%| F|  |TAMS 0x0000000087500000, 0x0000000087500000| Untracked 
| 118|0x0000000087600000, 0x0000000087600000, 0x0000000087700000|  0%| F|  |TAMS 0x0000000087600000, 0x0000000087600000| Untracked 
| 119|0x0000000087700000, 0x0000000087700000, 0x0000000087800000|  0%| F|  |TAMS 0x0000000087700000, 0x0000000087700000| Untracked 
| 120|0x0000000087800000, 0x0000000087800000, 0x0000000087900000|  0%| F|  |TAMS 0x0000000087800000, 0x0000000087800000| Untracked 
| 121|0x0000000087900000, 0x0000000087900000, 0x0000000087a00000|  0%| F|  |TAMS 0x0000000087900000, 0x0000000087900000| Untracked 
| 122|0x0000000087a00000, 0x0000000087a00000, 0x0000000087b00000|  0%| F|  |TAMS 0x0000000087a00000, 0x0000000087a00000| Untracked 
| 123|0x0000000087b00000, 0x0000000087b00000, 0x0000000087c00000|  0%| F|  |TAMS 0x0000000087b00000, 0x0000000087b00000| Untracked 
| 124|0x0000000087c00000, 0x0000000087c00000, 0x0000000087d00000|  0%| F|  |TAMS 0x0000000087c00000, 0x0000000087c00000| Untracked 
| 125|0x0000000087d00000, 0x0000000087d00000, 0x0000000087e00000|  0%| F|  |TAMS 0x0000000087d00000, 0x0000000087d00000| Untracked 
| 126|0x0000000087e00000, 0x0000000087e00000, 0x0000000087f00000|  0%| F|  |TAMS 0x0000000087e00000, 0x0000000087e00000| Untracked 
| 127|0x0000000087f00000, 0x0000000087f00000, 0x0000000088000000|  0%| F|  |TAMS 0x0000000087f00000, 0x0000000087f00000| Untracked 
| 128|0x0000000088000000, 0x000000008807a5b8, 0x0000000088100000| 47%| S|CS|TAMS 0x0000000088000000, 0x0000000088000000| Complete 
| 129|0x0000000088100000, 0x0000000088200000, 0x0000000088200000|100%| S|CS|TAMS 0x0000000088100000, 0x0000000088100000| Complete 
| 130|0x0000000088200000, 0x0000000088300000, 0x0000000088300000|100%| S|CS|TAMS 0x0000000088200000, 0x0000000088200000| Complete 
| 131|0x0000000088300000, 0x0000000088300000, 0x0000000088400000|  0%| F|  |TAMS 0x0000000088300000, 0x0000000088300000| Untracked 
| 132|0x0000000088400000, 0x0000000088400000, 0x0000000088500000|  0%| F|  |TAMS 0x0000000088400000, 0x0000000088400000| Untracked 
| 133|0x0000000088500000, 0x0000000088500000, 0x0000000088600000|  0%| F|  |TAMS 0x0000000088500000, 0x0000000088500000| Untracked 
| 134|0x0000000088600000, 0x0000000088600000, 0x0000000088700000|  0%| F|  |TAMS 0x0000000088600000, 0x0000000088600000| Untracked 
| 135|0x0000000088700000, 0x0000000088700000, 0x0000000088800000|  0%| F|  |TAMS 0x0000000088700000, 0x0000000088700000| Untracked 
| 136|0x0000000088800000, 0x0000000088800000, 0x0000000088900000|  0%| F|  |TAMS 0x0000000088800000, 0x0000000088800000| Untracked 
| 137|0x0000000088900000, 0x0000000088900000, 0x0000000088a00000|  0%| F|  |TAMS 0x0000000088900000, 0x0000000088900000| Untracked 
| 138|0x0000000088a00000, 0x0000000088a00000, 0x0000000088b00000|  0%| F|  |TAMS 0x0000000088a00000, 0x0000000088a00000| Untracked 
| 139|0x0000000088b00000, 0x0000000088b00000, 0x0000000088c00000|  0%| F|  |TAMS 0x0000000088b00000, 0x0000000088b00000| Untracked 
| 140|0x0000000088c00000, 0x0000000088c00000, 0x0000000088d00000|  0%| F|  |TAMS 0x0000000088c00000, 0x0000000088c00000| Untracked 
| 141|0x0000000088d00000, 0x0000000088d00000, 0x0000000088e00000|  0%| F|  |TAMS 0x0000000088d00000, 0x0000000088d00000| Untracked 
| 142|0x0000000088e00000, 0x0000000088e00000, 0x0000000088f00000|  0%| F|  |TAMS 0x0000000088e00000, 0x0000000088e00000| Untracked 
| 143|0x0000000088f00000, 0x0000000088f00000, 0x0000000089000000|  0%| F|  |TAMS 0x0000000088f00000, 0x0000000088f00000| Untracked 
| 144|0x0000000089000000, 0x0000000089000000, 0x0000000089100000|  0%| F|  |TAMS 0x0000000089000000, 0x0000000089000000| Untracked 
| 145|0x0000000089100000, 0x0000000089100000, 0x0000000089200000|  0%| F|  |TAMS 0x0000000089100000, 0x0000000089100000| Untracked 
| 146|0x0000000089200000, 0x0000000089200000, 0x0000000089300000|  0%| F|  |TAMS 0x0000000089200000, 0x0000000089200000| Untracked 
| 147|0x0000000089300000, 0x0000000089300000, 0x0000000089400000|  0%| F|  |TAMS 0x0000000089300000, 0x0000000089300000| Untracked 
| 148|0x0000000089400000, 0x0000000089400000, 0x0000000089500000|  0%| F|  |TAMS 0x0000000089400000, 0x0000000089400000| Untracked 
| 149|0x0000000089500000, 0x0000000089500000, 0x0000000089600000|  0%| F|  |TAMS 0x0000000089500000, 0x0000000089500000| Untracked 
| 150|0x0000000089600000, 0x0000000089600000, 0x0000000089700000|  0%| F|  |TAMS 0x0000000089600000, 0x0000000089600000| Untracked 
| 151|0x0000000089700000, 0x0000000089700000, 0x0000000089800000|  0%| F|  |TAMS 0x0000000089700000, 0x0000000089700000| Untracked 
| 152|0x0000000089800000, 0x0000000089800000, 0x0000000089900000|  0%| F|  |TAMS 0x0000000089800000, 0x0000000089800000| Untracked 
| 153|0x0000000089900000, 0x0000000089900000, 0x0000000089a00000|  0%| F|  |TAMS 0x0000000089900000, 0x0000000089900000| Untracked 
| 154|0x0000000089a00000, 0x0000000089a00000, 0x0000000089b00000|  0%| F|  |TAMS 0x0000000089a00000, 0x0000000089a00000| Untracked 
| 155|0x0000000089b00000, 0x0000000089b00000, 0x0000000089c00000|  0%| F|  |TAMS 0x0000000089b00000, 0x0000000089b00000| Untracked 
| 156|0x0000000089c00000, 0x0000000089c00000, 0x0000000089d00000|  0%| F|  |TAMS 0x0000000089c00000, 0x0000000089c00000| Untracked 
| 157|0x0000000089d00000, 0x0000000089d00000, 0x0000000089e00000|  0%| F|  |TAMS 0x0000000089d00000, 0x0000000089d00000| Untracked 
| 158|0x0000000089e00000, 0x0000000089e00000, 0x0000000089f00000|  0%| F|  |TAMS 0x0000000089e00000, 0x0000000089e00000| Untracked 
| 159|0x0000000089f00000, 0x0000000089f00000, 0x000000008a000000|  0%| F|  |TAMS 0x0000000089f00000, 0x0000000089f00000| Untracked 
| 160|0x000000008a000000, 0x000000008a000000, 0x000000008a100000|  0%| F|  |TAMS 0x000000008a000000, 0x000000008a000000| Untracked 
| 161|0x000000008a100000, 0x000000008a100000, 0x000000008a200000|  0%| F|  |TAMS 0x000000008a100000, 0x000000008a100000| Untracked 
| 162|0x000000008a200000, 0x000000008a200000, 0x000000008a300000|  0%| F|  |TAMS 0x000000008a200000, 0x000000008a200000| Untracked 
| 163|0x000000008a300000, 0x000000008a300000, 0x000000008a400000|  0%| F|  |TAMS 0x000000008a300000, 0x000000008a300000| Untracked 
| 164|0x000000008a400000, 0x000000008a400000, 0x000000008a500000|  0%| F|  |TAMS 0x000000008a400000, 0x000000008a400000| Untracked 
| 165|0x000000008a500000, 0x000000008a500000, 0x000000008a600000|  0%| F|  |TAMS 0x000000008a500000, 0x000000008a500000| Untracked 
| 166|0x000000008a600000, 0x000000008a600000, 0x000000008a700000|  0%| F|  |TAMS 0x000000008a600000, 0x000000008a600000| Untracked 
| 167|0x000000008a700000, 0x000000008a700000, 0x000000008a800000|  0%| F|  |TAMS 0x000000008a700000, 0x000000008a700000| Untracked 
| 168|0x000000008a800000, 0x000000008a800000, 0x000000008a900000|  0%| F|  |TAMS 0x000000008a800000, 0x000000008a800000| Untracked 
| 169|0x000000008a900000, 0x000000008a900000, 0x000000008aa00000|  0%| F|  |TAMS 0x000000008a900000, 0x000000008a900000| Untracked 
| 170|0x000000008aa00000, 0x000000008aa00000, 0x000000008ab00000|  0%| F|  |TAMS 0x000000008aa00000, 0x000000008aa00000| Untracked 
| 171|0x000000008ab00000, 0x000000008ac00000, 0x000000008ac00000|100%| E|  |TAMS 0x000000008ab00000, 0x000000008ab00000| Complete 
| 232|0x000000008e800000, 0x000000008e900000, 0x000000008e900000|100%| E|CS|TAMS 0x000000008e800000, 0x000000008e800000| Complete 
| 233|0x000000008e900000, 0x000000008ea00000, 0x000000008ea00000|100%| E|CS|TAMS 0x000000008e900000, 0x000000008e900000| Complete 
| 253|0x000000008fd00000, 0x000000008fe00000, 0x000000008fe00000|100%| E|CS|TAMS 0x000000008fd00000, 0x000000008fd00000| Complete 

Card table byte_map: [0x000002679d8c0000,0x000002679dcc0000] _byte_map_base: 0x000002679d4c0000

Marking Bits (Prev, Next): (CMBitMap*) 0x000002678619fb00, (CMBitMap*) 0x000002678619fac0
 Prev Bits: [0x00000267a00c0000, 0x00000267a20c0000)
 Next Bits: [0x000002679e0c0000, 0x00000267a00c0000)

Polling page: 0x00000267840b0000

Metaspace:

Usage:
  Non-class:     64.27 MB used.
      Class:     10.37 MB used.
       Both:     74.64 MB used.

Virtual space:
  Non-class space:      128.00 MB reserved,      64.62 MB ( 50%) committed,  2 nodes.
      Class space:      416.00 MB reserved,      10.69 MB (  3%) committed,  1 nodes.
             Both:      544.00 MB reserved,      75.31 MB ( 14%) committed. 

Chunk freelists:
   Non-Class:  15.06 MB
       Class:  5.20 MB
        Both:  20.26 MB

MaxMetaspaceSize: 512.00 MB
CompressedClassSpaceSize: 416.00 MB
Initial GC threshold: 21.00 MB
Current GC threshold: 125.31 MB
CDS: on
MetaspaceReclaimPolicy: balanced
 - commit_granule_bytes: 65536.
 - commit_granule_words: 8192.
 - virtual_space_node_default_size: 8388608.
 - enlarge_chunks_in_place: 1.
 - new_chunks_are_fully_committed: 0.
 - uncommit_free_chunks: 1.
 - use_allocation_guard: 0.
 - handle_deallocations: 1.


Internal statistics:

num_allocs_failed_limit: 6.
num_arena_births: 886.
num_arena_deaths: 0.
num_vsnodes_births: 3.
num_vsnodes_deaths: 0.
num_space_committed: 1205.
num_space_uncommitted: 0.
num_chunks_returned_to_freelist: 6.
num_chunks_taken_from_freelist: 3980.
num_chunk_merges: 6.
num_chunk_splits: 2653.
num_chunks_enlarged: 1804.
num_inconsistent_stats: 0.

CodeHeap 'non-profiled nmethods': size=119168Kb used=5107Kb max_used=5107Kb free=114060Kb
 bounds [0x00000267957c0000, 0x0000026795cc0000, 0x000002679cc20000]
CodeHeap 'profiled nmethods': size=119104Kb used=17291Kb max_used=17291Kb free=101812Kb
 bounds [0x000002678dc20000, 0x000002678ed10000, 0x0000026795070000]
CodeHeap 'non-nmethods': size=7488Kb used=4073Kb max_used=4141Kb free=3414Kb
 bounds [0x0000026795070000, 0x0000026795490000, 0x00000267957c0000]
 total_blobs=9847 nmethods=8936 adapters=820
 compilation: enabled
              stopped_count=0, restarted_count=0
 full_count=0

Compilation events (20 events):
Event: 9.353 Thread 0x00000267c7a6fd60 10311   !   4       java.util.jar.JarFile::getManifestFromReference (197 bytes)
Event: 9.355 Thread 0x00000267a4c240d0 10312       4       java.util.jar.JarFile::getManifest (5 bytes)
Event: 9.357 Thread 0x00000267c7a70800 10313       4       java.util.AbstractQueue::add (20 bytes)
Event: 9.358 Thread 0x00000267c7a70800 nmethod 10313 0x0000026795cb6e10 code [0x0000026795cb6f80, 0x0000026795cb7038]
Event: 9.358 Thread 0x00000267c7a70800 10314       4       java.util.concurrent.ConcurrentHashMap$BaseIterator::hasNext (13 bytes)
Event: 9.358 Thread 0x00000267c7a70800 nmethod 10314 0x0000026795cb7110 code [0x0000026795cb7280, 0x0000026795cb7318]
Event: 9.363 Thread 0x00000267a51f34b0 10315   !   3       jdk.internal.loader.URLClassPath::check (125 bytes)
Event: 9.363 Thread 0x00000267a51f34b0 nmethod 10315 0x000002678ecff590 code [0x000002678ecff840, 0x000002678ed00868]
Event: 9.365 Thread 0x00000267a51f34b0 10316       3       groovy.lang.MetaClassImpl::canAccessLegally (23 bytes)
Event: 9.365 Thread 0x00000267a51f34b0 nmethod 10316 0x000002678ed00d10 code [0x000002678ed00ee0, 0x000002678ed01308]
Event: 9.365 Thread 0x00000267a51f34b0 10317       1       java.text.ParsePosition::getIndex (5 bytes)
Event: 9.365 Thread 0x00000267a5110540 10318       1       java.util.stream.FindOps$FindOp::getOpFlags (5 bytes)
Event: 9.365 Thread 0x00000267a51f34b0 nmethod 10317 0x0000026795cb7410 code [0x0000026795cb75a0, 0x0000026795cb7678]
Event: 9.365 Thread 0x00000267a5110540 nmethod 10318 0x0000026795cb7710 code [0x0000026795cb78a0, 0x0000026795cb7978]
Event: 9.366 Thread 0x00000267a5110540 10319       1       org.gradle.api.internal.project.DefaultProject::getServices (5 bytes)
Event: 9.366 Thread 0x00000267a5110540 nmethod 10319 0x0000026795cb7a10 code [0x0000026795cb7ba0, 0x0000026795cb7c78]
Event: 9.371 Thread 0x00000267a51f59e0 10320       3       java.lang.reflect.ProxyGenerator::addProxyMethod (190 bytes)
Event: 9.372 Thread 0x00000267a5110540 10321       3       java.lang.reflect.ProxyGenerator$ProxyMethod::codeWrapArgument (148 bytes)
Event: 9.372 Thread 0x00000267a5110540 nmethod 10321 0x000002678ed01490 code [0x000002678ed01700, 0x000002678ed02378]
Event: 9.373 Thread 0x00000267a51f59e0 nmethod 10320 0x000002678ed02690 code [0x000002678ed02a20, 0x000002678ed04308]

GC Heap History (20 events):
Event: 7.576 GC heap before
{Heap before GC invocations=28 (full 0):
 garbage-first heap   total 125952K, used 100023K [0x0000000080000000, 0x0000000100000000)
  region size 1024K, 42 young (43008K), 5 survivors (5120K)
 Metaspace       used 63133K, committed 63808K, reserved 491520K
  class space    used 8908K, committed 9216K, reserved 425984K
}
Event: 7.580 GC heap after
{Heap after GC invocations=29 (full 0):
 garbage-first heap   total 125952K, used 65427K [0x0000000080000000, 0x0000000100000000)
  region size 1024K, 6 young (6144K), 6 survivors (6144K)
 Metaspace       used 63133K, committed 63808K, reserved 491520K
  class space    used 8908K, committed 9216K, reserved 425984K
}
Event: 8.137 GC heap before
{Heap before GC invocations=29 (full 0):
 garbage-first heap   total 125952K, used 101267K [0x0000000080000000, 0x0000000100000000)
  region size 1024K, 41 young (41984K), 6 survivors (6144K)
 Metaspace       used 65723K, committed 66432K, reserved 491520K
  class space    used 9305K, committed 9600K, reserved 425984K
}
Event: 8.141 GC heap after
{Heap after GC invocations=30 (full 0):
 garbage-first heap   total 125952K, used 67715K [0x0000000080000000, 0x0000000100000000)
  region size 1024K, 6 young (6144K), 6 survivors (6144K)
 Metaspace       used 65723K, committed 66432K, reserved 491520K
  class space    used 9305K, committed 9600K, reserved 425984K
}
Event: 8.367 GC heap before
{Heap before GC invocations=31 (full 0):
 garbage-first heap   total 125952K, used 78979K [0x0000000080000000, 0x0000000100000000)
  region size 1024K, 19 young (19456K), 6 survivors (6144K)
 Metaspace       used 66274K, committed 66944K, reserved 491520K
  class space    used 9370K, committed 9664K, reserved 425984K
}
Event: 8.369 GC heap after
{Heap after GC invocations=32 (full 0):
 garbage-first heap   total 125952K, used 68473K [0x0000000080000000, 0x0000000100000000)
  region size 1024K, 4 young (4096K), 4 survivors (4096K)
 Metaspace       used 66274K, committed 66944K, reserved 491520K
  class space    used 9370K, committed 9664K, reserved 425984K
}
Event: 8.407 GC heap before
{Heap before GC invocations=33 (full 0):
 garbage-first heap   total 128000K, used 75641K [0x0000000080000000, 0x0000000100000000)
  region size 1024K, 10 young (10240K), 4 survivors (4096K)
 Metaspace       used 66276K, committed 66944K, reserved 491520K
  class space    used 9370K, committed 9664K, reserved 425984K
}
Event: 8.409 GC heap after
{Heap after GC invocations=34 (full 0):
 garbage-first heap   total 128000K, used 76362K [0x0000000080000000, 0x0000000100000000)
  region size 1024K, 5 young (5120K), 5 survivors (5120K)
 Metaspace       used 66276K, committed 66944K, reserved 491520K
  class space    used 9370K, committed 9664K, reserved 425984K
}
Event: 8.506 GC heap before
{Heap before GC invocations=35 (full 0):
 garbage-first heap   total 138240K, used 95818K [0x0000000080000000, 0x0000000100000000)
  region size 1024K, 23 young (23552K), 5 survivors (5120K)
 Metaspace       used 67335K, committed 68032K, reserved 491520K
  class space    used 9506K, committed 9856K, reserved 425984K
}
Event: 8.508 GC heap after
{Heap after GC invocations=36 (full 0):
 garbage-first heap   total 138240K, used 80028K [0x0000000080000000, 0x0000000100000000)
  region size 1024K, 3 young (3072K), 3 survivors (3072K)
 Metaspace       used 67335K, committed 68032K, reserved 491520K
  class space    used 9506K, committed 9856K, reserved 425984K
}
Event: 8.522 GC heap before
{Heap before GC invocations=36 (full 0):
 garbage-first heap   total 138240K, used 83100K [0x0000000080000000, 0x0000000100000000)
  region size 1024K, 6 young (6144K), 3 survivors (3072K)
 Metaspace       used 67597K, committed 68288K, reserved 491520K
  class space    used 9535K, committed 9856K, reserved 425984K
}
Event: 8.523 GC heap after
{Heap after GC invocations=37 (full 0):
 garbage-first heap   total 138240K, used 79929K [0x0000000080000000, 0x0000000100000000)
  region size 1024K, 1 young (1024K), 1 survivors (1024K)
 Metaspace       used 67597K, committed 68288K, reserved 491520K
  class space    used 9535K, committed 9856K, reserved 425984K
}
Event: 8.671 GC heap before
{Heap before GC invocations=37 (full 0):
 garbage-first heap   total 138240K, used 101433K [0x0000000080000000, 0x0000000100000000)
  region size 1024K, 23 young (23552K), 1 survivors (1024K)
 Metaspace       used 69591K, committed 70272K, reserved 491520K
  class space    used 9744K, committed 10048K, reserved 425984K
}
Event: 8.672 GC heap after
{Heap after GC invocations=38 (full 0):
 garbage-first heap   total 179200K, used 80472K [0x0000000080000000, 0x0000000100000000)
  region size 1024K, 1 young (1024K), 1 survivors (1024K)
 Metaspace       used 69591K, committed 70272K, reserved 491520K
  class space    used 9744K, committed 10048K, reserved 425984K
}
Event: 9.002 GC heap before
{Heap before GC invocations=39 (full 0):
 garbage-first heap   total 179200K, used 130648K [0x0000000080000000, 0x0000000100000000)
  region size 1024K, 44 young (45056K), 1 survivors (1024K)
 Metaspace       used 72744K, committed 73472K, reserved 491520K
  class space    used 10142K, committed 10496K, reserved 425984K
}
Event: 9.004 GC heap after
{Heap after GC invocations=40 (full 0):
 garbage-first heap   total 179200K, used 84710K [0x0000000080000000, 0x0000000100000000)
  region size 1024K, 5 young (5120K), 5 survivors (5120K)
 Metaspace       used 72744K, committed 73472K, reserved 491520K
  class space    used 10142K, committed 10496K, reserved 425984K
}
Event: 9.026 GC heap before
{Heap before GC invocations=40 (full 0):
 garbage-first heap   total 179200K, used 87782K [0x0000000080000000, 0x0000000100000000)
  region size 1024K, 8 young (8192K), 5 survivors (5120K)
 Metaspace       used 73051K, committed 73728K, reserved 491520K
  class space    used 10170K, committed 10496K, reserved 425984K
}
Event: 9.028 GC heap after
{Heap after GC invocations=41 (full 0):
 garbage-first heap   total 179200K, used 84616K [0x0000000080000000, 0x0000000100000000)
  region size 1024K, 1 young (1024K), 1 survivors (1024K)
 Metaspace       used 73051K, committed 73728K, reserved 491520K
  class space    used 10170K, committed 10496K, reserved 425984K
}
Event: 9.367 GC heap before
{Heap before GC invocations=41 (full 0):
 garbage-first heap   total 179200K, used 128648K [0x0000000080000000, 0x0000000100000000)
  region size 1024K, 44 young (45056K), 1 survivors (1024K)
 Metaspace       used 76111K, committed 76800K, reserved 557056K
  class space    used 10564K, committed 10880K, reserved 425984K
}
Event: 9.369 GC heap after
{Heap after GC invocations=42 (full 0):
 garbage-first heap   total 179200K, used 86482K [0x0000000080000000, 0x0000000100000000)
  region size 1024K, 3 young (3072K), 3 survivors (3072K)
 Metaspace       used 76111K, committed 76800K, reserved 557056K
  class space    used 10564K, committed 10880K, reserved 425984K
}

Dll operation events (14 events):
Event: 0.004 Loaded shared library C:\Users\Sayan Ghosh\AppData\Local\Programs\Eclipse Adoptium\jdk-17.0.8.7-hotspot\bin\java.dll
Event: 0.016 Loaded shared library C:\Users\Sayan Ghosh\AppData\Local\Programs\Eclipse Adoptium\jdk-17.0.8.7-hotspot\bin\jsvml.dll
Event: 0.042 Loaded shared library C:\Users\Sayan Ghosh\AppData\Local\Programs\Eclipse Adoptium\jdk-17.0.8.7-hotspot\bin\zip.dll
Event: 0.043 Loaded shared library C:\Users\Sayan Ghosh\AppData\Local\Programs\Eclipse Adoptium\jdk-17.0.8.7-hotspot\bin\instrument.dll
Event: 0.046 Loaded shared library C:\Users\Sayan Ghosh\AppData\Local\Programs\Eclipse Adoptium\jdk-17.0.8.7-hotspot\bin\net.dll
Event: 0.046 Loaded shared library C:\Users\Sayan Ghosh\AppData\Local\Programs\Eclipse Adoptium\jdk-17.0.8.7-hotspot\bin\nio.dll
Event: 0.048 Loaded shared library C:\Users\Sayan Ghosh\AppData\Local\Programs\Eclipse Adoptium\jdk-17.0.8.7-hotspot\bin\zip.dll
Event: 0.146 Loaded shared library C:\Users\Sayan Ghosh\AppData\Local\Programs\Eclipse Adoptium\jdk-17.0.8.7-hotspot\bin\jimage.dll
Event: 0.179 Loaded shared library C:\Users\Sayan Ghosh\AppData\Local\Programs\Eclipse Adoptium\jdk-17.0.8.7-hotspot\bin\verify.dll
Event: 0.273 Loaded shared library C:\Users\Sayan Ghosh\.gradle\native\68d5fa5c4cc2d200863cafc0d521ce42e7d3e7ee720ec0a83991735586a16f82\windows-amd64\native-platform.dll
Event: 0.276 Loaded shared library C:\Users\Sayan Ghosh\.gradle\native\e376f236ea51e6404a007f0833ffe2c6e607c4080706a723a18a27aeea778392\windows-amd64\native-platform-file-events.dll
Event: 0.703 Loaded shared library C:\Users\Sayan Ghosh\AppData\Local\Programs\Eclipse Adoptium\jdk-17.0.8.7-hotspot\bin\management.dll
Event: 0.705 Loaded shared library C:\Users\Sayan Ghosh\AppData\Local\Programs\Eclipse Adoptium\jdk-17.0.8.7-hotspot\bin\management_ext.dll
Event: 1.091 Loaded shared library C:\Users\Sayan Ghosh\AppData\Local\Programs\Eclipse Adoptium\jdk-17.0.8.7-hotspot\bin\sunmscapi.dll

Deoptimization events (20 events):
Event: 9.328 Thread 0x00000267c69db300 Uncommon trap: trap_request=0xffffffde fr.pc=0x0000026795abfdc0 relative=0x0000000000000380
Event: 9.328 Thread 0x00000267c69db300 Uncommon trap: reason=class_check action=maybe_recompile pc=0x0000026795abfdc0 method=java.lang.StringConcatHelper.stringOf(Ljava/lang/Object;)Ljava/lang/String; @ 5 c2
Event: 9.328 Thread 0x00000267c69db300 DEOPT PACKING pc=0x0000026795abfdc0 sp=0x000000b1705f1930
Event: 9.328 Thread 0x00000267c69db300 DEOPT UNPACKING pc=0x00000267950c69a3 sp=0x000000b1705f1870 mode 2
Event: 9.333 Thread 0x00000267c69db300 Uncommon trap: trap_request=0xffffff45 fr.pc=0x0000026795b102a8 relative=0x0000000000000128
Event: 9.333 Thread 0x00000267c69db300 Uncommon trap: reason=unstable_if action=reinterpret pc=0x0000026795b102a8 method=org.objectweb.asm.ByteVector.putByteArray([BII)Lorg/objectweb/asm/ByteVector; @ 20 c2
Event: 9.333 Thread 0x00000267c69db300 DEOPT PACKING pc=0x0000026795b102a8 sp=0x000000b1705f1970
Event: 9.333 Thread 0x00000267c69db300 DEOPT UNPACKING pc=0x00000267950c69a3 sp=0x000000b1705f1940 mode 2
Event: 9.333 Thread 0x00000267c69db300 Uncommon trap: trap_request=0xffffff45 fr.pc=0x00000267958b9aa4 relative=0x0000000000000a64
Event: 9.333 Thread 0x00000267c69db300 Uncommon trap: reason=unstable_if action=reinterpret pc=0x00000267958b9aa4 method=org.objectweb.asm.Label.resolve([BI)Z @ 80 c2
Event: 9.333 Thread 0x00000267c69db300 DEOPT PACKING pc=0x00000267958b9aa4 sp=0x000000b1705f19b0
Event: 9.333 Thread 0x00000267c69db300 DEOPT UNPACKING pc=0x00000267950c69a3 sp=0x000000b1705f18d0 mode 2
Event: 9.333 Thread 0x00000267c69db300 Uncommon trap: trap_request=0xffffff45 fr.pc=0x00000267958a0fc0 relative=0x0000000000000220
Event: 9.333 Thread 0x00000267c69db300 Uncommon trap: reason=unstable_if action=reinterpret pc=0x00000267958a0fc0 method=org.objectweb.asm.Label.resolve([BI)Z @ 80 c2
Event: 9.333 Thread 0x00000267c69db300 DEOPT PACKING pc=0x00000267958a0fc0 sp=0x000000b1705f1940
Event: 9.333 Thread 0x00000267c69db300 DEOPT UNPACKING pc=0x00000267950c69a3 sp=0x000000b1705f18c0 mode 2
Event: 9.365 Thread 0x00000267c69db300 Uncommon trap: trap_request=0xffffffc6 fr.pc=0x00000267959dfca8 relative=0x0000000000000188
Event: 9.365 Thread 0x00000267c69db300 Uncommon trap: reason=bimorphic_or_optimized_type_check action=maybe_recompile pc=0x00000267959dfca8 method=java.util.stream.StreamOpFlag.fromCharacteristics(Ljava/util/Spliterator;)I @ 14 c2
Event: 9.365 Thread 0x00000267c69db300 DEOPT PACKING pc=0x00000267959dfca8 sp=0x000000b1705f3f10
Event: 9.365 Thread 0x00000267c69db300 DEOPT UNPACKING pc=0x00000267950c69a3 sp=0x000000b1705f3df8 mode 2

Classes unloaded (0 events):
No events

Classes redefined (0 events):
No events

Internal exceptions (20 events):
Event: 7.747 Thread 0x00000267c75ee450 Exception <a 'java/lang/NoSuchMethodError'{0x00000000871f40e8}: 'java.lang.Object java.lang.invoke.DirectMethodHandle$Holder.newInvokeSpecial(java.lang.Object, java.lang.Object, java.lang.Object, java.lang.Object, int, java.lang.Object)'> (0x00000000871f40e8) 
thrown [s\src\hotspot\share\interpreter\linkResolver.cpp, line 759]
Event: 7.747 Thread 0x00000267c75ee450 Exception <a 'java/lang/NoSuchMethodError'{0x00000000871f8408}: 'java.lang.Object java.lang.invoke.Invokers$Holder.linkToTargetMethod(java.lang.Object, java.lang.Object, java.lang.Object, int, java.lang.Object, java.lang.Object)'> (0x00000000871f8408) 
thrown [s\src\hotspot\share\interpreter\linkResolver.cpp, line 759]
Event: 7.761 Thread 0x00000267c605fdf0 Exception <a 'java/lang/NoSuchMethodError'{0x0000000087078168}: 'void java.lang.invoke.DirectMethodHandle$Holder.invokeInterface(java.lang.Object, java.lang.Object, java.lang.Object, java.lang.Object)'> (0x0000000087078168) 
thrown [s\src\hotspot\share\interpreter\linkResolver.cpp, line 759]
Event: 7.808 Thread 0x00000267c605fdf0 Exception <a 'java/lang/NoSuchMethodError'{0x0000000086e65530}: 'int java.lang.invoke.DirectMethodHandle$Holder.invokeSpecial(java.lang.Object, java.lang.Object, java.lang.Object, java.lang.Object, java.lang.Object)'> (0x0000000086e65530) 
thrown [s\src\hotspot\share\interpreter\linkResolver.cpp, line 759]
Event: 7.887 Thread 0x00000267c605fdf0 Exception <a 'sun/nio/fs/WindowsException'{0x00000000869e10a0}> (0x00000000869e10a0) 
thrown [s\src\hotspot\share\prims\jni.cpp, line 516]
Event: 7.888 Thread 0x00000267c605fdf0 Exception <a 'sun/nio/fs/WindowsException'{0x00000000869e3988}> (0x00000000869e3988) 
thrown [s\src\hotspot\share\prims\jni.cpp, line 516]
Event: 7.888 Thread 0x00000267c605fdf0 Exception <a 'sun/nio/fs/WindowsException'{0x00000000869f9ec0}> (0x00000000869f9ec0) 
thrown [s\src\hotspot\share\prims\jni.cpp, line 516]
Event: 7.889 Thread 0x00000267c605fdf0 Exception <a 'sun/nio/fs/WindowsException'{0x00000000869fc200}> (0x00000000869fc200) 
thrown [s\src\hotspot\share\prims\jni.cpp, line 516]
Event: 7.904 Thread 0x00000267c75e9350 Exception <a 'java/lang/NoSuchMethodError'{0x0000000086894b00}: 'void java.lang.invoke.DirectMethodHandle$Holder.invokeVirtual(java.lang.Object, java.lang.Object)'> (0x0000000086894b00) 
thrown [s\src\hotspot\share\interpreter\linkResolver.cpp, line 759]
Event: 8.129 Thread 0x00000267c7b64a10 Exception <a 'sun/nio/fs/WindowsException'{0x0000000085a15e28}> (0x0000000085a15e28) 
thrown [s\src\hotspot\share\prims\jni.cpp, line 516]
Event: 8.146 Thread 0x00000267c6060d20 Exception <a 'sun/nio/fs/WindowsException'{0x000000008fd7c750}> (0x000000008fd7c750) 
thrown [s\src\hotspot\share\prims\jni.cpp, line 516]
Event: 8.284 Thread 0x00000267c6060d20 Exception <a 'sun/nio/fs/WindowsException'{0x00000000873c2960}> (0x00000000873c2960) 
thrown [s\src\hotspot\share\prims\jni.cpp, line 516]
Event: 8.285 Thread 0x00000267c6060d20 Exception <a 'sun/nio/fs/WindowsException'{0x00000000873c2bd0}> (0x00000000873c2bd0) 
thrown [s\src\hotspot\share\prims\jni.cpp, line 516]
Event: 8.327 Thread 0x00000267c69db300 Exception <a 'java/lang/ClassNotFoundException'{0x0000000086fca5b0}: build_abv3i0rjy55ibdlbqc9ymo4ahBeanInfo> (0x0000000086fca5b0) 
thrown [s\src\hotspot\share\classfile\systemDictionary.cpp, line 256]
Event: 8.327 Thread 0x00000267c69db300 Exception <a 'java/lang/ClassNotFoundException'{0x0000000086fd0f48}: build_abv3i0rjy55ibdlbqc9ymo4ahCustomizer> (0x0000000086fd0f48) 
thrown [s\src\hotspot\share\classfile\systemDictionary.cpp, line 256]
Event: 8.417 Thread 0x00000267c69db300 Exception <a 'java/lang/ClassNotFoundException'{0x000000008e9b74a8}: build_85eam4g763edhalcc7tijpj52BeanInfo> (0x000000008e9b74a8) 
thrown [s\src\hotspot\share\classfile\systemDictionary.cpp, line 256]
Event: 8.418 Thread 0x00000267c69db300 Exception <a 'java/lang/ClassNotFoundException'{0x000000008e9c2840}: build_85eam4g763edhalcc7tijpj52Customizer> (0x000000008e9c2840) 
thrown [s\src\hotspot\share\classfile\systemDictionary.cpp, line 256]
Event: 8.856 Thread 0x00000267c69db300 Implicit null exception at 0x00000267959c400c to 0x00000267959c4142
Event: 8.949 Thread 0x00000267c69db300 Exception <a 'sun/nio/fs/WindowsException'{0x0000000088c5a318}> (0x0000000088c5a318) 
thrown [s\src\hotspot\share\prims\jni.cpp, line 516]
Event: 9.333 Thread 0x00000267c69db300 Implicit null exception at 0x0000026795b101c8 to 0x0000026795b10288

VM Operations (20 events):
Event: 8.506 Executing VM operation: G1CollectForAllocation
Event: 8.508 Executing VM operation: G1CollectForAllocation done
Event: 8.522 Executing VM operation: G1CollectForAllocation
Event: 8.523 Executing VM operation: G1CollectForAllocation done
Event: 8.671 Executing VM operation: G1CollectForAllocation
Event: 8.672 Executing VM operation: G1CollectForAllocation done
Event: 8.695 Executing VM operation: G1PauseRemark
Event: 8.697 Executing VM operation: G1PauseRemark done
Event: 8.711 Executing VM operation: G1PauseCleanup
Event: 8.711 Executing VM operation: G1PauseCleanup done
Event: 8.841 Executing VM operation: HandshakeAllThreads
Event: 8.841 Executing VM operation: HandshakeAllThreads done
Event: 9.002 Executing VM operation: G1CollectForAllocation
Event: 9.004 Executing VM operation: G1CollectForAllocation done
Event: 9.026 Executing VM operation: G1CollectForAllocation
Event: 9.028 Executing VM operation: G1CollectForAllocation done
Event: 9.339 Executing VM operation: ICBufferFull
Event: 9.339 Executing VM operation: ICBufferFull done
Event: 9.366 Executing VM operation: G1CollectForAllocation
Event: 9.369 Executing VM operation: G1CollectForAllocation done

Events (20 events):
Event: 8.879 loading class sun/security/provider/DSA$SHA256withDSA
Event: 8.880 loading class sun/security/provider/DSA$SHA256withDSA done
Event: 8.887 loading class java/util/Base64
Event: 8.887 loading class java/util/Base64 done
Event: 8.887 loading class java/util/Base64$Decoder
Event: 8.887 loading class java/util/Base64$Decoder done
Event: 8.887 loading class java/util/Base64$Encoder
Event: 8.887 loading class java/util/Base64$Encoder done
Event: 8.888 loading class java/util/jar/JarVerifier$VerifierStream
Event: 8.888 loading class java/util/jar/JarVerifier$VerifierStream done
Event: 8.888 loading class sun/security/util/ManifestEntryVerifier$SunProviderHolder
Event: 8.888 loading class sun/security/util/ManifestEntryVerifier$SunProviderHolder done
Event: 9.208 loading class java/security/KeyStore
Event: 9.209 loading class java/security/KeyStore done
Event: 9.209 loading class java/security/KeyStore$1
Event: 9.209 loading class java/security/KeyStore$1 done
Event: 9.311 loading class javax/xml/stream/XMLStreamException
Event: 9.311 loading class javax/xml/stream/XMLStreamException done
Event: 9.320 loading class sun/reflect/annotation/AnnotationInvocationHandler$1
Event: 9.320 loading class sun/reflect/annotation/AnnotationInvocationHandler$1 done


Dynamic libraries:
0x00007ff641ee0000 - 0x00007ff641eee000 	C:\Users\Sayan Ghosh\AppData\Local\Programs\Eclipse Adoptium\jdk-17.0.8.7-hotspot\bin\java.exe
0x00007ffc07e10000 - 0x00007ffc08027000 	C:\WINDOWS\SYSTEM32\ntdll.dll
0x00007ffc074a0000 - 0x00007ffc07564000 	C:\WINDOWS\System32\KERNEL32.DLL
0x00007ffc054a0000 - 0x00007ffc05846000 	C:\WINDOWS\System32\KERNELBASE.dll
0x00007ffc05380000 - 0x00007ffc05491000 	C:\WINDOWS\System32\ucrtbase.dll
0x00007ffc01180000 - 0x00007ffc01197000 	C:\Users\Sayan Ghosh\AppData\Local\Programs\Eclipse Adoptium\jdk-17.0.8.7-hotspot\bin\jli.dll
0x00007ffc010e0000 - 0x00007ffc010f9000 	C:\Users\Sayan Ghosh\AppData\Local\Programs\Eclipse Adoptium\jdk-17.0.8.7-hotspot\bin\VCRUNTIME140.dll
0x00007ffc076d0000 - 0x00007ffc0787e000 	C:\WINDOWS\System32\USER32.dll
0x00007ffc05350000 - 0x00007ffc05376000 	C:\WINDOWS\System32\win32u.dll
0x00007ffbea8d0000 - 0x00007ffbeab63000 	C:\WINDOWS\WinSxS\amd64_microsoft.windows.common-controls_6595b64144ccf1df_6.0.22621.2506_none_270c5ae97388e100\COMCTL32.dll
0x00007ffc07620000 - 0x00007ffc076c7000 	C:\WINDOWS\System32\msvcrt.dll
0x00007ffc06110000 - 0x00007ffc06139000 	C:\WINDOWS\System32\GDI32.dll
0x00007ffc058d0000 - 0x00007ffc059e8000 	C:\WINDOWS\System32\gdi32full.dll
0x00007ffc052b0000 - 0x00007ffc0534a000 	C:\WINDOWS\System32\msvcp_win.dll
0x00007ffc073e0000 - 0x00007ffc07411000 	C:\WINDOWS\System32\IMM32.DLL
0x00007ffc02480000 - 0x00007ffc0248c000 	C:\Users\Sayan Ghosh\AppData\Local\Programs\Eclipse Adoptium\jdk-17.0.8.7-hotspot\bin\vcruntime140_1.dll
0x00007ffbe2ea0000 - 0x00007ffbe2f31000 	C:\Users\Sayan Ghosh\AppData\Local\Programs\Eclipse Adoptium\jdk-17.0.8.7-hotspot\bin\msvcp140.dll
0x00007ffb77120000 - 0x00007ffb77d6c000 	C:\Users\Sayan Ghosh\AppData\Local\Programs\Eclipse Adoptium\jdk-17.0.8.7-hotspot\bin\server\jvm.dll
0x00007ffc07160000 - 0x00007ffc07213000 	C:\WINDOWS\System32\ADVAPI32.dll
0x00007ffc07570000 - 0x00007ffc07618000 	C:\WINDOWS\System32\sechost.dll
0x00007ffc05150000 - 0x00007ffc05178000 	C:\WINDOWS\System32\bcrypt.dll
0x00007ffc069f0000 - 0x00007ffc06b07000 	C:\WINDOWS\System32\RPCRT4.dll
0x00007ffc02410000 - 0x00007ffc02419000 	C:\WINDOWS\SYSTEM32\WSOCK32.dll
0x00007ffbfd760000 - 0x00007ffbfd794000 	C:\WINDOWS\SYSTEM32\WINMM.dll
0x00007ffc06090000 - 0x00007ffc06101000 	C:\WINDOWS\System32\WS2_32.dll
0x00007ffc03fa0000 - 0x00007ffc03fed000 	C:\WINDOWS\SYSTEM32\POWRPROF.dll
0x00007ffbfc340000 - 0x00007ffbfc34a000 	C:\WINDOWS\SYSTEM32\VERSION.dll
0x00007ffc03f80000 - 0x00007ffc03f93000 	C:\WINDOWS\SYSTEM32\UMPDC.dll
0x00007ffc041e0000 - 0x00007ffc041f8000 	C:\WINDOWS\SYSTEM32\kernel.appcore.dll
0x00007ffc02210000 - 0x00007ffc0221a000 	C:\Users\Sayan Ghosh\AppData\Local\Programs\Eclipse Adoptium\jdk-17.0.8.7-hotspot\bin\jimage.dll
0x00007ffbf9130000 - 0x00007ffbf9363000 	C:\WINDOWS\SYSTEM32\DBGHELP.DLL
0x00007ffc05b60000 - 0x00007ffc05ee9000 	C:\WINDOWS\System32\combase.dll
0x00007ffc07af0000 - 0x00007ffc07bc7000 	C:\WINDOWS\System32\OLEAUT32.dll
0x00007ffbfa520000 - 0x00007ffbfa552000 	C:\WINDOWS\SYSTEM32\dbgcore.DLL
0x00007ffc05850000 - 0x00007ffc058ca000 	C:\WINDOWS\System32\bcryptPrimitives.dll
0x00007ffbe7ab0000 - 0x00007ffbe7abe000 	C:\Users\Sayan Ghosh\AppData\Local\Programs\Eclipse Adoptium\jdk-17.0.8.7-hotspot\bin\instrument.dll
0x00007ffbec9e0000 - 0x00007ffbeca05000 	C:\Users\Sayan Ghosh\AppData\Local\Programs\Eclipse Adoptium\jdk-17.0.8.7-hotspot\bin\java.dll
0x00007ffbd1b10000 - 0x00007ffbd1be6000 	C:\Users\Sayan Ghosh\AppData\Local\Programs\Eclipse Adoptium\jdk-17.0.8.7-hotspot\bin\jsvml.dll
0x00007ffc06140000 - 0x00007ffc0699b000 	C:\WINDOWS\System32\SHELL32.dll
0x00007ffc03070000 - 0x00007ffc03966000 	C:\WINDOWS\SYSTEM32\windows.storage.dll
0x00007ffc02f30000 - 0x00007ffc0306e000 	C:\WINDOWS\SYSTEM32\wintypes.dll
0x00007ffc06b10000 - 0x00007ffc06c03000 	C:\WINDOWS\System32\SHCORE.dll
0x00007ffc079e0000 - 0x00007ffc07a3e000 	C:\WINDOWS\System32\shlwapi.dll
0x00007ffc05080000 - 0x00007ffc050a6000 	C:\WINDOWS\SYSTEM32\profapi.dll
0x00007ffbec8a0000 - 0x00007ffbec8b8000 	C:\Users\Sayan Ghosh\AppData\Local\Programs\Eclipse Adoptium\jdk-17.0.8.7-hotspot\bin\zip.dll
0x00007ffbf4980000 - 0x00007ffbf4999000 	C:\Users\Sayan Ghosh\AppData\Local\Programs\Eclipse Adoptium\jdk-17.0.8.7-hotspot\bin\net.dll
0x00007ffbff400000 - 0x00007ffbff537000 	C:\WINDOWS\SYSTEM32\WINHTTP.dll
0x00007ffc046b0000 - 0x00007ffc04719000 	C:\WINDOWS\system32\mswsock.dll
0x00007ffbec9c0000 - 0x00007ffbec9d5000 	C:\Users\Sayan Ghosh\AppData\Local\Programs\Eclipse Adoptium\jdk-17.0.8.7-hotspot\bin\nio.dll
0x00007ffbe5950000 - 0x00007ffbe5960000 	C:\Users\Sayan Ghosh\AppData\Local\Programs\Eclipse Adoptium\jdk-17.0.8.7-hotspot\bin\verify.dll
0x00007ffbeb720000 - 0x00007ffbeb747000 	C:\Users\Sayan Ghosh\.gradle\native\68d5fa5c4cc2d200863cafc0d521ce42e7d3e7ee720ec0a83991735586a16f82\windows-amd64\native-platform.dll
0x00007ffbca4f0000 - 0x00007ffbca634000 	C:\Users\Sayan Ghosh\.gradle\native\e376f236ea51e6404a007f0833ffe2c6e607c4080706a723a18a27aeea778392\windows-amd64\native-platform-file-events.dll
0x00007ffbee640000 - 0x00007ffbee649000 	C:\Users\Sayan Ghosh\AppData\Local\Programs\Eclipse Adoptium\jdk-17.0.8.7-hotspot\bin\management.dll
0x00007ffbee3d0000 - 0x00007ffbee3db000 	C:\Users\Sayan Ghosh\AppData\Local\Programs\Eclipse Adoptium\jdk-17.0.8.7-hotspot\bin\management_ext.dll
0x00007ffc07d40000 - 0x00007ffc07d48000 	C:\WINDOWS\System32\PSAPI.DLL
0x00007ffc04a00000 - 0x00007ffc04a1b000 	C:\WINDOWS\SYSTEM32\CRYPTSP.dll
0x00007ffc041a0000 - 0x00007ffc041d5000 	C:\WINDOWS\system32\rsaenh.dll
0x00007ffc04750000 - 0x00007ffc0477c000 	C:\WINDOWS\SYSTEM32\USERENV.dll
0x00007ffc049e0000 - 0x00007ffc049ec000 	C:\WINDOWS\SYSTEM32\CRYPTBASE.dll
0x00007ffc03c80000 - 0x00007ffc03cad000 	C:\WINDOWS\SYSTEM32\IPHLPAPI.DLL
0x00007ffc07150000 - 0x00007ffc07159000 	C:\WINDOWS\System32\NSI.dll
0x00007ffbff2a0000 - 0x00007ffbff2b9000 	C:\WINDOWS\SYSTEM32\dhcpcsvc6.DLL
0x00007ffbff280000 - 0x00007ffbff29f000 	C:\WINDOWS\SYSTEM32\dhcpcsvc.DLL
0x00007ffc03cb0000 - 0x00007ffc03da9000 	C:\WINDOWS\SYSTEM32\DNSAPI.dll
0x00007ffbec890000 - 0x00007ffbec89e000 	C:\Users\Sayan Ghosh\AppData\Local\Programs\Eclipse Adoptium\jdk-17.0.8.7-hotspot\bin\sunmscapi.dll
0x00007ffc059f0000 - 0x00007ffc05b56000 	C:\WINDOWS\System32\CRYPT32.dll
0x00007ffc04af0000 - 0x00007ffc04b1e000 	C:\WINDOWS\SYSTEM32\ncrypt.dll
0x00007ffc04ab0000 - 0x00007ffc04ae7000 	C:\WINDOWS\SYSTEM32\NTASN1.dll
0x00007ffbff850000 - 0x00007ffbff858000 	C:\WINDOWS\system32\wshunix.dll
0x00007ffbe9130000 - 0x00007ffbe9147000 	C:\WINDOWS\system32\napinsp.dll
0x00007ffbe9110000 - 0x00007ffbe912b000 	C:\WINDOWS\system32\pnrpnsp.dll
0x00007ffbe8900000 - 0x00007ffbe8911000 	C:\WINDOWS\System32\winrnr.dll
0x00007ffbe8790000 - 0x00007ffbe87a5000 	C:\WINDOWS\system32\wshbth.dll
0x00007ffbe8730000 - 0x00007ffbe8751000 	C:\WINDOWS\system32\nlansp_c.dll
0x00007ffbfc840000 - 0x00007ffbfc84a000 	C:\Windows\System32\rasadhlp.dll
0x00007ffbfe6a0000 - 0x00007ffbfe723000 	C:\WINDOWS\System32\fwpuclnt.dll
0x00007ffc04260000 - 0x00007ffc04294000 	C:\WINDOWS\SYSTEM32\ntmarta.dll

dbghelp: loaded successfully - version: 4.0.5 - missing functions: none
symbol engine: initialized successfully - sym options: 0x614 - pdb path: .;C:\Users\Sayan Ghosh\AppData\Local\Programs\Eclipse Adoptium\jdk-17.0.8.7-hotspot\bin;C:\WINDOWS\SYSTEM32;C:\WINDOWS\WinSxS\amd64_microsoft.windows.common-controls_6595b64144ccf1df_6.0.22621.2506_none_270c5ae97388e100;C:\Users\Sayan Ghosh\AppData\Local\Programs\Eclipse Adoptium\jdk-17.0.8.7-hotspot\bin\server;C:\Users\Sayan Ghosh\.gradle\native\68d5fa5c4cc2d200863cafc0d521ce42e7d3e7ee720ec0a83991735586a16f82\windows-amd64;C:\Users\Sayan Ghosh\.gradle\native\e376f236ea51e6404a007f0833ffe2c6e607c4080706a723a18a27aeea778392\windows-amd64

VM Arguments:
jvm_args: -XX:MaxMetaspaceSize=512m --add-opens=java.base/java.util=ALL-UNNAMED --add-opens=java.base/java.lang=ALL-UNNAMED --add-opens=java.base/java.lang.invoke=ALL-UNNAMED --add-opens=java.prefs/java.util.prefs=ALL-UNNAMED --add-opens=java.base/java.nio.charset=ALL-UNNAMED --add-opens=java.base/java.net=ALL-UNNAMED --add-opens=java.base/java.util.concurrent.atomic=ALL-UNNAMED -Xmx2048m -Dfile.encoding=windows-1252 -Duser.country=US -Duser.language=en -Duser.variant -javaagent:C:\Users\Sayan Ghosh\.gradle\wrapper\dists\gradle-8.3-all\6en3ugtfdg5xnpx44z4qbwgas\gradle-8.3\lib\agents\gradle-instrumentation-agent-8.3.jar 
java_command: org.gradle.launcher.daemon.bootstrap.GradleDaemon 8.3
java_class_path (initial): C:\Users\Sayan Ghosh\.gradle\wrapper\dists\gradle-8.3-all\6en3ugtfdg5xnpx44z4qbwgas\gradle-8.3\lib\gradle-launcher-8.3.jar
Launcher Type: SUN_STANDARD

[Global flags]
     intx CICompilerCount                          = 12                                        {product} {ergonomic}
   size_t CompressedClassSpaceSize                 = 436207616                                 {product} {ergonomic}
     uint ConcGCThreads                            = 3                                         {product} {ergonomic}
     uint G1ConcRefinementThreads                  = 13                                        {product} {ergonomic}
   size_t G1HeapRegionSize                         = 1048576                                   {product} {ergonomic}
    uintx GCDrainStackTargetSize                   = 64                                        {product} {ergonomic}
   size_t InitialHeapSize                          = 266338304                                 {product} {ergonomic}
   size_t MarkStackSize                            = 4194304                                   {product} {ergonomic}
   size_t MaxHeapSize                              = 2147483648                                {product} {command line}
   size_t MaxMetaspaceSize                         = 536870912                                 {product} {command line}
   size_t MaxNewSize                               = 1287651328                                {product} {ergonomic}
   size_t MinHeapDeltaBytes                        = 1048576                                   {product} {ergonomic}
   size_t MinHeapSize                              = 8388608                                   {product} {ergonomic}
    uintx NonNMethodCodeHeapSize                   = 7602480                                {pd product} {ergonomic}
    uintx NonProfiledCodeHeapSize                  = 122027880                              {pd product} {ergonomic}
    uintx ProfiledCodeHeapSize                     = 122027880                              {pd product} {ergonomic}
    uintx ReservedCodeCacheSize                    = 251658240                              {pd product} {ergonomic}
     bool SegmentedCodeCache                       = true                                      {product} {ergonomic}
   size_t SoftMaxHeapSize                          = 2147483648                             {manageable} {ergonomic}
     bool UseCompressedClassPointers               = true                           {product lp64_product} {ergonomic}
     bool UseCompressedOops                        = true                           {product lp64_product} {ergonomic}
     bool UseG1GC                                  = true                                      {product} {ergonomic}
     bool UseLargePagesIndividualAllocation        = false                                  {pd product} {ergonomic}

Logging:
Log output configuration:
 #0: stdout all=warning uptime,level,tags
 #1: stderr all=off uptime,level,tags

Environment Variables:
JAVA_HOME=C:\Users\Sayan Ghosh\AppData\Local\Programs\Eclipse Adoptium\jdk-17.0.8.7-hotspot\
CLASSPATH=F:\Programs\React Native APP\Spotify\android\\gradle\wrapper\gradle-wrapper.jar
PATH=F:\Programs\React Native APP\Spotify\node_modules\.bin;F:\Programs\React Native APP\Spotify\node_modules\.bin;F:\Programs\React Native APP\node_modules\.bin;F:\Programs\node_modules\.bin;F:\node_modules\.bin;C:\Users\Sayan Ghosh\AppData\Roaming\npm\node_modules\npm\node_modules\@npmcli\run-script\lib\node-gyp-bin;F:\Programs\React Native APP\Spotify\node_modules\.bin;F:\Programs\React Native APP\node_modules\.bin;F:\Programs\node_modules\.bin;F:\node_modules\.bin;C:\Users\Sayan Ghosh\AppData\Roaming\npm\node_modules\npm\node_modules\@npmcli\run-script\lib\node-gyp-bin;C:\Python311\Scripts\;C:\Python311\;C:\WINDOWS\system32;C:\WINDOWS;C:\WINDOWS\System32\Wbem;C:\WINDOWS\System32\WindowsPowerShell\v1.0\;C:\WINDOWS\System32\OpenSSH\;C:\Program Files (x86)\NVIDIA Corporation\PhysX\Common;C:\Program Files\NVIDIA Corporation\NVIDIA NvDLISR;C:\MinGW\bin;C:\Program Files\Git\cmd;C:\Program Files\nodejs\;C:\ProgramData\chocolatey\bin;C:\Users\Sayan Ghosh\AppData\Local\Android\Sdk;C:\Users\Sayan Ghosh\AppData\Local\Android\Sdk\platform-tools;C:\Users\Sayan Ghosh\AppData\Local\Android\Sdk\emulator;C:\Users\Sayan Ghosh\AppData\Local\Android\Sdk\tools;C:\Users\Sayan Ghosh\AppData\Local\Android\Sdk\tools\bin;C:\Users\Sayan Ghosh\AppData\Local\Programs\Eclipse Adoptium\jdk-17.0.8.7-hotspot\bin;C:\Users\Sayan Ghosh\AppData\Local\Microsoft\WindowsApps;C:\Microsoft VS Code\bin;C:\Users\Sayan Ghosh\AppData\Local\GitHubDesktop\bin;C:\Users\Sayan Ghosh\AppData\Roaming\npm;C:\flutter\bin;C:\tools\dart-sdk\bin;C:\Users\Sayan Ghosh\AppData\Local\Pub\Cache\bin;C:\Users\Sayan Ghosh\AppData\Local\Android\Sdk;C:\Users\Sayan Ghosh\AppData\Local\Android\Sdk\platform-tools;C:\Users\Sayan Ghosh\AppData\Local\Android\Sdk\emulator;C:\Users\Sayan Ghosh\AppData\Local\Android\Sdk\tools;C:\Users\Sayan Ghosh\AppData\Local\Android\Sdk\tools\bin;
USERNAME=Sayan Ghosh
LANG=en_US.UTF-8
OS=Windows_NT
PROCESSOR_IDENTIFIER=Intel64 Family 6 Model 191 Stepping 2, GenuineIntel
TMP=C:\Users\SAYANG~1\AppData\Local\Temp
TEMP=C:\Users\SAYANG~1\AppData\Local\Temp



---------------  S Y S T E M  ---------------

OS:
 Windows 11 , 64 bit Build 22621 (10.0.22621.3085)
OS uptime: 0 days 20:24 hours
Hyper-V role detected

CPU: total 16 (initial active 16) (8 cores per cpu, 2 threads per core) family 6 model 191 stepping 2 microcode 0x26, cx8, cmov, fxsr, ht, mmx, 3dnowpref, sse, sse2, sse3, ssse3, sse4.1, sse4.2, popcnt, lzcnt, tsc, tscinvbit, avx, avx2, aes, erms, clmul, bmi1, bmi2, adx, sha, fma, vzeroupper, clflush, clflushopt, clwb, hv
Processor Information for all 16 processors :
  Max Mhz: 2500, Current Mhz: 2500, Mhz Limit: 2500

Memory: 4k page, system-wide physical 16218M (3828M free)
TotalPageFile size 16218M (AvailPageFile size 3M)
current process WorkingSet (physical memory assigned to process): 441M, peak: 441M
current process commit charge ("private bytes"): 493M, peak: 494M

vm_info: OpenJDK 64-Bit Server VM (17.0.8+7) for windows-amd64 JRE (17.0.8+7), built on Jul 18 2023 21:02:32 by "admin" with MS VC++ 16.7 (VS2019)

END.
