#
# There is insufficient memory for the Java Runtime Environment to continue.
# Native memory allocation (malloc) failed to allocate 918656 bytes for Chunk::new
# Possible reasons:
#   The system is out of physical RAM or swap space
#   The process is running with CompressedOops enabled, and the Java Heap may be blocking the growth of the native heap
# Possible solutions:
#   Reduce memory load on the system
#   Increase physical memory or swap space
#   Check if swap backing store is full
#   Decrease Java heap size (-Xmx/-Xms)
#   Decrease number of Java threads
#   Decrease Java thread stack sizes (-Xss)
#   Set larger code cache with -XX:ReservedCodeCacheSize=
#   JVM is running with Unscaled Compressed Oops mode in which the Java heap is
#     placed in the first 4GB address space. The Java Heap base address is the
#     maximum limit for the native heap growth. Please use -XX:HeapBaseMinAddress
#     to set the Java Heap base and to place the Java Heap above 4GB virtual address.
# This output file may be truncated or incomplete.
#
#  Out of Memory Error (arena.cpp:189), pid=3116, tid=19196
#
# JRE version: OpenJDK Runtime Environment Temurin-17.0.8+7 (17.0.8+7) (build 17.0.8+7)
# Java VM: OpenJDK 64-Bit Server VM Temurin-17.0.8+7 (17.0.8+7, mixed mode, sharing, tiered, compressed oops, compressed class ptrs, g1 gc, windows-amd64)
# No core dump will be written. Minidumps are not enabled by default on client versions of Windows
#

---------------  S U M M A R Y ------------

Command Line: -XX:MaxMetaspaceSize=512m --add-opens=java.base/java.util=ALL-UNNAMED --add-opens=java.base/java.lang=ALL-UNNAMED --add-opens=java.base/java.lang.invoke=ALL-UNNAMED --add-opens=java.prefs/java.util.prefs=ALL-UNNAMED --add-opens=java.base/java.nio.charset=ALL-UNNAMED --add-opens=java.base/java.net=ALL-UNNAMED --add-opens=java.base/java.util.concurrent.atomic=ALL-UNNAMED -Xmx2048m -Dfile.encoding=windows-1252 -Duser.country=US -Duser.language=en -Duser.variant -javaagent:C:\Users\Sayan Ghosh\.gradle\wrapper\dists\gradle-8.3-all\6en3ugtfdg5xnpx44z4qbwgas\gradle-8.3\lib\agents\gradle-instrumentation-agent-8.3.jar org.gradle.launcher.daemon.bootstrap.GradleDaemon 8.3

Host: 13th Gen Intel(R) Core(TM) i5-13400F, 16 cores, 15G,  Windows 11 , 64 bit Build 22621 (10.0.22621.3085)
Time: Wed Feb 28 21:42:25 2024 India Standard Time elapsed time: 6.911097 seconds (0d 0h 0m 6s)

---------------  T H R E A D  ---------------

Current thread (0x00000228d91975c0):  JavaThread "C2 CompilerThread0" daemon [_thread_in_native, id=19196, stack(0x0000003a93d00000,0x0000003a93e00000)]


Current CompileTask:
C2:   6911 6402   !   4       com.google.common.reflect.TypeVisitor::visit (244 bytes)

Stack: [0x0000003a93d00000,0x0000003a93e00000]
Native frames: (J=compiled Java code, j=interpreted, Vv=VM code, C=native code)
V  [jvm.dll+0x678b0a]
V  [jvm.dll+0x835e84]
V  [jvm.dll+0x83762e]
V  [jvm.dll+0x837c93]
V  [jvm.dll+0x24746f]
V  [jvm.dll+0xac20c]
V  [jvm.dll+0xac7dc]
V  [jvm.dll+0x2ae7af]
V  [jvm.dll+0x581427]
V  [jvm.dll+0x222602]
V  [jvm.dll+0x21b702]
V  [jvm.dll+0x218f0b]
V  [jvm.dll+0x1a534d]
V  [jvm.dll+0x228d8a]
V  [jvm.dll+0x226dcc]
V  [jvm.dll+0x7ec09b]
V  [jvm.dll+0x7e64ca]
V  [jvm.dll+0x677955]
C  [ucrtbase.dll+0x29363]
C  [KERNEL32.DLL+0x1257d]
C  [ntdll.dll+0x5aa58]


---------------  P R O C E S S  ---------------

Threads class SMR info:
_java_thread_list=0x00000228fb276100, length=74, elements={
0x00000228bad46920, 0x00000228d91746f0, 0x00000228d9175280, 0x00000228d9192180,
0x00000228d9192a50, 0x00000228d9193320, 0x00000228d91965b0, 0x00000228d91975c0,
0x00000228d919aed0, 0x00000228d919c200, 0x00000228f515f180, 0x00000228f5294b50,
0x00000228fc321ab0, 0x00000228fafa3650, 0x00000228f5622c50, 0x00000228fab9d050,
0x00000228fa4e8db0, 0x00000228fb657a70, 0x00000228fb6598d0, 0x00000228fb657560,
0x00000228fb657050, 0x00000228fb6593c0, 0x00000228fb659de0, 0x00000228fb657f80,
0x00000228fb658eb0, 0x00000228fd74d290, 0x00000228fd74e1c0, 0x00000228fd74dcb0,
0x00000228fd74ebe0, 0x00000228fd748bb0, 0x00000228fd74e6d0, 0x00000228fd74f600,
0x00000228fd749ff0, 0x00000228fd74f0f0, 0x00000228fd7495d0, 0x00000228fd7490c0,
0x00000228fd74c870, 0x00000228f5814c00, 0x00000228f5815bf0, 0x00000228f5817130,
0x00000228fd74aa10, 0x00000228f54ed8d0, 0x00000228fd74b430, 0x00000228fd74af20,
0x00000228fd74cd80, 0x00000228fae78770, 0x00000228fae77d50, 0x00000228fae78c80,
0x00000228fae79190, 0x00000228fae73160, 0x00000228fae73670, 0x00000228fae74fc0,
0x00000228fae78260, 0x00000228f54f3320, 0x00000228fae796a0, 0x00000228fae759e0,
0x00000228fae77330, 0x00000228fae7a0c0, 0x00000228fae745a0, 0x00000228fae77840,
0x00000228fae754d0, 0x00000228fae73b80, 0x00000228fae74090, 0x00000228fae7a5d0,
0x00000228fae7aae0, 0x00000228fae74ab0, 0x00000228fae75ef0, 0x00000228fae76400,
0x00000228fae76910, 0x00000228fc3bbed0, 0x00000228fc3bd820, 0x00000228fc3bce00,
0x00000228fc3bb4b0, 0x00000228fc3baa90
}

Java Threads: ( => current thread )
  0x00000228bad46920 JavaThread "main" [_thread_blocked, id=18240, stack(0x0000003a93000000,0x0000003a93100000)]
  0x00000228d91746f0 JavaThread "Reference Handler" daemon [_thread_blocked, id=13716, stack(0x0000003a93700000,0x0000003a93800000)]
  0x00000228d9175280 JavaThread "Finalizer" daemon [_thread_blocked, id=7048, stack(0x0000003a93800000,0x0000003a93900000)]
  0x00000228d9192180 JavaThread "Signal Dispatcher" daemon [_thread_blocked, id=16028, stack(0x0000003a93900000,0x0000003a93a00000)]
  0x00000228d9192a50 JavaThread "Attach Listener" daemon [_thread_blocked, id=21944, stack(0x0000003a93a00000,0x0000003a93b00000)]
  0x00000228d9193320 JavaThread "Service Thread" daemon [_thread_blocked, id=21588, stack(0x0000003a93b00000,0x0000003a93c00000)]
  0x00000228d91965b0 JavaThread "Monitor Deflation Thread" daemon [_thread_blocked, id=4028, stack(0x0000003a93c00000,0x0000003a93d00000)]
=>0x00000228d91975c0 JavaThread "C2 CompilerThread0" daemon [_thread_in_native, id=19196, stack(0x0000003a93d00000,0x0000003a93e00000)]
  0x00000228d919aed0 JavaThread "C1 CompilerThread0" daemon [_thread_blocked, id=3272, stack(0x0000003a93e00000,0x0000003a93f00000)]
  0x00000228d919c200 JavaThread "Sweeper thread" daemon [_thread_blocked, id=21708, stack(0x0000003a93f00000,0x0000003a94000000)]
  0x00000228f515f180 JavaThread "Common-Cleaner" daemon [_thread_blocked, id=17624, stack(0x0000003a94000000,0x0000003a94100000)]
  0x00000228f5294b50 JavaThread "Notification Thread" daemon [_thread_blocked, id=1884, stack(0x0000003a94500000,0x0000003a94600000)]
  0x00000228fc321ab0 JavaThread "Daemon health stats" [_thread_blocked, id=15080, stack(0x0000003a94f00000,0x0000003a95000000)]
  0x00000228fafa3650 JavaThread "Incoming local TCP Connector on port 52351" [_thread_in_native, id=19528, stack(0x0000003a95000000,0x0000003a95100000)]
  0x00000228f5622c50 JavaThread "Daemon periodic checks" [_thread_blocked, id=18956, stack(0x0000003a95100000,0x0000003a95200000)]
  0x00000228fab9d050 JavaThread "Daemon" [_thread_blocked, id=22348, stack(0x0000003a95200000,0x0000003a95300000)]
  0x00000228fa4e8db0 JavaThread "Handler for socket connection from /127.0.0.1:52351 to /127.0.0.1:52352" [_thread_in_native, id=2152, stack(0x0000003a95300000,0x0000003a95400000)]
  0x00000228fb657a70 JavaThread "Cancel handler" [_thread_blocked, id=12620, stack(0x0000003a95400000,0x0000003a95500000)]
  0x00000228fb6598d0 JavaThread "Daemon worker" [_thread_in_Java, id=2352, stack(0x0000003a95500000,0x0000003a95600000)]
  0x00000228fb657560 JavaThread "Asynchronous log dispatcher for DefaultDaemonConnection: socket connection from /127.0.0.1:52351 to /127.0.0.1:52352" [_thread_blocked, id=7412, stack(0x0000003a95600000,0x0000003a95700000)]
  0x00000228fb657050 JavaThread "Stdin handler" [_thread_blocked, id=9492, stack(0x0000003a95700000,0x0000003a95800000)]
  0x00000228fb6593c0 JavaThread "Daemon client event forwarder" [_thread_blocked, id=2904, stack(0x0000003a95800000,0x0000003a95900000)]
  0x00000228fb659de0 JavaThread "Cache worker for journal cache (C:\Users\Sayan Ghosh\.gradle\caches\journal-1)" [_thread_blocked, id=19360, stack(0x0000003a95900000,0x0000003a95a00000)]
  0x00000228fb657f80 JavaThread "File lock request listener" [_thread_in_native, id=20572, stack(0x0000003a95a00000,0x0000003a95b00000)]
  0x00000228fb658eb0 JavaThread "Cache worker for file hash cache (C:\Users\Sayan Ghosh\.gradle\caches\8.3\fileHashes)" [_thread_blocked, id=900, stack(0x0000003a94e00000,0x0000003a94f00000)]
  0x00000228fd74d290 JavaThread "File watcher server" daemon [_thread_in_native, id=20300, stack(0x0000003a95b00000,0x0000003a95c00000)]
  0x00000228fd74e1c0 JavaThread "File watcher consumer" daemon [_thread_blocked, id=1400, stack(0x0000003a95c00000,0x0000003a95d00000)]
  0x00000228fd74dcb0 JavaThread "Cache worker for checksums cache (F:\Programs\React Native APP\Spotify\android\.gradle\8.3\checksums)" [_thread_blocked, id=15348, stack(0x0000003a95d00000,0x0000003a95e00000)]
  0x00000228fd74ebe0 JavaThread "Cache worker for file hash cache (F:\Programs\React Native APP\Spotify\android\.gradle\8.3\fileHashes)" [_thread_blocked, id=20284, stack(0x0000003a95e00000,0x0000003a95f00000)]
  0x00000228fd748bb0 JavaThread "Cache worker for cache directory md-supplier (C:\Users\Sayan Ghosh\.gradle\caches\8.3\md-supplier)" [_thread_blocked, id=11824, stack(0x0000003a95f00000,0x0000003a96000000)]
  0x00000228fd74e6d0 JavaThread "Cache worker for file content cache (C:\Users\Sayan Ghosh\.gradle\caches\8.3\fileContent)" [_thread_blocked, id=13892, stack(0x0000003a96000000,0x0000003a96100000)]
  0x00000228fd74f600 JavaThread "Cache worker for cache directory md-rule (C:\Users\Sayan Ghosh\.gradle\caches\8.3\md-rule)" [_thread_blocked, id=6016, stack(0x0000003a96a00000,0x0000003a96b00000)]
  0x00000228fd749ff0 JavaThread "Cache worker for execution history cache (C:\Users\Sayan Ghosh\.gradle\caches\8.3\executionHistory)" [_thread_blocked, id=7972, stack(0x0000003a96b00000,0x0000003a96c00000)]
  0x00000228fd74f0f0 JavaThread "jar transforms" [_thread_blocked, id=7628, stack(0x0000003a96d00000,0x0000003a96e00000)]
  0x00000228fd7495d0 JavaThread "jar transforms Thread 2" [_thread_blocked, id=6596, stack(0x0000003a96e00000,0x0000003a96f00000)]
  0x00000228fd7490c0 JavaThread "jar transforms Thread 3" [_thread_blocked, id=1648, stack(0x0000003a96f00000,0x0000003a97000000)]
  0x00000228fd74c870 JavaThread "jar transforms Thread 4" [_thread_blocked, id=21976, stack(0x0000003a97000000,0x0000003a97100000)]
  0x00000228f5814c00 JavaThread "C1 CompilerThread1" daemon [_thread_blocked, id=12632, stack(0x0000003a94100000,0x0000003a94200000)]
  0x00000228f5815bf0 JavaThread "C1 CompilerThread2" daemon [_thread_in_native, id=9400, stack(0x0000003a94200000,0x0000003a94300000)]
  0x00000228f5817130 JavaThread "C2 CompilerThread1" daemon [_thread_in_native, id=12936, stack(0x0000003a94300000,0x0000003a94400000)]
  0x00000228fd74aa10 JavaThread "Cache worker for kotlin-dsl (C:\Users\Sayan Ghosh\.gradle\caches\8.3\kotlin-dsl)" [_thread_blocked, id=18672, stack(0x0000003a94400000,0x0000003a94500000)]
  0x00000228f54ed8d0 JavaThread "C2 CompilerThread2" daemon [_thread_blocked, id=14484, stack(0x0000003a94700000,0x0000003a94800000)]
  0x00000228fd74b430 JavaThread "jar transforms Thread 5" [_thread_blocked, id=17964, stack(0x0000003a94d00000,0x0000003a94e00000)]
  0x00000228fd74af20 JavaThread "jar transforms Thread 6" [_thread_blocked, id=12464, stack(0x0000003a96c00000,0x0000003a96d00000)]
  0x00000228fd74cd80 JavaThread "Unconstrained build operations" [_thread_blocked, id=9272, stack(0x0000003a97100000,0x0000003a97200000)]
  0x00000228fae78770 JavaThread "Unconstrained build operations Thread 2" [_thread_blocked, id=4204, stack(0x0000003a97200000,0x0000003a97300000)]
  0x00000228fae77d50 JavaThread "jar transforms Thread 7" [_thread_blocked, id=14280, stack(0x0000003a97300000,0x0000003a97400000)]
  0x00000228fae78c80 JavaThread "jar transforms Thread 8" [_thread_blocked, id=17864, stack(0x0000003a97400000,0x0000003a97500000)]
  0x00000228fae79190 JavaThread "jar transforms Thread 9" [_thread_blocked, id=12316, stack(0x0000003a97500000,0x0000003a97600000)]
  0x00000228fae73160 JavaThread "jar transforms Thread 10" [_thread_blocked, id=17332, stack(0x0000003a97600000,0x0000003a97700000)]
  0x00000228fae73670 JavaThread "jar transforms Thread 11" [_thread_blocked, id=16208, stack(0x0000003a97700000,0x0000003a97800000)]
  0x00000228fae74fc0 JavaThread "jar transforms Thread 12" [_thread_blocked, id=11440, stack(0x0000003a97800000,0x0000003a97900000)]
  0x00000228fae78260 JavaThread "Cache worker for dependencies-accessors (F:\Programs\React Native APP\Spotify\android\.gradle\8.3\dependencies-accessors)" [_thread_blocked, id=9324, stack(0x0000003a97900000,0x0000003a97a00000)]
  0x00000228f54f3320 JavaThread "C1 CompilerThread3" daemon [_thread_in_vm, id=16852, stack(0x0000003a97a00000,0x0000003a97b00000)]
  0x00000228fae796a0 JavaThread "Cache worker for Build Output Cleanup Cache (F:\Programs\React Native APP\Spotify\node_modules\@react-native\gradle-plugin\.gradle\buildOutputCleanup)" [_thread_blocked, id=18880, stack(0x0000003a97b00000,0x0000003a97c00000)]
  0x00000228fae759e0 JavaThread "jar transforms Thread 13" [_thread_blocked, id=18172, stack(0x0000003a97c00000,0x0000003a97d00000)]
  0x00000228fae77330 JavaThread "jar transforms Thread 14" [_thread_blocked, id=15924, stack(0x0000003a97d00000,0x0000003a97e00000)]
  0x00000228fae7a0c0 JavaThread "Unconstrained build operations Thread 3" [_thread_blocked, id=13228, stack(0x0000003a97e00000,0x0000003a97f00000)]
  0x00000228fae745a0 JavaThread "Unconstrained build operations Thread 4" [_thread_blocked, id=10192, stack(0x0000003a97f00000,0x0000003a98000000)]
  0x00000228fae77840 JavaThread "Unconstrained build operations Thread 5" [_thread_blocked, id=7796, stack(0x0000003a98000000,0x0000003a98100000)]
  0x00000228fae754d0 JavaThread "Unconstrained build operations Thread 6" [_thread_blocked, id=8428, stack(0x0000003a98100000,0x0000003a98200000)]
  0x00000228fae73b80 JavaThread "Unconstrained build operations Thread 7" [_thread_blocked, id=13856, stack(0x0000003a98200000,0x0000003a98300000)]
  0x00000228fae74090 JavaThread "Unconstrained build operations Thread 8" [_thread_blocked, id=17560, stack(0x0000003a98300000,0x0000003a98400000)]
  0x00000228fae7a5d0 JavaThread "Unconstrained build operations Thread 9" [_thread_blocked, id=10624, stack(0x0000003a98400000,0x0000003a98500000)]
  0x00000228fae7aae0 JavaThread "Unconstrained build operations Thread 10" [_thread_blocked, id=11524, stack(0x0000003a98500000,0x0000003a98600000)]
  0x00000228fae74ab0 JavaThread "Unconstrained build operations Thread 11" [_thread_blocked, id=656, stack(0x0000003a98600000,0x0000003a98700000)]
  0x00000228fae75ef0 JavaThread "Unconstrained build operations Thread 12" [_thread_blocked, id=15188, stack(0x0000003a98700000,0x0000003a98800000)]
  0x00000228fae76400 JavaThread "Unconstrained build operations Thread 13" [_thread_blocked, id=20868, stack(0x0000003a98800000,0x0000003a98900000)]
  0x00000228fae76910 JavaThread "Unconstrained build operations Thread 14" [_thread_blocked, id=21896, stack(0x0000003a98900000,0x0000003a98a00000)]
  0x00000228fc3bbed0 JavaThread "Unconstrained build operations Thread 15" [_thread_blocked, id=14708, stack(0x0000003a98a00000,0x0000003a98b00000)]
  0x00000228fc3bd820 JavaThread "Unconstrained build operations Thread 16" [_thread_blocked, id=18940, stack(0x0000003a98b00000,0x0000003a98c00000)]
  0x00000228fc3bce00 JavaThread "Unconstrained build operations Thread 17" [_thread_blocked, id=10876, stack(0x0000003a98c00000,0x0000003a98d00000)]
  0x00000228fc3bb4b0 JavaThread "jar transforms Thread 15" [_thread_blocked, id=15204, stack(0x0000003a98d00000,0x0000003a98e00000)]
  0x00000228fc3baa90 JavaThread "jar transforms Thread 16" [_thread_blocked, id=18200, stack(0x0000003a98e00000,0x0000003a98f00000)]

Other Threads:
  0x00000228d91719e0 VMThread "VM Thread" [stack: 0x0000003a93600000,0x0000003a93700000] [id=11288]
  0x00000228bad475a0 WatcherThread [stack: 0x0000003a94600000,0x0000003a94700000] [id=10044]
  0x00000228bada2130 GCTaskThread "GC Thread#0" [stack: 0x0000003a93100000,0x0000003a93200000] [id=18012]
  0x00000228fa4f3df0 GCTaskThread "GC Thread#1" [stack: 0x0000003a94800000,0x0000003a94900000] [id=10452]
  0x00000228fa4f40b0 GCTaskThread "GC Thread#2" [stack: 0x0000003a94900000,0x0000003a94a00000] [id=16236]
  0x00000228fa6da610 GCTaskThread "GC Thread#3" [stack: 0x0000003a94a00000,0x0000003a94b00000] [id=15700]
  0x00000228fa6da8d0 GCTaskThread "GC Thread#4" [stack: 0x0000003a94b00000,0x0000003a94c00000] [id=13812]
  0x00000228fa6dab90 GCTaskThread "GC Thread#5" [stack: 0x0000003a94c00000,0x0000003a94d00000] [id=10744]
  0x00000228fd41c320 GCTaskThread "GC Thread#6" [stack: 0x0000003a96100000,0x0000003a96200000] [id=11604]
  0x00000228fd41d3a0 GCTaskThread "GC Thread#7" [stack: 0x0000003a96200000,0x0000003a96300000] [id=13048]
  0x00000228fd41ce20 GCTaskThread "GC Thread#8" [stack: 0x0000003a96300000,0x0000003a96400000] [id=11424]
  0x00000228fd41c8a0 GCTaskThread "GC Thread#9" [stack: 0x0000003a96400000,0x0000003a96500000] [id=13528]
  0x00000228fd41c5e0 GCTaskThread "GC Thread#10" [stack: 0x0000003a96500000,0x0000003a96600000] [id=18284]
  0x00000228fd41c060 GCTaskThread "GC Thread#11" [stack: 0x0000003a96600000,0x0000003a96700000] [id=18168]
  0x00000228fd41d920 GCTaskThread "GC Thread#12" [stack: 0x0000003a96700000,0x0000003a96800000] [id=3972]
  0x00000228badb2f80 ConcurrentGCThread "G1 Main Marker" [stack: 0x0000003a93200000,0x0000003a93300000] [id=11488]
  0x00000228badb3ea0 ConcurrentGCThread "G1 Conc#0" [stack: 0x0000003a93300000,0x0000003a93400000] [id=17444]
  0x00000228fd41dbe0 ConcurrentGCThread "G1 Conc#1" [stack: 0x0000003a96800000,0x0000003a96900000] [id=4624]
  0x00000228fd41d0e0 ConcurrentGCThread "G1 Conc#2" [stack: 0x0000003a96900000,0x0000003a96a00000] [id=11416]
  0x00000228baded910 ConcurrentGCThread "G1 Refine#0" [stack: 0x0000003a93400000,0x0000003a93500000] [id=22056]
  0x00000228badee240 ConcurrentGCThread "G1 Service" [stack: 0x0000003a93500000,0x0000003a93600000] [id=22064]

Threads with active compile tasks:
C2 CompilerThread0     6921 6402   !   4       com.google.common.reflect.TypeVisitor::visit (244 bytes)
C1 CompilerThread0     6921 6444       3       com.google.common.collect.AbstractSetMultimap::put (7 bytes)
C1 CompilerThread1     6921 6441       3       sun.reflect.generics.reflectiveObjects.WildcardTypeImpl::<init> (16 bytes)
C1 CompilerThread2     6921 6445       3       org.gradle.model.internal.asm.MethodVisitorScope::_PUTFIELD (11 bytes)
C2 CompilerThread1     6921 6435       4       java.util.HashMap::resize (356 bytes)
C2 CompilerThread2     6921 6433       4       org.objectweb.asm.Frame::execute (2318 bytes)
C1 CompilerThread3     6922 6447       3       com.google.common.collect.AbstractMapBasedMultimap$WrappedCollection$WrappedIterator::<init> (32 bytes)

VM state: not at safepoint (normal execution)

VM Mutex/Monitor currently owned by a thread: None

Heap address: 0x0000000080000000, size: 2048 MB, Compressed Oops mode: 32-bit

CDS archive(s) mapped at: [0x00000228da000000-0x00000228dabd0000-0x00000228dabd0000), size 12386304, SharedBaseAddress: 0x00000228da000000, ArchiveRelocationMode: 1.
Compressed class space mapped at: 0x00000228db000000-0x00000228f5000000, reserved size: 436207616
Narrow klass base: 0x00000228da000000, Narrow klass shift: 0, Narrow klass range: 0x100000000

GC Precious Log:
 CPUs: 16 total, 16 available
 Memory: 16218M
 Large Page Support: Disabled
 NUMA Support: Disabled
 Compressed Oops: Enabled (32-bit)
 Heap Region Size: 1M
 Heap Min Capacity: 8M
 Heap Initial Capacity: 254M
 Heap Max Capacity: 2G
 Pre-touch: Disabled
 Parallel Workers: 13
 Concurrent Workers: 3
 Concurrent Refinement Workers: 13
 Periodic GC: Disabled

Heap:
 garbage-first heap   total 89088K, used 64908K [0x0000000080000000, 0x0000000100000000)
  region size 1024K, 17 young (17408K), 3 survivors (3072K)
 Metaspace       used 50199K, committed 50816K, reserved 491520K
  class space    used 7042K, committed 7296K, reserved 425984K

Heap Regions: E=young(eden), S=young(survivor), O=old, HS=humongous(starts), HC=humongous(continues), CS=collection set, F=free, OA=open archive, CA=closed archive, TAMS=top-at-mark-start (previous, next)
|   0|0x0000000080000000, 0x0000000080100000, 0x0000000080100000|100%|HS|  |TAMS 0x0000000080100000, 0x0000000080000000| Complete 
|   1|0x0000000080100000, 0x0000000080200000, 0x0000000080200000|100%|HC|  |TAMS 0x0000000080200000, 0x0000000080100000| Complete 
|   2|0x0000000080200000, 0x0000000080300000, 0x0000000080300000|100%|HC|  |TAMS 0x0000000080300000, 0x0000000080200000| Complete 
|   3|0x0000000080300000, 0x0000000080400000, 0x0000000080400000|100%|HC|  |TAMS 0x0000000080400000, 0x0000000080300000| Complete 
|   4|0x0000000080400000, 0x0000000080500000, 0x0000000080500000|100%| O|  |TAMS 0x0000000080500000, 0x0000000080400000| Untracked 
|   5|0x0000000080500000, 0x0000000080600000, 0x0000000080600000|100%| O|  |TAMS 0x0000000080600000, 0x0000000080500000| Untracked 
|   6|0x0000000080600000, 0x0000000080700000, 0x0000000080700000|100%| O|  |TAMS 0x0000000080700000, 0x0000000080600000| Untracked 
|   7|0x0000000080700000, 0x0000000080800000, 0x0000000080800000|100%| O|  |TAMS 0x0000000080800000, 0x0000000080700000| Untracked 
|   8|0x0000000080800000, 0x0000000080900000, 0x0000000080900000|100%| O|  |TAMS 0x0000000080900000, 0x0000000080800000| Untracked 
|   9|0x0000000080900000, 0x0000000080a00000, 0x0000000080a00000|100%| O|  |TAMS 0x0000000080a00000, 0x0000000080900000| Untracked 
|  10|0x0000000080a00000, 0x0000000080a43000, 0x0000000080b00000| 26%| O|  |TAMS 0x0000000080a43000, 0x0000000080a00000| Untracked 
|  11|0x0000000080b00000, 0x0000000080c00000, 0x0000000080c00000|100%| O|  |TAMS 0x0000000080c00000, 0x0000000080b00000| Untracked 
|  12|0x0000000080c00000, 0x0000000080d00000, 0x0000000080d00000|100%| O|  |TAMS 0x0000000080d00000, 0x0000000080c00000| Untracked 
|  13|0x0000000080d00000, 0x0000000080e00000, 0x0000000080e00000|100%| O|  |TAMS 0x0000000080e00000, 0x0000000080d00000| Untracked 
|  14|0x0000000080e00000, 0x0000000080f00000, 0x0000000080f00000|100%| O|  |TAMS 0x0000000080f00000, 0x0000000080e00000| Untracked 
|  15|0x0000000080f00000, 0x0000000081000000, 0x0000000081000000|100%| O|  |TAMS 0x0000000081000000, 0x0000000080f00000| Untracked 
|  16|0x0000000081000000, 0x0000000081100000, 0x0000000081100000|100%| O|  |TAMS 0x0000000081100000, 0x0000000081000000| Untracked 
|  17|0x0000000081100000, 0x0000000081200000, 0x0000000081200000|100%| O|  |TAMS 0x0000000081200000, 0x0000000081100000| Untracked 
|  18|0x0000000081200000, 0x0000000081300000, 0x0000000081300000|100%| O|  |TAMS 0x0000000081300000, 0x0000000081200000| Untracked 
|  19|0x0000000081300000, 0x0000000081400000, 0x0000000081400000|100%| O|  |TAMS 0x0000000081400000, 0x0000000081300000| Untracked 
|  20|0x0000000081400000, 0x0000000081500000, 0x0000000081500000|100%| O|  |TAMS 0x0000000081500000, 0x0000000081400000| Untracked 
|  21|0x0000000081500000, 0x0000000081600000, 0x0000000081600000|100%| O|  |TAMS 0x0000000081600000, 0x0000000081500000| Untracked 
|  22|0x0000000081600000, 0x0000000081700000, 0x0000000081700000|100%| O|  |TAMS 0x0000000081700000, 0x0000000081600000| Untracked 
|  23|0x0000000081700000, 0x0000000081800000, 0x0000000081800000|100%| O|  |TAMS 0x0000000081800000, 0x0000000081700000| Untracked 
|  24|0x0000000081800000, 0x0000000081900000, 0x0000000081900000|100%| O|  |TAMS 0x0000000081900000, 0x0000000081800000| Untracked 
|  25|0x0000000081900000, 0x0000000081a00000, 0x0000000081a00000|100%| O|  |TAMS 0x0000000081a00000, 0x0000000081900000| Untracked 
|  26|0x0000000081a00000, 0x0000000081b00000, 0x0000000081b00000|100%| O|  |TAMS 0x0000000081b00000, 0x0000000081a00000| Untracked 
|  27|0x0000000081b00000, 0x0000000081c00000, 0x0000000081c00000|100%| O|  |TAMS 0x0000000081c00000, 0x0000000081b00000| Untracked 
|  28|0x0000000081c00000, 0x0000000081d00000, 0x0000000081d00000|100%| O|  |TAMS 0x0000000081d00000, 0x0000000081c00000| Untracked 
|  29|0x0000000081d00000, 0x0000000081e00000, 0x0000000081e00000|100%| O|  |TAMS 0x0000000081e00000, 0x0000000081d00000| Untracked 
|  30|0x0000000081e00000, 0x0000000081f00000, 0x0000000081f00000|100%| O|  |TAMS 0x0000000081f00000, 0x0000000081e00000| Untracked 
|  31|0x0000000081f00000, 0x0000000082000000, 0x0000000082000000|100%| O|  |TAMS 0x0000000082000000, 0x0000000081f00000| Untracked 
|  32|0x0000000082000000, 0x0000000082100000, 0x0000000082100000|100%| O|  |TAMS 0x0000000082100000, 0x0000000082000000| Untracked 
|  33|0x0000000082100000, 0x0000000082200000, 0x0000000082200000|100%| O|  |TAMS 0x0000000082200000, 0x0000000082100000| Untracked 
|  34|0x0000000082200000, 0x0000000082300000, 0x0000000082300000|100%| O|  |TAMS 0x0000000082300000, 0x0000000082200000| Untracked 
|  35|0x0000000082300000, 0x0000000082400000, 0x0000000082400000|100%| O|  |TAMS 0x0000000082400000, 0x0000000082300000| Untracked 
|  36|0x0000000082400000, 0x0000000082500000, 0x0000000082500000|100%| O|  |TAMS 0x00000000824ec600, 0x0000000082400000| Untracked 
|  37|0x0000000082500000, 0x0000000082600000, 0x0000000082600000|100%|HS|  |TAMS 0x0000000082600000, 0x0000000082500000| Complete 
|  38|0x0000000082600000, 0x0000000082700000, 0x0000000082700000|100%|HC|  |TAMS 0x0000000082700000, 0x0000000082600000| Complete 
|  39|0x0000000082700000, 0x0000000082800000, 0x0000000082800000|100%|HS|  |TAMS 0x0000000082800000, 0x0000000082700000| Complete 
|  40|0x0000000082800000, 0x0000000082900000, 0x0000000082900000|100%|HC|  |TAMS 0x0000000082900000, 0x0000000082800000| Complete 
|  41|0x0000000082900000, 0x0000000082a00000, 0x0000000082a00000|100%| O|  |TAMS 0x0000000082900000, 0x0000000082900000| Untracked 
|  42|0x0000000082a00000, 0x0000000082b00000, 0x0000000082b00000|100%| O|  |TAMS 0x0000000082a00000, 0x0000000082a00000| Untracked 
|  43|0x0000000082b00000, 0x0000000082c00000, 0x0000000082c00000|100%|HS|  |TAMS 0x0000000082b00000, 0x0000000082b00000| Complete 
|  44|0x0000000082c00000, 0x0000000082d00000, 0x0000000082d00000|100%|HC|  |TAMS 0x0000000082c00000, 0x0000000082c00000| Complete 
|  45|0x0000000082d00000, 0x0000000082e00000, 0x0000000082e00000|100%|HC|  |TAMS 0x0000000082d00000, 0x0000000082d00000| Complete 
|  46|0x0000000082e00000, 0x0000000082f00000, 0x0000000082f00000|100%|HC|  |TAMS 0x0000000082e00000, 0x0000000082e00000| Complete 
|  47|0x0000000082f00000, 0x0000000083000000, 0x0000000083000000|100%| O|  |TAMS 0x0000000082f00000, 0x0000000082f00000| Untracked 
|  48|0x0000000083000000, 0x0000000083020200, 0x0000000083100000| 12%| O|  |TAMS 0x0000000083000000, 0x0000000083000000| Untracked 
|  49|0x0000000083100000, 0x0000000083100000, 0x0000000083200000|  0%| F|  |TAMS 0x0000000083100000, 0x0000000083100000| Untracked 
|  50|0x0000000083200000, 0x0000000083200000, 0x0000000083300000|  0%| F|  |TAMS 0x0000000083200000, 0x0000000083200000| Untracked 
|  51|0x0000000083300000, 0x0000000083300000, 0x0000000083400000|  0%| F|  |TAMS 0x0000000083300000, 0x0000000083300000| Untracked 
|  52|0x0000000083400000, 0x0000000083400000, 0x0000000083500000|  0%| F|  |TAMS 0x0000000083400000, 0x0000000083400000| Untracked 
|  53|0x0000000083500000, 0x0000000083500000, 0x0000000083600000|  0%| F|  |TAMS 0x0000000083500000, 0x0000000083500000| Untracked 
|  54|0x0000000083600000, 0x0000000083600000, 0x0000000083700000|  0%| F|  |TAMS 0x0000000083600000, 0x0000000083600000| Untracked 
|  55|0x0000000083700000, 0x0000000083700000, 0x0000000083800000|  0%| F|  |TAMS 0x0000000083700000, 0x0000000083700000| Untracked 
|  56|0x0000000083800000, 0x0000000083800000, 0x0000000083900000|  0%| F|  |TAMS 0x0000000083800000, 0x0000000083800000| Untracked 
|  57|0x0000000083900000, 0x0000000083900000, 0x0000000083a00000|  0%| F|  |TAMS 0x0000000083900000, 0x0000000083900000| Untracked 
|  58|0x0000000083a00000, 0x0000000083a00000, 0x0000000083b00000|  0%| F|  |TAMS 0x0000000083a00000, 0x0000000083a00000| Untracked 
|  59|0x0000000083b00000, 0x0000000083b00000, 0x0000000083c00000|  0%| F|  |TAMS 0x0000000083b00000, 0x0000000083b00000| Untracked 
|  60|0x0000000083c00000, 0x0000000083c00000, 0x0000000083d00000|  0%| F|  |TAMS 0x0000000083c00000, 0x0000000083c00000| Untracked 
|  61|0x0000000083d00000, 0x0000000083d00000, 0x0000000083e00000|  0%| F|  |TAMS 0x0000000083d00000, 0x0000000083d00000| Untracked 
|  62|0x0000000083e00000, 0x0000000083e00000, 0x0000000083f00000|  0%| F|  |TAMS 0x0000000083e00000, 0x0000000083e00000| Untracked 
|  63|0x0000000083f00000, 0x0000000084000000, 0x0000000084000000|100%| S|CS|TAMS 0x0000000083f00000, 0x0000000083f00000| Complete 
|  64|0x0000000084000000, 0x0000000084100000, 0x0000000084100000|100%| S|CS|TAMS 0x0000000084000000, 0x0000000084000000| Complete 
|  65|0x0000000084100000, 0x0000000084200000, 0x0000000084200000|100%| S|CS|TAMS 0x0000000084100000, 0x0000000084100000| Complete 
|  66|0x0000000084200000, 0x0000000084200000, 0x0000000084300000|  0%| F|  |TAMS 0x0000000084200000, 0x0000000084200000| Untracked 
|  67|0x0000000084300000, 0x0000000084300000, 0x0000000084400000|  0%| F|  |TAMS 0x0000000084300000, 0x0000000084300000| Untracked 
|  68|0x0000000084400000, 0x0000000084400000, 0x0000000084500000|  0%| F|  |TAMS 0x0000000084400000, 0x0000000084400000| Untracked 
|  69|0x0000000084500000, 0x0000000084500000, 0x0000000084600000|  0%| F|  |TAMS 0x0000000084500000, 0x0000000084500000| Untracked 
|  70|0x0000000084600000, 0x0000000084600000, 0x0000000084700000|  0%| F|  |TAMS 0x0000000084600000, 0x0000000084600000| Untracked 
|  71|0x0000000084700000, 0x0000000084700000, 0x0000000084800000|  0%| F|  |TAMS 0x0000000084700000, 0x0000000084700000| Untracked 
|  72|0x0000000084800000, 0x0000000084800000, 0x0000000084900000|  0%| F|  |TAMS 0x0000000084800000, 0x0000000084800000| Untracked 
|  73|0x0000000084900000, 0x00000000849fdf68, 0x0000000084a00000| 99%| E|  |TAMS 0x0000000084900000, 0x0000000084900000| Complete 
| 123|0x0000000087b00000, 0x0000000087c00000, 0x0000000087c00000|100%| E|CS|TAMS 0x0000000087b00000, 0x0000000087b00000| Complete 
| 124|0x0000000087c00000, 0x0000000087d00000, 0x0000000087d00000|100%| E|CS|TAMS 0x0000000087c00000, 0x0000000087c00000| Complete 
| 125|0x0000000087d00000, 0x0000000087e00000, 0x0000000087e00000|100%| E|CS|TAMS 0x0000000087d00000, 0x0000000087d00000| Complete 
| 126|0x0000000087e00000, 0x0000000087f00000, 0x0000000087f00000|100%| E|CS|TAMS 0x0000000087e00000, 0x0000000087e00000| Complete 
| 127|0x0000000087f00000, 0x0000000088000000, 0x0000000088000000|100%| E|CS|TAMS 0x0000000087f00000, 0x0000000087f00000| Complete 
| 128|0x0000000088000000, 0x0000000088100000, 0x0000000088100000|100%| E|CS|TAMS 0x0000000088000000, 0x0000000088000000| Complete 
| 129|0x0000000088100000, 0x0000000088200000, 0x0000000088200000|100%| E|CS|TAMS 0x0000000088100000, 0x0000000088100000| Complete 
| 130|0x0000000088200000, 0x0000000088300000, 0x0000000088300000|100%| E|CS|TAMS 0x0000000088200000, 0x0000000088200000| Complete 
| 131|0x0000000088300000, 0x0000000088400000, 0x0000000088400000|100%| E|CS|TAMS 0x0000000088300000, 0x0000000088300000| Complete 
| 132|0x0000000088400000, 0x0000000088500000, 0x0000000088500000|100%| E|CS|TAMS 0x0000000088400000, 0x0000000088400000| Complete 
| 133|0x0000000088500000, 0x0000000088600000, 0x0000000088600000|100%| E|CS|TAMS 0x0000000088500000, 0x0000000088500000| Complete 
| 134|0x0000000088600000, 0x0000000088700000, 0x0000000088700000|100%| E|CS|TAMS 0x0000000088600000, 0x0000000088600000| Complete 
| 253|0x000000008fd00000, 0x000000008fe00000, 0x000000008fe00000|100%| E|CS|TAMS 0x000000008fd00000, 0x000000008fd00000| Complete 

Card table byte_map: [0x00000228d24b0000,0x00000228d28b0000] _byte_map_base: 0x00000228d20b0000

Marking Bits (Prev, Next): (CMBitMap*) 0x00000228bada2650, (CMBitMap*) 0x00000228bada2690
 Prev Bits: [0x00000228d2cb0000, 0x00000228d4cb0000)
 Next Bits: [0x00000228d4cb0000, 0x00000228d6cb0000)

Polling page: 0x00000228b8aa0000

Metaspace:

Usage:
  Non-class:     42.16 MB used.
      Class:      6.89 MB used.
       Both:     49.04 MB used.

Virtual space:
  Non-class space:       64.00 MB reserved,      42.50 MB ( 66%) committed,  1 nodes.
      Class space:      416.00 MB reserved,       7.19 MB (  2%) committed,  1 nodes.
             Both:      480.00 MB reserved,      49.69 MB ( 10%) committed. 

Chunk freelists:
   Non-Class:  4.89 MB
       Class:  8.80 MB
        Both:  13.69 MB

MaxMetaspaceSize: 512.00 MB
CompressedClassSpaceSize: 416.00 MB
Initial GC threshold: 21.00 MB
Current GC threshold: 76.88 MB
CDS: on
MetaspaceReclaimPolicy: balanced
 - commit_granule_bytes: 65536.
 - commit_granule_words: 8192.
 - virtual_space_node_default_size: 8388608.
 - enlarge_chunks_in_place: 1.
 - new_chunks_are_fully_committed: 0.
 - uncommit_free_chunks: 1.
 - use_allocation_guard: 0.
 - handle_deallocations: 1.


Internal statistics:

num_allocs_failed_limit: 6.
num_arena_births: 684.
num_arena_deaths: 0.
num_vsnodes_births: 2.
num_vsnodes_deaths: 0.
num_space_committed: 795.
num_space_uncommitted: 0.
num_chunks_returned_to_freelist: 6.
num_chunks_taken_from_freelist: 2639.
num_chunk_merges: 6.
num_chunk_splits: 1736.
num_chunks_enlarged: 1173.
num_inconsistent_stats: 0.

CodeHeap 'non-profiled nmethods': size=119168Kb used=3237Kb max_used=3237Kb free=115930Kb
 bounds [0x00000228ca3c0000, 0x00000228ca6f0000, 0x00000228d1820000]
CodeHeap 'profiled nmethods': size=119104Kb used=11361Kb max_used=11361Kb free=107742Kb
 bounds [0x00000228c2820000, 0x00000228c3340000, 0x00000228c9c70000]
CodeHeap 'non-nmethods': size=7488Kb used=4030Kb max_used=4089Kb free=3457Kb
 bounds [0x00000228c9c70000, 0x00000228ca080000, 0x00000228ca3c0000]
 total_blobs=6599 nmethods=5740 adapters=767
 compilation: enabled
              stopped_count=0, restarted_count=0
 full_count=0

Compilation events (20 events):
Event: 6.866 Thread 0x00000228f5815bf0 6404       3       java.lang.Class::hasEnclosingMethodInfo (17 bytes)
Event: 6.866 Thread 0x00000228f5814c00 nmethod 6403 0x00000228c3303f10 code [0x00000228c33040c0, 0x00000228c33042d8]
Event: 6.866 Thread 0x00000228d919aed0 6405 %     3       org.gradle.internal.instantiation.generator.AbstractClassGenerator::inspectType @ 107 (560 bytes)
Event: 6.866 Thread 0x00000228f5815bf0 nmethod 6404 0x00000228c3304390 code [0x00000228c3304540, 0x00000228c3304718]
Event: 6.866 Thread 0x00000228f5815bf0 6406       3       java.lang.reflect.Method::hashCode (19 bytes)
Event: 6.866 Thread 0x00000228f5815bf0 nmethod 6406 0x00000228c3304810 code [0x00000228c33049e0, 0x00000228c3304c88]
Event: 6.867 Thread 0x00000228f54f3320 6407       3       java.util.Spliterator::getExactSizeIfKnown (25 bytes)
Event: 6.867 Thread 0x00000228f54f3320 nmethod 6407 0x00000228c3304e10 code [0x00000228c3304fc0, 0x00000228c33052b8]
Event: 6.868 Thread 0x00000228d919aed0 nmethod 6405% 0x00000228c3305390 code [0x00000228c3305b60, 0x00000228c330adc8]
Event: 6.870 Thread 0x00000228f54ed8d0 nmethod 6401 0x00000228ca6e4d90 code [0x00000228ca6e4f40, 0x00000228ca6e53e8]
Event: 6.870 Thread 0x00000228f5817130 nmethod 6400 0x00000228ca6e5690 code [0x00000228ca6e5840, 0x00000228ca6e5e68]
Event: 6.887 Thread 0x00000228f5814c00 6408 %     3       org.gradle.internal.instantiation.generator.AbstractClassGenerator::inspectType @ 77 (560 bytes)
Event: 6.887 Thread 0x00000228f54ed8d0 6409       4       org.objectweb.asm.Frame::pop (42 bytes)
Event: 6.887 Thread 0x00000228f5817130 6410       4       org.objectweb.asm.Frame::push (59 bytes)
Event: 6.887 Thread 0x00000228f54f3320 6411       3       org.gradle.internal.instantiation.generator.AsmBackedClassGenerator$ClassBuilderImpl::access$7400 (4 bytes)
Event: 6.887 Thread 0x00000228f54f3320 nmethod 6411 0x00000228c330c710 code [0x00000228c330c8a0, 0x00000228c330c998]
Event: 6.888 Thread 0x00000228f54ed8d0 nmethod 6409 0x00000228ca6e6110 code [0x00000228ca6e6280, 0x00000228ca6e6358]
Event: 6.888 Thread 0x00000228f5814c00 nmethod 6408% 0x00000228c330ca10 code [0x00000228c330d1c0, 0x00000228c3312288]
Event: 6.892 Thread 0x00000228d919aed0 6412       3       org.gradle.internal.logging.events.CategorisedOutputEvent::<init> (21 bytes)
Event: 6.892 Thread 0x00000228d919aed0 nmethod 6412 0x00000228c3313b90 code [0x00000228c3313d40, 0x00000228c3313fb8]

GC Heap History (20 events):
Event: 3.008 GC heap before
{Heap before GC invocations=5 (full 0):
 garbage-first heap   total 81920K, used 59396K [0x0000000080000000, 0x0000000100000000)
  region size 1024K, 37 young (37888K), 3 survivors (3072K)
 Metaspace       used 31094K, committed 31488K, reserved 491520K
  class space    used 4353K, committed 4544K, reserved 425984K
}
Event: 3.010 GC heap after
{Heap after GC invocations=6 (full 0):
 garbage-first heap   total 81920K, used 28650K [0x0000000080000000, 0x0000000100000000)
  region size 1024K, 5 young (5120K), 5 survivors (5120K)
 Metaspace       used 31094K, committed 31488K, reserved 491520K
  class space    used 4353K, committed 4544K, reserved 425984K
}
Event: 5.213 GC heap before
{Heap before GC invocations=6 (full 0):
 garbage-first heap   total 81920K, used 65514K [0x0000000080000000, 0x0000000100000000)
  region size 1024K, 37 young (37888K), 5 survivors (5120K)
 Metaspace       used 33451K, committed 33856K, reserved 491520K
  class space    used 4593K, committed 4800K, reserved 425984K
}
Event: 5.215 GC heap after
{Heap after GC invocations=7 (full 0):
 garbage-first heap   total 81920K, used 32308K [0x0000000080000000, 0x0000000100000000)
  region size 1024K, 4 young (4096K), 4 survivors (4096K)
 Metaspace       used 33451K, committed 33856K, reserved 491520K
  class space    used 4593K, committed 4800K, reserved 425984K
}
Event: 5.391 GC heap before
{Heap before GC invocations=7 (full 0):
 garbage-first heap   total 81920K, used 62004K [0x0000000080000000, 0x0000000100000000)
  region size 1024K, 33 young (33792K), 4 survivors (4096K)
 Metaspace       used 35020K, committed 35520K, reserved 491520K
  class space    used 4833K, committed 5056K, reserved 425984K
}
Event: 5.392 GC heap after
{Heap after GC invocations=8 (full 0):
 garbage-first heap   total 81920K, used 34019K [0x0000000080000000, 0x0000000100000000)
  region size 1024K, 2 young (2048K), 2 survivors (2048K)
 Metaspace       used 35020K, committed 35520K, reserved 491520K
  class space    used 4833K, committed 5056K, reserved 425984K
}
Event: 5.436 GC heap before
{Heap before GC invocations=8 (full 0):
 garbage-first heap   total 81920K, used 40163K [0x0000000080000000, 0x0000000100000000)
  region size 1024K, 8 young (8192K), 2 survivors (2048K)
 Metaspace       used 35672K, committed 36096K, reserved 491520K
  class space    used 4847K, committed 5056K, reserved 425984K
}
Event: 5.437 GC heap after
{Heap after GC invocations=9 (full 0):
 garbage-first heap   total 81920K, used 35045K [0x0000000080000000, 0x0000000100000000)
  region size 1024K, 2 young (2048K), 2 survivors (2048K)
 Metaspace       used 35672K, committed 36096K, reserved 491520K
  class space    used 4847K, committed 5056K, reserved 425984K
}
Event: 5.748 GC heap before
{Heap before GC invocations=10 (full 0):
 garbage-first heap   total 81920K, used 62693K [0x0000000080000000, 0x0000000100000000)
  region size 1024K, 30 young (30720K), 2 survivors (2048K)
 Metaspace       used 38772K, committed 39232K, reserved 491520K
  class space    used 5350K, committed 5568K, reserved 425984K
}
Event: 5.750 GC heap after
{Heap after GC invocations=11 (full 0):
 garbage-first heap   total 81920K, used 35559K [0x0000000080000000, 0x0000000100000000)
  region size 1024K, 4 young (4096K), 4 survivors (4096K)
 Metaspace       used 38772K, committed 39232K, reserved 491520K
  class space    used 5350K, committed 5568K, reserved 425984K
}
Event: 6.003 GC heap before
{Heap before GC invocations=11 (full 0):
 garbage-first heap   total 81920K, used 64231K [0x0000000080000000, 0x0000000100000000)
  region size 1024K, 32 young (32768K), 4 survivors (4096K)
 Metaspace       used 41629K, committed 42176K, reserved 491520K
  class space    used 5795K, committed 6016K, reserved 425984K
}
Event: 6.004 GC heap after
{Heap after GC invocations=12 (full 0):
 garbage-first heap   total 81920K, used 37084K [0x0000000080000000, 0x0000000100000000)
  region size 1024K, 4 young (4096K), 4 survivors (4096K)
 Metaspace       used 41629K, committed 42176K, reserved 491520K
  class space    used 5795K, committed 6016K, reserved 425984K
}
Event: 6.353 GC heap before
{Heap before GC invocations=12 (full 0):
 garbage-first heap   total 81920K, used 65756K [0x0000000080000000, 0x0000000100000000)
  region size 1024K, 32 young (32768K), 4 survivors (4096K)
 Metaspace       used 45155K, committed 45760K, reserved 491520K
  class space    used 6360K, committed 6656K, reserved 425984K
}
Event: 6.355 GC heap after
{Heap after GC invocations=13 (full 0):
 garbage-first heap   total 81920K, used 38657K [0x0000000080000000, 0x0000000100000000)
  region size 1024K, 4 young (4096K), 4 survivors (4096K)
 Metaspace       used 45155K, committed 45760K, reserved 491520K
  class space    used 6360K, committed 6656K, reserved 425984K
}
Event: 6.595 GC heap before
{Heap before GC invocations=13 (full 0):
 garbage-first heap   total 81920K, used 54017K [0x0000000080000000, 0x0000000100000000)
  region size 1024K, 21 young (21504K), 4 survivors (4096K)
 Metaspace       used 46640K, committed 47168K, reserved 491520K
  class space    used 6548K, committed 6784K, reserved 425984K
}
Event: 6.597 GC heap after
{Heap after GC invocations=14 (full 0):
 garbage-first heap   total 81920K, used 40316K [0x0000000080000000, 0x0000000100000000)
  region size 1024K, 4 young (4096K), 4 survivors (4096K)
 Metaspace       used 46640K, committed 47168K, reserved 491520K
  class space    used 6548K, committed 6784K, reserved 425984K
}
Event: 6.623 GC heap before
{Heap before GC invocations=15 (full 0):
 garbage-first heap   total 81920K, used 47484K [0x0000000080000000, 0x0000000100000000)
  region size 1024K, 8 young (8192K), 4 survivors (4096K)
 Metaspace       used 46749K, committed 47296K, reserved 491520K
  class space    used 6564K, committed 6784K, reserved 425984K
}
Event: 6.624 GC heap after
{Heap after GC invocations=16 (full 0):
 garbage-first heap   total 81920K, used 45381K [0x0000000080000000, 0x0000000100000000)
  region size 1024K, 3 young (3072K), 3 survivors (3072K)
 Metaspace       used 46749K, committed 47296K, reserved 491520K
  class space    used 6564K, committed 6784K, reserved 425984K
}
Event: 6.839 GC heap before
{Heap before GC invocations=17 (full 0):
 garbage-first heap   total 89088K, used 67909K [0x0000000080000000, 0x0000000100000000)
  region size 1024K, 21 young (21504K), 3 survivors (3072K)
 Metaspace       used 49094K, committed 49664K, reserved 491520K
  class space    used 6861K, committed 7104K, reserved 425984K
}
Event: 6.841 GC heap after
{Heap after GC invocations=18 (full 0):
 garbage-first heap   total 89088K, used 51596K [0x0000000080000000, 0x0000000100000000)
  region size 1024K, 3 young (3072K), 3 survivors (3072K)
 Metaspace       used 49094K, committed 49664K, reserved 491520K
  class space    used 6861K, committed 7104K, reserved 425984K
}

Dll operation events (14 events):
Event: 0.004 Loaded shared library C:\Users\Sayan Ghosh\AppData\Local\Programs\Eclipse Adoptium\jdk-17.0.8.7-hotspot\bin\java.dll
Event: 0.018 Loaded shared library C:\Users\Sayan Ghosh\AppData\Local\Programs\Eclipse Adoptium\jdk-17.0.8.7-hotspot\bin\jsvml.dll
Event: 0.046 Loaded shared library C:\Users\Sayan Ghosh\AppData\Local\Programs\Eclipse Adoptium\jdk-17.0.8.7-hotspot\bin\zip.dll
Event: 0.048 Loaded shared library C:\Users\Sayan Ghosh\AppData\Local\Programs\Eclipse Adoptium\jdk-17.0.8.7-hotspot\bin\instrument.dll
Event: 0.051 Loaded shared library C:\Users\Sayan Ghosh\AppData\Local\Programs\Eclipse Adoptium\jdk-17.0.8.7-hotspot\bin\net.dll
Event: 0.052 Loaded shared library C:\Users\Sayan Ghosh\AppData\Local\Programs\Eclipse Adoptium\jdk-17.0.8.7-hotspot\bin\nio.dll
Event: 0.055 Loaded shared library C:\Users\Sayan Ghosh\AppData\Local\Programs\Eclipse Adoptium\jdk-17.0.8.7-hotspot\bin\zip.dll
Event: 0.174 Loaded shared library C:\Users\Sayan Ghosh\AppData\Local\Programs\Eclipse Adoptium\jdk-17.0.8.7-hotspot\bin\jimage.dll
Event: 0.219 Loaded shared library C:\Users\Sayan Ghosh\AppData\Local\Programs\Eclipse Adoptium\jdk-17.0.8.7-hotspot\bin\verify.dll
Event: 0.332 Loaded shared library C:\Users\Sayan Ghosh\.gradle\native\68d5fa5c4cc2d200863cafc0d521ce42e7d3e7ee720ec0a83991735586a16f82\windows-amd64\native-platform.dll
Event: 0.336 Loaded shared library C:\Users\Sayan Ghosh\.gradle\native\e376f236ea51e6404a007f0833ffe2c6e607c4080706a723a18a27aeea778392\windows-amd64\native-platform-file-events.dll
Event: 0.844 Loaded shared library C:\Users\Sayan Ghosh\AppData\Local\Programs\Eclipse Adoptium\jdk-17.0.8.7-hotspot\bin\management.dll
Event: 0.847 Loaded shared library C:\Users\Sayan Ghosh\AppData\Local\Programs\Eclipse Adoptium\jdk-17.0.8.7-hotspot\bin\management_ext.dll
Event: 1.198 Loaded shared library C:\Users\Sayan Ghosh\AppData\Local\Programs\Eclipse Adoptium\jdk-17.0.8.7-hotspot\bin\sunmscapi.dll

Deoptimization events (20 events):
Event: 6.730 Thread 0x00000228fb6598d0 Uncommon trap: trap_request=0xffffffde fr.pc=0x00000228ca5216d4 relative=0x0000000000000154
Event: 6.730 Thread 0x00000228fb6598d0 Uncommon trap: reason=class_check action=maybe_recompile pc=0x00000228ca5216d4 method=java.lang.reflect.Array.newInstance(Ljava/lang/Class;I)Ljava/lang/Object; @ 2 c2
Event: 6.730 Thread 0x00000228fb6598d0 DEOPT PACKING pc=0x00000228ca5216d4 sp=0x0000003a955f5620
Event: 6.730 Thread 0x00000228fb6598d0 DEOPT UNPACKING pc=0x00000228c9cc69a3 sp=0x0000003a955f55b8 mode 2
Event: 6.730 Thread 0x00000228fb6598d0 Uncommon trap: trap_request=0xffffffde fr.pc=0x00000228ca5216d4 relative=0x0000000000000154
Event: 6.730 Thread 0x00000228fb6598d0 Uncommon trap: reason=class_check action=maybe_recompile pc=0x00000228ca5216d4 method=java.lang.reflect.Array.newInstance(Ljava/lang/Class;I)Ljava/lang/Object; @ 2 c2
Event: 6.730 Thread 0x00000228fb6598d0 DEOPT PACKING pc=0x00000228ca5216d4 sp=0x0000003a955f5620
Event: 6.730 Thread 0x00000228fb6598d0 DEOPT UNPACKING pc=0x00000228c9cc69a3 sp=0x0000003a955f55b8 mode 2
Event: 6.730 Thread 0x00000228fb6598d0 Uncommon trap: trap_request=0xffffffde fr.pc=0x00000228ca5216d4 relative=0x0000000000000154
Event: 6.730 Thread 0x00000228fb6598d0 Uncommon trap: reason=class_check action=maybe_recompile pc=0x00000228ca5216d4 method=java.lang.reflect.Array.newInstance(Ljava/lang/Class;I)Ljava/lang/Object; @ 2 c2
Event: 6.730 Thread 0x00000228fb6598d0 DEOPT PACKING pc=0x00000228ca5216d4 sp=0x0000003a955f5620
Event: 6.730 Thread 0x00000228fb6598d0 DEOPT UNPACKING pc=0x00000228c9cc69a3 sp=0x0000003a955f55b8 mode 2
Event: 6.750 Thread 0x00000228fb6598d0 Uncommon trap: trap_request=0xffffff45 fr.pc=0x00000228ca66441c relative=0x000000000000007c
Event: 6.750 Thread 0x00000228fb6598d0 Uncommon trap: reason=unstable_if action=reinterpret pc=0x00000228ca66441c method=java.util.Spliterator.getExactSizeIfKnown()J @ 9 c2
Event: 6.750 Thread 0x00000228fb6598d0 DEOPT PACKING pc=0x00000228ca66441c sp=0x0000003a955f5ff0
Event: 6.750 Thread 0x00000228fb6598d0 DEOPT UNPACKING pc=0x00000228c9cc69a3 sp=0x0000003a955f5f88 mode 2
Event: 6.834 Thread 0x00000228fb6598d0 Uncommon trap: trap_request=0xffffff45 fr.pc=0x00000228ca66f0c0 relative=0x0000000000000440
Event: 6.834 Thread 0x00000228fb6598d0 Uncommon trap: reason=unstable_if action=reinterpret pc=0x00000228ca66f0c0 method=org.gradle.internal.service.DefaultServiceRegistry$OwnServices.getService(Ljava/lang/reflect/Type;)Lorg/gradle/internal/service/Service; @ 27 c2
Event: 6.834 Thread 0x00000228fb6598d0 DEOPT PACKING pc=0x00000228ca66f0c0 sp=0x0000003a955f7220
Event: 6.834 Thread 0x00000228fb6598d0 DEOPT UNPACKING pc=0x00000228c9cc69a3 sp=0x0000003a955f7198 mode 2

Classes unloaded (0 events):
No events

Classes redefined (0 events):
No events

Internal exceptions (20 events):
Event: 6.470 Thread 0x00000228fb6598d0 Exception <a 'java/lang/NoSuchMethodError'{0x00000000880c2eb8}: static Lorg/gradle/api/internal/artifacts/dependencies/AbstractVersionConstraint;.<clinit>()V> (0x00000000880c2eb8) 
thrown [s\src\hotspot\share\prims\jni.cpp, line 1107]
Event: 6.478 Thread 0x00000228fb6598d0 Exception <a 'java/lang/NoSuchMethodError'{0x0000000087f7ef40}: static Lorg/gradle/api/internal/catalog/PluginModel;.<clinit>()V> (0x0000000087f7ef40) 
thrown [s\src\hotspot\share\prims\jni.cpp, line 1107]
Event: 6.479 Thread 0x00000228fb6598d0 Exception <a 'java/lang/NoSuchMethodError'{0x0000000087f95cd8}: static Lorg/gradle/api/internal/catalog/VersionModel;.<clinit>()V> (0x0000000087f95cd8) 
thrown [s\src\hotspot\share\prims\jni.cpp, line 1107]
Event: 6.482 Thread 0x00000228fb6598d0 Exception <a 'java/lang/NoSuchMethodError'{0x0000000087fbb930}: 'void java.lang.invoke.DirectMethodHandle$Holder.invokeSpecial(java.lang.Object, java.lang.Object, java.lang.Object, int)'> (0x0000000087fbb930) 
thrown [s\src\hotspot\share\interpreter\linkResolver.cpp, line 759]
Event: 6.631 Thread 0x00000228fb6598d0 Exception <a 'java/lang/ClassNotFoundException'{0x000000008fde19c8}: org/gradle/api/internal/project/DefaultProject_DecoratedBeanInfo> (0x000000008fde19c8) 
thrown [s\src\hotspot\share\classfile\systemDictionary.cpp, line 256]
Event: 6.632 Thread 0x00000228fb6598d0 Exception <a 'java/lang/ClassNotFoundException'{0x000000008fdfb2a0}: org/gradle/api/internal/project/DefaultProjectBeanInfo> (0x000000008fdfb2a0) 
thrown [s\src\hotspot\share\classfile\systemDictionary.cpp, line 256]
Event: 6.632 Thread 0x00000228fb6598d0 Exception <a 'java/lang/ClassNotFoundException'{0x0000000088614e90}: org/gradle/api/internal/project/DefaultProjectCustomizer> (0x0000000088614e90) 
thrown [s\src\hotspot\share\classfile\systemDictionary.cpp, line 256]
Event: 6.637 Thread 0x00000228fb6598d0 Exception <a 'java/lang/ClassNotFoundException'{0x00000000886cb498}: org/gradle/api/internal/project/DefaultProject_DecoratedCustomizer> (0x00000000886cb498) 
thrown [s\src\hotspot\share\classfile\systemDictionary.cpp, line 256]
Event: 6.662 Thread 0x00000228fb6598d0 Exception <a 'java/lang/IncompatibleClassChangeError'{0x0000000088451160}: Found class java.lang.Object, but interface was expected> (0x0000000088451160) 
thrown [s\src\hotspot\share\interpreter\linkResolver.cpp, line 826]
Event: 6.683 Thread 0x00000228fb6598d0 Exception <a 'java/lang/ClassNotFoundException'{0x0000000087f22e60}: org/gradle/api/internal/project/DefaultAntBuilderBeanInfo> (0x0000000087f22e60) 
thrown [s\src\hotspot\share\classfile\systemDictionary.cpp, line 256]
Event: 6.683 Thread 0x00000228fb6598d0 Exception <a 'java/lang/ClassNotFoundException'{0x0000000087f3eae8}: org/gradle/api/internal/project/ant/BasicAntBuilderBeanInfo> (0x0000000087f3eae8) 
thrown [s\src\hotspot\share\classfile\systemDictionary.cpp, line 256]
Event: 6.684 Thread 0x00000228fb6598d0 Exception <a 'java/lang/ClassNotFoundException'{0x0000000087f59e40}: org/gradle/api/AntBuilderBeanInfo> (0x0000000087f59e40) 
thrown [s\src\hotspot\share\classfile\systemDictionary.cpp, line 256]
Event: 6.685 Thread 0x00000228fb6598d0 Exception <a 'java/lang/ClassNotFoundException'{0x0000000087f77250}: groovy/ant/AntBuilderBeanInfo> (0x0000000087f77250) 
thrown [s\src\hotspot\share\classfile\systemDictionary.cpp, line 256]
Event: 6.686 Thread 0x00000228fb6598d0 Exception <a 'java/lang/ClassNotFoundException'{0x0000000087fe3880}: groovy/util/BuilderSupportBeanInfo> (0x0000000087fe3880) 
thrown [s\src\hotspot\share\classfile\systemDictionary.cpp, line 256]
Event: 6.687 Thread 0x00000228fb6598d0 Exception <a 'java/lang/ClassNotFoundException'{0x0000000087e50350}: groovy/util/BuilderSupportCustomizer> (0x0000000087e50350) 
thrown [s\src\hotspot\share\classfile\systemDictionary.cpp, line 256]
Event: 6.688 Thread 0x00000228fb6598d0 Exception <a 'java/lang/ClassNotFoundException'{0x0000000087e6fdc8}: groovy/ant/AntBuilderCustomizer> (0x0000000087e6fdc8) 
thrown [s\src\hotspot\share\classfile\systemDictionary.cpp, line 256]
Event: 6.689 Thread 0x00000228fb6598d0 Exception <a 'java/lang/ClassNotFoundException'{0x0000000087e8fdf8}: org/gradle/api/AntBuilderCustomizer> (0x0000000087e8fdf8) 
thrown [s\src\hotspot\share\classfile\systemDictionary.cpp, line 256]
Event: 6.690 Thread 0x00000228fb6598d0 Exception <a 'java/lang/ClassNotFoundException'{0x0000000087eb6f48}: org/gradle/api/internal/project/ant/BasicAntBuilderCustomizer> (0x0000000087eb6f48) 
thrown [s\src\hotspot\share\classfile\systemDictionary.cpp, line 256]
Event: 6.691 Thread 0x00000228fb6598d0 Exception <a 'java/lang/ClassNotFoundException'{0x0000000087ee48a8}: org/gradle/api/internal/project/DefaultAntBuilderCustomizer> (0x0000000087ee48a8) 
thrown [s\src\hotspot\share\classfile\systemDictionary.cpp, line 256]
Event: 6.724 Thread 0x00000228fb6598d0 Exception <a 'java/lang/IncompatibleClassChangeError'{0x0000000087cfecf8}: Found class java.lang.Object, but interface was expected> (0x0000000087cfecf8) 
thrown [s\src\hotspot\share\interpreter\linkResolver.cpp, line 826]

VM Operations (20 events):
Event: 6.495 Executing VM operation: HandshakeAllThreads
Event: 6.495 Executing VM operation: HandshakeAllThreads done
Event: 6.568 Executing VM operation: ICBufferFull
Event: 6.568 Executing VM operation: ICBufferFull done
Event: 6.595 Executing VM operation: G1TryInitiateConcMark
Event: 6.597 Executing VM operation: G1TryInitiateConcMark done
Event: 6.607 Executing VM operation: G1PauseRemark
Event: 6.609 Executing VM operation: G1PauseRemark done
Event: 6.612 Executing VM operation: HandshakeAllThreads
Event: 6.613 Executing VM operation: HandshakeAllThreads done
Event: 6.615 Executing VM operation: G1PauseCleanup
Event: 6.615 Executing VM operation: G1PauseCleanup done
Event: 6.623 Executing VM operation: G1TryInitiateConcMark
Event: 6.624 Executing VM operation: G1TryInitiateConcMark done
Event: 6.638 Executing VM operation: G1PauseRemark
Event: 6.640 Executing VM operation: G1PauseRemark done
Event: 6.646 Executing VM operation: G1PauseCleanup
Event: 6.646 Executing VM operation: G1PauseCleanup done
Event: 6.839 Executing VM operation: G1CollectForAllocation
Event: 6.841 Executing VM operation: G1CollectForAllocation done

Events (20 events):
Event: 6.762 loading class javax/management/ListenerNotFoundException
Event: 6.762 loading class javax/management/OperationsException
Event: 6.762 loading class javax/management/JMException
Event: 6.762 loading class javax/management/JMException done
Event: 6.762 loading class javax/management/OperationsException done
Event: 6.762 loading class javax/management/ListenerNotFoundException done
Event: 6.762 loading class jdk/jfr/Recording
Event: 6.762 loading class jdk/jfr/Recording done
Event: 6.762 loading class jdk/jfr/FlightRecorder
Event: 6.762 loading class jdk/jfr/FlightRecorder done
Event: 6.763 loading class jdk/management/jfr/FlightRecorderMXBeanImpl$MXBeanListener
Event: 6.763 loading class jdk/jfr/FlightRecorderListener
Event: 6.763 loading class jdk/jfr/FlightRecorderListener done
Event: 6.763 loading class jdk/management/jfr/FlightRecorderMXBeanImpl$MXBeanListener done
Event: 6.769 loading class java/time/format/DateTimeFormatterBuilder$WeekBasedFieldPrinterParser
Event: 6.769 loading class java/time/format/DateTimeFormatterBuilder$WeekBasedFieldPrinterParser done
Event: 6.785 loading class com/sun/jmx/mbeanserver/StandardMBeanSupport
Event: 6.785 loading class com/sun/jmx/mbeanserver/StandardMBeanSupport done
Event: 6.785 loading class com/sun/jmx/mbeanserver/StandardMBeanIntrospector
Event: 6.785 loading class com/sun/jmx/mbeanserver/StandardMBeanIntrospector done


Dynamic libraries:
0x00007ff641ee0000 - 0x00007ff641eee000 	C:\Users\Sayan Ghosh\AppData\Local\Programs\Eclipse Adoptium\jdk-17.0.8.7-hotspot\bin\java.exe
0x00007ffc07e10000 - 0x00007ffc08027000 	C:\WINDOWS\SYSTEM32\ntdll.dll
0x00007ffc074a0000 - 0x00007ffc07564000 	C:\WINDOWS\System32\KERNEL32.DLL
0x00007ffc054a0000 - 0x00007ffc05846000 	C:\WINDOWS\System32\KERNELBASE.dll
0x00007ffc05380000 - 0x00007ffc05491000 	C:\WINDOWS\System32\ucrtbase.dll
0x00007ffc010e0000 - 0x00007ffc010f9000 	C:\Users\Sayan Ghosh\AppData\Local\Programs\Eclipse Adoptium\jdk-17.0.8.7-hotspot\bin\VCRUNTIME140.dll
0x00007ffc01180000 - 0x00007ffc01197000 	C:\Users\Sayan Ghosh\AppData\Local\Programs\Eclipse Adoptium\jdk-17.0.8.7-hotspot\bin\jli.dll
0x00007ffc076d0000 - 0x00007ffc0787e000 	C:\WINDOWS\System32\USER32.dll
0x00007ffbea8d0000 - 0x00007ffbeab63000 	C:\WINDOWS\WinSxS\amd64_microsoft.windows.common-controls_6595b64144ccf1df_6.0.22621.2506_none_270c5ae97388e100\COMCTL32.dll
0x00007ffc05350000 - 0x00007ffc05376000 	C:\WINDOWS\System32\win32u.dll
0x00007ffc07620000 - 0x00007ffc076c7000 	C:\WINDOWS\System32\msvcrt.dll
0x00007ffc06110000 - 0x00007ffc06139000 	C:\WINDOWS\System32\GDI32.dll
0x00007ffc058d0000 - 0x00007ffc059e8000 	C:\WINDOWS\System32\gdi32full.dll
0x00007ffc052b0000 - 0x00007ffc0534a000 	C:\WINDOWS\System32\msvcp_win.dll
0x00007ffc073e0000 - 0x00007ffc07411000 	C:\WINDOWS\System32\IMM32.DLL
0x00007ffc02480000 - 0x00007ffc0248c000 	C:\Users\Sayan Ghosh\AppData\Local\Programs\Eclipse Adoptium\jdk-17.0.8.7-hotspot\bin\vcruntime140_1.dll
0x00007ffbe2ea0000 - 0x00007ffbe2f31000 	C:\Users\Sayan Ghosh\AppData\Local\Programs\Eclipse Adoptium\jdk-17.0.8.7-hotspot\bin\msvcp140.dll
0x00007ffb77120000 - 0x00007ffb77d6c000 	C:\Users\Sayan Ghosh\AppData\Local\Programs\Eclipse Adoptium\jdk-17.0.8.7-hotspot\bin\server\jvm.dll
0x00007ffc07160000 - 0x00007ffc07213000 	C:\WINDOWS\System32\ADVAPI32.dll
0x00007ffc07570000 - 0x00007ffc07618000 	C:\WINDOWS\System32\sechost.dll
0x00007ffc05150000 - 0x00007ffc05178000 	C:\WINDOWS\System32\bcrypt.dll
0x00007ffc069f0000 - 0x00007ffc06b07000 	C:\WINDOWS\System32\RPCRT4.dll
0x00007ffc02410000 - 0x00007ffc02419000 	C:\WINDOWS\SYSTEM32\WSOCK32.dll
0x00007ffc03fa0000 - 0x00007ffc03fed000 	C:\WINDOWS\SYSTEM32\POWRPROF.dll
0x00007ffc06090000 - 0x00007ffc06101000 	C:\WINDOWS\System32\WS2_32.dll
0x00007ffbfc340000 - 0x00007ffbfc34a000 	C:\WINDOWS\SYSTEM32\VERSION.dll
0x00007ffbfd760000 - 0x00007ffbfd794000 	C:\WINDOWS\SYSTEM32\WINMM.dll
0x00007ffc03f80000 - 0x00007ffc03f93000 	C:\WINDOWS\SYSTEM32\UMPDC.dll
0x00007ffc041e0000 - 0x00007ffc041f8000 	C:\WINDOWS\SYSTEM32\kernel.appcore.dll
0x00007ffc02210000 - 0x00007ffc0221a000 	C:\Users\Sayan Ghosh\AppData\Local\Programs\Eclipse Adoptium\jdk-17.0.8.7-hotspot\bin\jimage.dll
0x00007ffbf9130000 - 0x00007ffbf9363000 	C:\WINDOWS\SYSTEM32\DBGHELP.DLL
0x00007ffc05b60000 - 0x00007ffc05ee9000 	C:\WINDOWS\System32\combase.dll
0x00007ffc07af0000 - 0x00007ffc07bc7000 	C:\WINDOWS\System32\OLEAUT32.dll
0x00007ffbfa520000 - 0x00007ffbfa552000 	C:\WINDOWS\SYSTEM32\dbgcore.DLL
0x00007ffc05850000 - 0x00007ffc058ca000 	C:\WINDOWS\System32\bcryptPrimitives.dll
0x00007ffbe7ab0000 - 0x00007ffbe7abe000 	C:\Users\Sayan Ghosh\AppData\Local\Programs\Eclipse Adoptium\jdk-17.0.8.7-hotspot\bin\instrument.dll
0x00007ffbec9e0000 - 0x00007ffbeca05000 	C:\Users\Sayan Ghosh\AppData\Local\Programs\Eclipse Adoptium\jdk-17.0.8.7-hotspot\bin\java.dll
0x00007ffbd1b10000 - 0x00007ffbd1be6000 	C:\Users\Sayan Ghosh\AppData\Local\Programs\Eclipse Adoptium\jdk-17.0.8.7-hotspot\bin\jsvml.dll
0x00007ffc06140000 - 0x00007ffc0699b000 	C:\WINDOWS\System32\SHELL32.dll
0x00007ffc03070000 - 0x00007ffc03966000 	C:\WINDOWS\SYSTEM32\windows.storage.dll
0x00007ffc02f30000 - 0x00007ffc0306e000 	C:\WINDOWS\SYSTEM32\wintypes.dll
0x00007ffc06b10000 - 0x00007ffc06c03000 	C:\WINDOWS\System32\SHCORE.dll
0x00007ffc079e0000 - 0x00007ffc07a3e000 	C:\WINDOWS\System32\shlwapi.dll
0x00007ffc05080000 - 0x00007ffc050a6000 	C:\WINDOWS\SYSTEM32\profapi.dll
0x00007ffbec8a0000 - 0x00007ffbec8b8000 	C:\Users\Sayan Ghosh\AppData\Local\Programs\Eclipse Adoptium\jdk-17.0.8.7-hotspot\bin\zip.dll
0x00007ffbf4980000 - 0x00007ffbf4999000 	C:\Users\Sayan Ghosh\AppData\Local\Programs\Eclipse Adoptium\jdk-17.0.8.7-hotspot\bin\net.dll
0x00007ffbff400000 - 0x00007ffbff537000 	C:\WINDOWS\SYSTEM32\WINHTTP.dll
0x00007ffc046b0000 - 0x00007ffc04719000 	C:\WINDOWS\system32\mswsock.dll
0x00007ffbec9c0000 - 0x00007ffbec9d5000 	C:\Users\Sayan Ghosh\AppData\Local\Programs\Eclipse Adoptium\jdk-17.0.8.7-hotspot\bin\nio.dll
0x00007ffbe5950000 - 0x00007ffbe5960000 	C:\Users\Sayan Ghosh\AppData\Local\Programs\Eclipse Adoptium\jdk-17.0.8.7-hotspot\bin\verify.dll
0x00007ffbeb720000 - 0x00007ffbeb747000 	C:\Users\Sayan Ghosh\.gradle\native\68d5fa5c4cc2d200863cafc0d521ce42e7d3e7ee720ec0a83991735586a16f82\windows-amd64\native-platform.dll
0x00007ffbca4f0000 - 0x00007ffbca634000 	C:\Users\Sayan Ghosh\.gradle\native\e376f236ea51e6404a007f0833ffe2c6e607c4080706a723a18a27aeea778392\windows-amd64\native-platform-file-events.dll
0x00007ffbee640000 - 0x00007ffbee649000 	C:\Users\Sayan Ghosh\AppData\Local\Programs\Eclipse Adoptium\jdk-17.0.8.7-hotspot\bin\management.dll
0x00007ffbee3d0000 - 0x00007ffbee3db000 	C:\Users\Sayan Ghosh\AppData\Local\Programs\Eclipse Adoptium\jdk-17.0.8.7-hotspot\bin\management_ext.dll
0x00007ffc07d40000 - 0x00007ffc07d48000 	C:\WINDOWS\System32\PSAPI.DLL
0x00007ffc04a00000 - 0x00007ffc04a1b000 	C:\WINDOWS\SYSTEM32\CRYPTSP.dll
0x00007ffc041a0000 - 0x00007ffc041d5000 	C:\WINDOWS\system32\rsaenh.dll
0x00007ffc04750000 - 0x00007ffc0477c000 	C:\WINDOWS\SYSTEM32\USERENV.dll
0x00007ffc049e0000 - 0x00007ffc049ec000 	C:\WINDOWS\SYSTEM32\CRYPTBASE.dll
0x00007ffc03c80000 - 0x00007ffc03cad000 	C:\WINDOWS\SYSTEM32\IPHLPAPI.DLL
0x00007ffc07150000 - 0x00007ffc07159000 	C:\WINDOWS\System32\NSI.dll
0x00007ffbff2a0000 - 0x00007ffbff2b9000 	C:\WINDOWS\SYSTEM32\dhcpcsvc6.DLL
0x00007ffbff280000 - 0x00007ffbff29f000 	C:\WINDOWS\SYSTEM32\dhcpcsvc.DLL
0x00007ffc03cb0000 - 0x00007ffc03da9000 	C:\WINDOWS\SYSTEM32\DNSAPI.dll
0x00007ffbec890000 - 0x00007ffbec89e000 	C:\Users\Sayan Ghosh\AppData\Local\Programs\Eclipse Adoptium\jdk-17.0.8.7-hotspot\bin\sunmscapi.dll
0x00007ffc059f0000 - 0x00007ffc05b56000 	C:\WINDOWS\System32\CRYPT32.dll
0x00007ffc04af0000 - 0x00007ffc04b1e000 	C:\WINDOWS\SYSTEM32\ncrypt.dll
0x00007ffc04ab0000 - 0x00007ffc04ae7000 	C:\WINDOWS\SYSTEM32\NTASN1.dll
0x00007ffbff850000 - 0x00007ffbff858000 	C:\WINDOWS\system32\wshunix.dll

dbghelp: loaded successfully - version: 4.0.5 - missing functions: none
symbol engine: initialized successfully - sym options: 0x614 - pdb path: .;C:\Users\Sayan Ghosh\AppData\Local\Programs\Eclipse Adoptium\jdk-17.0.8.7-hotspot\bin;C:\WINDOWS\SYSTEM32;C:\WINDOWS\WinSxS\amd64_microsoft.windows.common-controls_6595b64144ccf1df_6.0.22621.2506_none_270c5ae97388e100;C:\Users\Sayan Ghosh\AppData\Local\Programs\Eclipse Adoptium\jdk-17.0.8.7-hotspot\bin\server;C:\Users\Sayan Ghosh\.gradle\native\68d5fa5c4cc2d200863cafc0d521ce42e7d3e7ee720ec0a83991735586a16f82\windows-amd64;C:\Users\Sayan Ghosh\.gradle\native\e376f236ea51e6404a007f0833ffe2c6e607c4080706a723a18a27aeea778392\windows-amd64

VM Arguments:
jvm_args: -XX:MaxMetaspaceSize=512m --add-opens=java.base/java.util=ALL-UNNAMED --add-opens=java.base/java.lang=ALL-UNNAMED --add-opens=java.base/java.lang.invoke=ALL-UNNAMED --add-opens=java.prefs/java.util.prefs=ALL-UNNAMED --add-opens=java.base/java.nio.charset=ALL-UNNAMED --add-opens=java.base/java.net=ALL-UNNAMED --add-opens=java.base/java.util.concurrent.atomic=ALL-UNNAMED -Xmx2048m -Dfile.encoding=windows-1252 -Duser.country=US -Duser.language=en -Duser.variant -javaagent:C:\Users\Sayan Ghosh\.gradle\wrapper\dists\gradle-8.3-all\6en3ugtfdg5xnpx44z4qbwgas\gradle-8.3\lib\agents\gradle-instrumentation-agent-8.3.jar 
java_command: org.gradle.launcher.daemon.bootstrap.GradleDaemon 8.3
java_class_path (initial): C:\Users\Sayan Ghosh\.gradle\wrapper\dists\gradle-8.3-all\6en3ugtfdg5xnpx44z4qbwgas\gradle-8.3\lib\gradle-launcher-8.3.jar
Launcher Type: SUN_STANDARD

[Global flags]
     intx CICompilerCount                          = 12                                        {product} {ergonomic}
   size_t CompressedClassSpaceSize                 = 436207616                                 {product} {ergonomic}
     uint ConcGCThreads                            = 3                                         {product} {ergonomic}
     uint G1ConcRefinementThreads                  = 13                                        {product} {ergonomic}
   size_t G1HeapRegionSize                         = 1048576                                   {product} {ergonomic}
    uintx GCDrainStackTargetSize                   = 64                                        {product} {ergonomic}
   size_t InitialHeapSize                          = 266338304                                 {product} {ergonomic}
   size_t MarkStackSize                            = 4194304                                   {product} {ergonomic}
   size_t MaxHeapSize                              = 2147483648                                {product} {command line}
   size_t MaxMetaspaceSize                         = 536870912                                 {product} {command line}
   size_t MaxNewSize                               = 1287651328                                {product} {ergonomic}
   size_t MinHeapDeltaBytes                        = 1048576                                   {product} {ergonomic}
   size_t MinHeapSize                              = 8388608                                   {product} {ergonomic}
    uintx NonNMethodCodeHeapSize                   = 7602480                                {pd product} {ergonomic}
    uintx NonProfiledCodeHeapSize                  = 122027880                              {pd product} {ergonomic}
    uintx ProfiledCodeHeapSize                     = 122027880                              {pd product} {ergonomic}
    uintx ReservedCodeCacheSize                    = 251658240                              {pd product} {ergonomic}
     bool SegmentedCodeCache                       = true                                      {product} {ergonomic}
   size_t SoftMaxHeapSize                          = 2147483648                             {manageable} {ergonomic}
     bool UseCompressedClassPointers               = true                           {product lp64_product} {ergonomic}
     bool UseCompressedOops                        = true                           {product lp64_product} {ergonomic}
     bool UseG1GC                                  = true                                      {product} {ergonomic}
     bool UseLargePagesIndividualAllocation        = false                                  {pd product} {ergonomic}

Logging:
Log output configuration:
 #0: stdout all=warning uptime,level,tags
 #1: stderr all=off uptime,level,tags

Environment Variables:
JAVA_HOME=C:\Users\Sayan Ghosh\AppData\Local\Programs\Eclipse Adoptium\jdk-17.0.8.7-hotspot\
CLASSPATH=F:\Programs\React Native APP\Spotify\android\\gradle\wrapper\gradle-wrapper.jar
PATH=F:\Programs\React Native APP\Spotify\node_modules\.bin;F:\Programs\React Native APP\Spotify\node_modules\.bin;F:\Programs\React Native APP\node_modules\.bin;F:\Programs\node_modules\.bin;F:\node_modules\.bin;C:\Users\Sayan Ghosh\AppData\Roaming\npm\node_modules\npm\node_modules\@npmcli\run-script\lib\node-gyp-bin;F:\Programs\React Native APP\Spotify\node_modules\.bin;F:\Programs\React Native APP\node_modules\.bin;F:\Programs\node_modules\.bin;F:\node_modules\.bin;C:\Users\Sayan Ghosh\AppData\Roaming\npm\node_modules\npm\node_modules\@npmcli\run-script\lib\node-gyp-bin;C:\Python311\Scripts\;C:\Python311\;C:\WINDOWS\system32;C:\WINDOWS;C:\WINDOWS\System32\Wbem;C:\WINDOWS\System32\WindowsPowerShell\v1.0\;C:\WINDOWS\System32\OpenSSH\;C:\Program Files (x86)\NVIDIA Corporation\PhysX\Common;C:\Program Files\NVIDIA Corporation\NVIDIA NvDLISR;C:\MinGW\bin;C:\Program Files\Git\cmd;C:\Program Files\nodejs\;C:\ProgramData\chocolatey\bin;C:\Users\Sayan Ghosh\AppData\Local\Android\Sdk;C:\Users\Sayan Ghosh\AppData\Local\Android\Sdk\platform-tools;C:\Users\Sayan Ghosh\AppData\Local\Android\Sdk\emulator;C:\Users\Sayan Ghosh\AppData\Local\Android\Sdk\tools;C:\Users\Sayan Ghosh\AppData\Local\Android\Sdk\tools\bin;C:\Users\Sayan Ghosh\AppData\Local\Programs\Eclipse Adoptium\jdk-17.0.8.7-hotspot\bin;C:\Users\Sayan Ghosh\AppData\Local\Microsoft\WindowsApps;C:\Microsoft VS Code\bin;C:\Users\Sayan Ghosh\AppData\Local\GitHubDesktop\bin;C:\Users\Sayan Ghosh\AppData\Roaming\npm;C:\flutter\bin;C:\tools\dart-sdk\bin;C:\Users\Sayan Ghosh\AppData\Local\Pub\Cache\bin;C:\Users\Sayan Ghosh\AppData\Local\Android\Sdk;C:\Users\Sayan Ghosh\AppData\Local\Android\Sdk\platform-tools;C:\Users\Sayan Ghosh\AppData\Local\Android\Sdk\emulator;C:\Users\Sayan Ghosh\AppData\Local\Android\Sdk\tools;C:\Users\Sayan Ghosh\AppData\Local\Android\Sdk\tools\bin;
USERNAME=Sayan Ghosh
LANG=en_US.UTF-8
OS=Windows_NT
PROCESSOR_IDENTIFIER=Intel64 Family 6 Model 191 Stepping 2, GenuineIntel
TMP=C:\Users\SAYANG~1\AppData\Local\Temp
TEMP=C:\Users\SAYANG~1\AppData\Local\Temp



---------------  S Y S T E M  ---------------

OS:
 Windows 11 , 64 bit Build 22621 (10.0.22621.3085)
OS uptime: 0 days 20:26 hours
Hyper-V role detected

CPU: total 16 (initial active 16) (8 cores per cpu, 2 threads per core) family 6 model 191 stepping 2 microcode 0x26, cx8, cmov, fxsr, ht, mmx, 3dnowpref, sse, sse2, sse3, ssse3, sse4.1, sse4.2, popcnt, lzcnt, tsc, tscinvbit, avx, avx2, aes, erms, clmul, bmi1, bmi2, adx, sha, fma, vzeroupper, clflush, clflushopt, clwb, hv
Processor Information for all 16 processors :
  Max Mhz: 2500, Current Mhz: 2500, Mhz Limit: 2500

Memory: 4k page, system-wide physical 16218M (3947M free)
TotalPageFile size 16218M (AvailPageFile size 5M)
current process WorkingSet (physical memory assigned to process): 271M, peak: 284M
current process commit charge ("private bytes"): 324M, peak: 470M

vm_info: OpenJDK 64-Bit Server VM (17.0.8+7) for windows-amd64 JRE (17.0.8+7), built on Jul 18 2023 21:02:32 by "admin" with MS VC++ 16.7 (VS2019)

END.
