#
# There is insufficient memory for the Java Runtime Environment to continue.
# Native memory allocation (malloc) failed to allocate 56688 bytes for Chunk::new
# Possible reasons:
#   The system is out of physical RAM or swap space
#   The process is running with CompressedOops enabled, and the Java Heap may be blocking the growth of the native heap
# Possible solutions:
#   Reduce memory load on the system
#   Increase physical memory or swap space
#   Check if swap backing store is full
#   Decrease Java heap size (-Xmx/-Xms)
#   Decrease number of Java threads
#   Decrease Java thread stack sizes (-Xss)
#   Set larger code cache with -XX:ReservedCodeCacheSize=
#   JVM is running with Unscaled Compressed Oops mode in which the Java heap is
#     placed in the first 4GB address space. The Java Heap base address is the
#     maximum limit for the native heap growth. Please use -XX:HeapBaseMinAddress
#     to set the Java Heap base and to place the Java Heap above 4GB virtual address.
# This output file may be truncated or incomplete.
#
#  Out of Memory Error (arena.cpp:189), pid=10184, tid=21980
#
# JRE version: OpenJDK Runtime Environment Temurin-17.0.8+7 (17.0.8+7) (build 17.0.8+7)
# Java VM: OpenJDK 64-Bit Server VM Temurin-17.0.8+7 (17.0.8+7, mixed mode, sharing, tiered, compressed oops, compressed class ptrs, g1 gc, windows-amd64)
# No core dump will be written. Minidumps are not enabled by default on client versions of Windows
#

---------------  S U M M A R Y ------------

Command Line: -Xmx64m -Xms64m -Dorg.gradle.appname=gradlew org.gradle.wrapper.GradleWrapperMain app:installDebug -PreactNativeDevServerPort=8081

Host: 13th Gen Intel(R) Core(TM) i5-13400F, 16 cores, 15G,  Windows 11 , 64 bit Build 22621 (10.0.22621.3085)
Time: Wed Feb 28 21:40:25 2024 India Standard Time elapsed time: 10.247689 seconds (0d 0h 0m 10s)

---------------  T H R E A D  ---------------

Current thread (0x000001ebd09406a0):  JavaThread "C2 CompilerThread1" daemon [_thread_in_native, id=21980, stack(0x000000ebce400000,0x000000ebce500000)]


Current CompileTask:
C2:  10247 1748       4       org.gradle.internal.logging.text.AbstractLineChoppingStyledTextOutput$1::execute (9 bytes)

Stack: [0x000000ebce400000,0x000000ebce500000]
Native frames: (J=compiled Java code, j=interpreted, Vv=VM code, C=native code)
V  [jvm.dll+0x678b0a]
V  [jvm.dll+0x835e84]
V  [jvm.dll+0x83762e]
V  [jvm.dll+0x837c93]
V  [jvm.dll+0x24746f]
V  [jvm.dll+0xac20c]
V  [jvm.dll+0xac7dc]
V  [jvm.dll+0x365ca7]
V  [jvm.dll+0x1bd012]
V  [jvm.dll+0x219d49]
V  [jvm.dll+0x219011]
V  [jvm.dll+0x1a534d]
V  [jvm.dll+0x228d8a]
V  [jvm.dll+0x226dcc]
V  [jvm.dll+0x7ec09b]
V  [jvm.dll+0x7e64ca]
V  [jvm.dll+0x677955]
C  [ucrtbase.dll+0x29363]
C  [KERNEL32.DLL+0x1257d]
C  [ntdll.dll+0x5aa58]


---------------  P R O C E S S  ---------------

Threads class SMR info:
_java_thread_list=0x000001ebd12ffda0, length=16, elements={
0x000001ebef4b4540, 0x000001ebfa93c7d0, 0x000001ebfa93d650, 0x000001ebfa9552b0,
0x000001ebfa955e70, 0x000001ebfa956a30, 0x000001ebfa959500, 0x000001ebfa95bd60,
0x000001ebfa95e730, 0x000001ebfa961e00, 0x000001ebfabc6e80, 0x000001ebfabc97b0,
0x000001ebd0121910, 0x000001ebd09406a0, 0x000001ebd093e6c0, 0x000001ebd093fc00
}

Java Threads: ( => current thread )
  0x000001ebef4b4540 JavaThread "main" [_thread_blocked, id=16504, stack(0x000000ebcd400000,0x000000ebcd500000)]
  0x000001ebfa93c7d0 JavaThread "Reference Handler" daemon [_thread_blocked, id=17436, stack(0x000000ebcdb00000,0x000000ebcdc00000)]
  0x000001ebfa93d650 JavaThread "Finalizer" daemon [_thread_blocked, id=20720, stack(0x000000ebcdc00000,0x000000ebcdd00000)]
  0x000001ebfa9552b0 JavaThread "Signal Dispatcher" daemon [_thread_blocked, id=20980, stack(0x000000ebcdd00000,0x000000ebcde00000)]
  0x000001ebfa955e70 JavaThread "Attach Listener" daemon [_thread_blocked, id=20556, stack(0x000000ebcde00000,0x000000ebcdf00000)]
  0x000001ebfa956a30 JavaThread "Service Thread" daemon [_thread_blocked, id=20924, stack(0x000000ebcdf00000,0x000000ebce000000)]
  0x000001ebfa959500 JavaThread "Monitor Deflation Thread" daemon [_thread_blocked, id=7956, stack(0x000000ebce000000,0x000000ebce100000)]
  0x000001ebfa95bd60 JavaThread "C2 CompilerThread0" daemon [_thread_blocked, id=9968, stack(0x000000ebce100000,0x000000ebce200000)]
  0x000001ebfa95e730 JavaThread "C1 CompilerThread0" daemon [_thread_in_native, id=8544, stack(0x000000ebce200000,0x000000ebce300000)]
  0x000001ebfa961e00 JavaThread "Sweeper thread" daemon [_thread_blocked, id=20128, stack(0x000000ebce300000,0x000000ebce400000)]
  0x000001ebfabc6e80 JavaThread "Notification Thread" daemon [_thread_blocked, id=9776, stack(0x000000ebce500000,0x000000ebce600000)]
  0x000001ebfabc97b0 JavaThread "Common-Cleaner" daemon [_thread_blocked, id=20988, stack(0x000000ebce700000,0x000000ebce800000)]
  0x000001ebd0121910 JavaThread "DisconnectableInputStream source reader" daemon [_thread_in_native, id=21624, stack(0x000000ebce900000,0x000000ebcea00000)]
=>0x000001ebd09406a0 JavaThread "C2 CompilerThread1" daemon [_thread_in_native, id=21980, stack(0x000000ebce400000,0x000000ebce500000)]
  0x000001ebd093e6c0 JavaThread "C2 CompilerThread2" daemon [_thread_blocked, id=21868, stack(0x000000ebce800000,0x000000ebce900000)]
  0x000001ebd093fc00 JavaThread "C2 CompilerThread3" daemon [_thread_blocked, id=21848, stack(0x000000ebcea00000,0x000000ebceb00000)]

Other Threads:
  0x000001ebfa938420 VMThread "VM Thread" [stack: 0x000000ebcda00000,0x000000ebcdb00000] [id=10652]
  0x000001ebfabc7360 WatcherThread [stack: 0x000000ebce600000,0x000000ebce700000] [id=15760]
  0x000001ebef4d3f20 GCTaskThread "GC Thread#0" [stack: 0x000000ebcd500000,0x000000ebcd600000] [id=14448]
  0x000001ebd0387240 GCTaskThread "GC Thread#1" [stack: 0x000000ebced00000,0x000000ebcee00000] [id=16440]
  0x000001ebd061e9e0 GCTaskThread "GC Thread#2" [stack: 0x000000ebcee00000,0x000000ebcef00000] [id=9388]
  0x000001ebd07b7850 GCTaskThread "GC Thread#3" [stack: 0x000000ebcef00000,0x000000ebcf000000] [id=10852]
  0x000001ebd0122930 GCTaskThread "GC Thread#4" [stack: 0x000000ebcf000000,0x000000ebcf100000] [id=7772]
  0x000001ebd1300fb0 GCTaskThread "GC Thread#5" [stack: 0x000000ebcf400000,0x000000ebcf500000] [id=7312]
  0x000001ebd13001f0 GCTaskThread "GC Thread#6" [stack: 0x000000ebcf600000,0x000000ebcf700000] [id=20264]
  0x000001ebd1300770 GCTaskThread "GC Thread#7" [stack: 0x000000ebcf700000,0x000000ebcf800000] [id=14404]
  0x000001ebd13017f0 GCTaskThread "GC Thread#8" [stack: 0x000000ebcf800000,0x000000ebcf900000] [id=16488]
  0x000001ebd1300a30 GCTaskThread "GC Thread#9" [stack: 0x000000ebcf900000,0x000000ebcfa00000] [id=21044]
  0x000001ebef4d5670 ConcurrentGCThread "G1 Main Marker" [stack: 0x000000ebcd600000,0x000000ebcd700000] [id=19596]
  0x000001ebef4d6080 ConcurrentGCThread "G1 Conc#0" [stack: 0x000000ebcd700000,0x000000ebcd800000] [id=8656]
  0x000001ebef548e70 ConcurrentGCThread "G1 Refine#0" [stack: 0x000000ebcd800000,0x000000ebcd900000] [id=1648]
  0x000001ebef5498a0 ConcurrentGCThread "G1 Service" [stack: 0x000000ebcd900000,0x000000ebcda00000] [id=9172]

Threads with active compile tasks:
C1 CompilerThread0    10255 1764       3       java.lang.reflect.AccessibleObject::checkCanSetAccessible (368 bytes)
C2 CompilerThread1    10255 1748       4       org.gradle.internal.logging.text.AbstractLineChoppingStyledTextOutput$1::execute (9 bytes)

VM state: not at safepoint (normal execution)

VM Mutex/Monitor currently owned by a thread: None

Heap address: 0x00000000fc000000, size: 64 MB, Compressed Oops mode: 32-bit

CDS archive(s) mapped at: [0x000001eb8f000000-0x000001eb8fbd0000-0x000001eb8fbd0000), size 12386304, SharedBaseAddress: 0x000001eb8f000000, ArchiveRelocationMode: 1.
Compressed class space mapped at: 0x000001eb90000000-0x000001ebd0000000, reserved size: 1073741824
Narrow klass base: 0x000001eb8f000000, Narrow klass shift: 0, Narrow klass range: 0x100000000

GC Precious Log:
 CPUs: 16 total, 16 available
 Memory: 16218M
 Large Page Support: Disabled
 NUMA Support: Disabled
 Compressed Oops: Enabled (32-bit)
 Heap Region Size: 1M
 Heap Min Capacity: 64M
 Heap Initial Capacity: 64M
 Heap Max Capacity: 64M
 Pre-touch: Disabled
 Parallel Workers: 13
 Concurrent Workers: 3
 Concurrent Refinement Workers: 13
 Periodic GC: Disabled

Heap:
 garbage-first heap   total 65536K, used 16318K [0x00000000fc000000, 0x0000000100000000)
  region size 1024K, 7 young (7168K), 3 survivors (3072K)
 Metaspace       used 9731K, committed 9920K, reserved 1114112K
  class space    used 1266K, committed 1344K, reserved 1048576K

Heap Regions: E=young(eden), S=young(survivor), O=old, HS=humongous(starts), HC=humongous(continues), CS=collection set, F=free, OA=open archive, CA=closed archive, TAMS=top-at-mark-start (previous, next)
|   0|0x00000000fc000000, 0x00000000fc100000, 0x00000000fc100000|100%|HS|  |TAMS 0x00000000fc000000, 0x00000000fc000000| Complete 
|   1|0x00000000fc100000, 0x00000000fc200000, 0x00000000fc200000|100%|HC|  |TAMS 0x00000000fc100000, 0x00000000fc100000| Complete 
|   2|0x00000000fc200000, 0x00000000fc300000, 0x00000000fc300000|100%|HC|  |TAMS 0x00000000fc200000, 0x00000000fc200000| Complete 
|   3|0x00000000fc300000, 0x00000000fc400000, 0x00000000fc400000|100%|HC|  |TAMS 0x00000000fc300000, 0x00000000fc300000| Complete 
|   4|0x00000000fc400000, 0x00000000fc500000, 0x00000000fc500000|100%| O|  |TAMS 0x00000000fc400000, 0x00000000fc400000| Untracked 
|   5|0x00000000fc500000, 0x00000000fc600000, 0x00000000fc600000|100%| O|  |TAMS 0x00000000fc500000, 0x00000000fc500000| Untracked 
|   6|0x00000000fc600000, 0x00000000fc700000, 0x00000000fc700000|100%| O|  |TAMS 0x00000000fc600000, 0x00000000fc600000| Untracked 
|   7|0x00000000fc700000, 0x00000000fc800000, 0x00000000fc800000|100%| O|  |TAMS 0x00000000fc700000, 0x00000000fc700000| Untracked 
|   8|0x00000000fc800000, 0x00000000fc900000, 0x00000000fc900000|100%| O|  |TAMS 0x00000000fc800000, 0x00000000fc800000| Untracked 
|   9|0x00000000fc900000, 0x00000000fca00000, 0x00000000fca00000|100%| O|  |TAMS 0x00000000fc900000, 0x00000000fc900000| Untracked 
|  10|0x00000000fca00000, 0x00000000fcaa8000, 0x00000000fcb00000| 65%| O|  |TAMS 0x00000000fca00000, 0x00000000fca00000| Untracked 
|  11|0x00000000fcb00000, 0x00000000fcb00000, 0x00000000fcc00000|  0%| F|  |TAMS 0x00000000fcb00000, 0x00000000fcb00000| Untracked 
|  12|0x00000000fcc00000, 0x00000000fcc00000, 0x00000000fcd00000|  0%| F|  |TAMS 0x00000000fcc00000, 0x00000000fcc00000| Untracked 
|  13|0x00000000fcd00000, 0x00000000fcd00000, 0x00000000fce00000|  0%| F|  |TAMS 0x00000000fcd00000, 0x00000000fcd00000| Untracked 
|  14|0x00000000fce00000, 0x00000000fce00000, 0x00000000fcf00000|  0%| F|  |TAMS 0x00000000fce00000, 0x00000000fce00000| Untracked 
|  15|0x00000000fcf00000, 0x00000000fcf00000, 0x00000000fd000000|  0%| F|  |TAMS 0x00000000fcf00000, 0x00000000fcf00000| Untracked 
|  16|0x00000000fd000000, 0x00000000fd000000, 0x00000000fd100000|  0%| F|  |TAMS 0x00000000fd000000, 0x00000000fd000000| Untracked 
|  17|0x00000000fd100000, 0x00000000fd100000, 0x00000000fd200000|  0%| F|  |TAMS 0x00000000fd100000, 0x00000000fd100000| Untracked 
|  18|0x00000000fd200000, 0x00000000fd200000, 0x00000000fd300000|  0%| F|  |TAMS 0x00000000fd200000, 0x00000000fd200000| Untracked 
|  19|0x00000000fd300000, 0x00000000fd300000, 0x00000000fd400000|  0%| F|  |TAMS 0x00000000fd300000, 0x00000000fd300000| Untracked 
|  20|0x00000000fd400000, 0x00000000fd400000, 0x00000000fd500000|  0%| F|  |TAMS 0x00000000fd400000, 0x00000000fd400000| Untracked 
|  21|0x00000000fd500000, 0x00000000fd500000, 0x00000000fd600000|  0%| F|  |TAMS 0x00000000fd500000, 0x00000000fd500000| Untracked 
|  22|0x00000000fd600000, 0x00000000fd600000, 0x00000000fd700000|  0%| F|  |TAMS 0x00000000fd600000, 0x00000000fd600000| Untracked 
|  23|0x00000000fd700000, 0x00000000fd700000, 0x00000000fd800000|  0%| F|  |TAMS 0x00000000fd700000, 0x00000000fd700000| Untracked 
|  24|0x00000000fd800000, 0x00000000fd800000, 0x00000000fd900000|  0%| F|  |TAMS 0x00000000fd800000, 0x00000000fd800000| Untracked 
|  25|0x00000000fd900000, 0x00000000fd900000, 0x00000000fda00000|  0%| F|  |TAMS 0x00000000fd900000, 0x00000000fd900000| Untracked 
|  26|0x00000000fda00000, 0x00000000fda00000, 0x00000000fdb00000|  0%| F|  |TAMS 0x00000000fda00000, 0x00000000fda00000| Untracked 
|  27|0x00000000fdb00000, 0x00000000fdb00000, 0x00000000fdc00000|  0%| F|  |TAMS 0x00000000fdb00000, 0x00000000fdb00000| Untracked 
|  28|0x00000000fdc00000, 0x00000000fdc00000, 0x00000000fdd00000|  0%| F|  |TAMS 0x00000000fdc00000, 0x00000000fdc00000| Untracked 
|  29|0x00000000fdd00000, 0x00000000fdd00000, 0x00000000fde00000|  0%| F|  |TAMS 0x00000000fdd00000, 0x00000000fdd00000| Untracked 
|  30|0x00000000fde00000, 0x00000000fde00000, 0x00000000fdf00000|  0%| F|  |TAMS 0x00000000fde00000, 0x00000000fde00000| Untracked 
|  31|0x00000000fdf00000, 0x00000000fdf00000, 0x00000000fe000000|  0%| F|  |TAMS 0x00000000fdf00000, 0x00000000fdf00000| Untracked 
|  32|0x00000000fe000000, 0x00000000fe000000, 0x00000000fe100000|  0%| F|  |TAMS 0x00000000fe000000, 0x00000000fe000000| Untracked 
|  33|0x00000000fe100000, 0x00000000fe100000, 0x00000000fe200000|  0%| F|  |TAMS 0x00000000fe100000, 0x00000000fe100000| Untracked 
|  34|0x00000000fe200000, 0x00000000fe200000, 0x00000000fe300000|  0%| F|  |TAMS 0x00000000fe200000, 0x00000000fe200000| Untracked 
|  35|0x00000000fe300000, 0x00000000fe300000, 0x00000000fe400000|  0%| F|  |TAMS 0x00000000fe300000, 0x00000000fe300000| Untracked 
|  36|0x00000000fe400000, 0x00000000fe447b40, 0x00000000fe500000| 28%| S|CS|TAMS 0x00000000fe400000, 0x00000000fe400000| Complete 
|  37|0x00000000fe500000, 0x00000000fe600000, 0x00000000fe600000|100%| S|CS|TAMS 0x00000000fe500000, 0x00000000fe500000| Complete 
|  38|0x00000000fe600000, 0x00000000fe600000, 0x00000000fe700000|  0%| F|  |TAMS 0x00000000fe600000, 0x00000000fe600000| Untracked 
|  39|0x00000000fe700000, 0x00000000fe700000, 0x00000000fe800000|  0%| F|  |TAMS 0x00000000fe700000, 0x00000000fe700000| Untracked 
|  40|0x00000000fe800000, 0x00000000fe800000, 0x00000000fe900000|  0%| F|  |TAMS 0x00000000fe800000, 0x00000000fe800000| Untracked 
|  41|0x00000000fe900000, 0x00000000fea00000, 0x00000000fea00000|100%| S|CS|TAMS 0x00000000fe900000, 0x00000000fe900000| Complete 
|  42|0x00000000fea00000, 0x00000000fea00000, 0x00000000feb00000|  0%| F|  |TAMS 0x00000000fea00000, 0x00000000fea00000| Untracked 
|  43|0x00000000feb00000, 0x00000000feb00000, 0x00000000fec00000|  0%| F|  |TAMS 0x00000000feb00000, 0x00000000feb00000| Untracked 
|  44|0x00000000fec00000, 0x00000000fec00000, 0x00000000fed00000|  0%| F|  |TAMS 0x00000000fec00000, 0x00000000fec00000| Untracked 
|  45|0x00000000fed00000, 0x00000000fed00000, 0x00000000fee00000|  0%| F|  |TAMS 0x00000000fed00000, 0x00000000fed00000| Untracked 
|  46|0x00000000fee00000, 0x00000000fee00000, 0x00000000fef00000|  0%| F|  |TAMS 0x00000000fee00000, 0x00000000fee00000| Untracked 
|  47|0x00000000fef00000, 0x00000000fef00000, 0x00000000ff000000|  0%| F|  |TAMS 0x00000000fef00000, 0x00000000fef00000| Untracked 
|  48|0x00000000ff000000, 0x00000000ff000000, 0x00000000ff100000|  0%| F|  |TAMS 0x00000000ff000000, 0x00000000ff000000| Untracked 
|  49|0x00000000ff100000, 0x00000000ff100000, 0x00000000ff200000|  0%| F|  |TAMS 0x00000000ff100000, 0x00000000ff100000| Untracked 
|  50|0x00000000ff200000, 0x00000000ff200000, 0x00000000ff300000|  0%| F|  |TAMS 0x00000000ff200000, 0x00000000ff200000| Untracked 
|  51|0x00000000ff300000, 0x00000000ff300000, 0x00000000ff400000|  0%| F|  |TAMS 0x00000000ff300000, 0x00000000ff300000| Untracked 
|  52|0x00000000ff400000, 0x00000000ff400000, 0x00000000ff500000|  0%| F|  |TAMS 0x00000000ff400000, 0x00000000ff400000| Untracked 
|  53|0x00000000ff500000, 0x00000000ff500000, 0x00000000ff600000|  0%| F|  |TAMS 0x00000000ff500000, 0x00000000ff500000| Untracked 
|  54|0x00000000ff600000, 0x00000000ff600000, 0x00000000ff700000|  0%| F|  |TAMS 0x00000000ff600000, 0x00000000ff600000| Untracked 
|  55|0x00000000ff700000, 0x00000000ff700000, 0x00000000ff800000|  0%| F|  |TAMS 0x00000000ff700000, 0x00000000ff700000| Untracked 
|  56|0x00000000ff800000, 0x00000000ff800000, 0x00000000ff900000|  0%| F|  |TAMS 0x00000000ff800000, 0x00000000ff800000| Untracked 
|  57|0x00000000ff900000, 0x00000000ff900000, 0x00000000ffa00000|  0%| F|  |TAMS 0x00000000ff900000, 0x00000000ff900000| Untracked 
|  58|0x00000000ffa00000, 0x00000000ffa00000, 0x00000000ffb00000|  0%| F|  |TAMS 0x00000000ffa00000, 0x00000000ffa00000| Untracked 
|  59|0x00000000ffb00000, 0x00000000ffb00000, 0x00000000ffc00000|  0%| F|  |TAMS 0x00000000ffb00000, 0x00000000ffb00000| Untracked 
|  60|0x00000000ffc00000, 0x00000000ffd00000, 0x00000000ffd00000|100%| E|  |TAMS 0x00000000ffc00000, 0x00000000ffc00000| Complete 
|  61|0x00000000ffd00000, 0x00000000ffe00000, 0x00000000ffe00000|100%| E|CS|TAMS 0x00000000ffd00000, 0x00000000ffd00000| Complete 
|  62|0x00000000ffe00000, 0x00000000fff00000, 0x00000000fff00000|100%| E|CS|TAMS 0x00000000ffe00000, 0x00000000ffe00000| Complete 
|  63|0x00000000fff00000, 0x0000000100000000, 0x0000000100000000|100%| E|CS|TAMS 0x00000000fff00000, 0x00000000fff00000| Complete 

Card table byte_map: [0x000001ebef3d0000,0x000001ebef3f0000] _byte_map_base: 0x000001ebeebf0000

Marking Bits (Prev, Next): (CMBitMap*) 0x000001ebef4d4540, (CMBitMap*) 0x000001ebef4d4580
 Prev Bits: [0x000001ebf7820000, 0x000001ebf7920000)
 Next Bits: [0x000001ebf7920000, 0x000001ebf7a20000)

Polling page: 0x000001ebed4a0000

Metaspace:

Usage:
  Non-class:      8.27 MB used.
      Class:      1.24 MB used.
       Both:      9.50 MB used.

Virtual space:
  Non-class space:       64.00 MB reserved,       8.38 MB ( 13%) committed,  1 nodes.
      Class space:        1.00 GB reserved,       1.31 MB ( <1%) committed,  1 nodes.
             Both:        1.06 GB reserved,       9.69 MB ( <1%) committed. 

Chunk freelists:
   Non-Class:  6.77 MB
       Class:  14.58 MB
        Both:  21.34 MB

MaxMetaspaceSize: unlimited
CompressedClassSpaceSize: 1.00 GB
Initial GC threshold: 21.00 MB
Current GC threshold: 21.00 MB
CDS: on
MetaspaceReclaimPolicy: balanced
 - commit_granule_bytes: 65536.
 - commit_granule_words: 8192.
 - virtual_space_node_default_size: 8388608.
 - enlarge_chunks_in_place: 1.
 - new_chunks_are_fully_committed: 0.
 - uncommit_free_chunks: 1.
 - use_allocation_guard: 0.
 - handle_deallocations: 1.


Internal statistics:

num_allocs_failed_limit: 0.
num_arena_births: 94.
num_arena_deaths: 0.
num_vsnodes_births: 2.
num_vsnodes_deaths: 0.
num_space_committed: 155.
num_space_uncommitted: 0.
num_chunks_returned_to_freelist: 0.
num_chunks_taken_from_freelist: 342.
num_chunk_merges: 0.
num_chunk_splits: 230.
num_chunks_enlarged: 186.
num_inconsistent_stats: 0.

CodeHeap 'non-profiled nmethods': size=119168Kb used=717Kb max_used=717Kb free=118450Kb
 bounds [0x000001eb87ba0000, 0x000001eb87e10000, 0x000001eb8f000000]
CodeHeap 'profiled nmethods': size=119104Kb used=3570Kb max_used=3570Kb free=115533Kb
 bounds [0x000001eb80000000, 0x000001eb80380000, 0x000001eb87450000]
CodeHeap 'non-nmethods': size=7488Kb used=1183Kb max_used=2887Kb free=6304Kb
 bounds [0x000001eb87450000, 0x000001eb87730000, 0x000001eb87ba0000]
 total_blobs=2247 nmethods=1764 adapters=396
 compilation: enabled
              stopped_count=0, restarted_count=0
 full_count=0

Compilation events (20 events):
Event: 10.242 Thread 0x000001ebfa95e730 nmethod 1744 0x000001eb80377790 code [0x000001eb803779c0, 0x000001eb80378198]
Event: 10.242 Thread 0x000001ebfa95bd60 nmethod 1743 0x000001eb87c4ec10 code [0x000001eb87c4ed80, 0x000001eb87c4ee58]
Event: 10.242 Thread 0x000001ebfa95bd60 1745       4       org.gradle.internal.logging.text.AbstractLineChoppingStyledTextOutput$StateContext::isCurrentCharEquals (70 bytes)
Event: 10.242 Thread 0x000001ebfa95e730 1746       3       java.nio.charset.CoderResult::isOverflow (14 bytes)
Event: 10.242 Thread 0x000001ebfa95e730 nmethod 1746 0x000001eb80378490 code [0x000001eb80378620, 0x000001eb80378798]
Event: 10.243 Thread 0x000001ebfa95bd60 nmethod 1745 0x000001eb87c4ef10 code [0x000001eb87c4f0a0, 0x000001eb87c4f1e8]
Event: 10.243 Thread 0x000001ebfa95bd60 1747       4       org.gradle.internal.logging.text.AbstractLineChoppingStyledTextOutput$StateContext::hasChar (25 bytes)
Event: 10.243 Thread 0x000001ebd09406a0 1748       4       org.gradle.internal.logging.text.AbstractLineChoppingStyledTextOutput$1::execute (9 bytes)
Event: 10.243 Thread 0x000001ebfa95bd60 nmethod 1747 0x000001eb87c4f390 code [0x000001eb87c4f500, 0x000001eb87c4f598]
Event: 10.243 Thread 0x000001ebfa95bd60 1749       4       org.gradle.internal.logging.text.AbstractLineChoppingStyledTextOutput$1::execute (140 bytes)
Event: 10.244 Thread 0x000001ebfa95e730 1751       3       java.lang.invoke.MethodHandleNatives::findMethodHandleType (7 bytes)
Event: 10.244 Thread 0x000001ebfa95e730 nmethod 1751 0x000001eb80378810 code [0x000001eb803789a0, 0x000001eb80378ac8]
Event: 10.244 Thread 0x000001ebfa95e730 1752       3       java.lang.invoke.TypeConvertingMethodAdapter::descriptorToName (36 bytes)
Event: 10.245 Thread 0x000001ebfa95e730 nmethod 1752 0x000001eb80378b90 code [0x000001eb80378e20, 0x000001eb803799c8]
Event: 10.245 Thread 0x000001ebfa95e730 1754       3       java.lang.invoke.DirectMethodHandle::<init> (148 bytes)
Event: 10.246 Thread 0x000001ebfa95e730 nmethod 1754 0x000001eb80379e90 code [0x000001eb8037a140, 0x000001eb8037b088]
Event: 10.246 Thread 0x000001ebfa95e730 1756       3       java.lang.invoke.MethodType::changeReturnType (20 bytes)
Event: 10.246 Thread 0x000001ebfa95e730 nmethod 1756 0x000001eb8037b590 code [0x000001eb8037b740, 0x000001eb8037b908]
Event: 10.246 Thread 0x000001ebfa95e730 1755       3       java.lang.invoke.MethodHandleNatives::refKindHasReceiver (33 bytes)
Event: 10.246 Thread 0x000001ebfa95e730 nmethod 1755 0x000001eb8037b990 code [0x000001eb8037bb20, 0x000001eb8037bc78]

GC Heap History (4 events):
Event: 0.351 GC heap before
{Heap before GC invocations=0 (full 0):
 garbage-first heap   total 65536K, used 26624K [0x00000000fc000000, 0x0000000100000000)
  region size 1024K, 23 young (23552K), 0 survivors (0K)
 Metaspace       used 3460K, committed 3648K, reserved 1114112K
  class space    used 399K, committed 512K, reserved 1048576K
}
Event: 0.355 GC heap after
{Heap after GC invocations=1 (full 0):
 garbage-first heap   total 65536K, used 10760K [0x00000000fc000000, 0x0000000100000000)
  region size 1024K, 3 young (3072K), 3 survivors (3072K)
 Metaspace       used 3460K, committed 3648K, reserved 1114112K
  class space    used 399K, committed 512K, reserved 1048576K
}
Event: 0.784 GC heap before
{Heap before GC invocations=1 (full 0):
 garbage-first heap   total 65536K, used 33288K [0x00000000fc000000, 0x0000000100000000)
  region size 1024K, 25 young (25600K), 3 survivors (3072K)
 Metaspace       used 8614K, committed 8832K, reserved 1114112K
  class space    used 1120K, committed 1216K, reserved 1048576K
}
Event: 0.786 GC heap after
{Heap after GC invocations=2 (full 0):
 garbage-first heap   total 65536K, used 13246K [0x00000000fc000000, 0x0000000100000000)
  region size 1024K, 3 young (3072K), 3 survivors (3072K)
 Metaspace       used 8614K, committed 8832K, reserved 1114112K
  class space    used 1120K, committed 1216K, reserved 1048576K
}

Dll operation events (11 events):
Event: 0.006 Loaded shared library C:\Users\Sayan Ghosh\AppData\Local\Programs\Eclipse Adoptium\jdk-17.0.8.7-hotspot\bin\java.dll
Event: 0.019 Loaded shared library C:\Users\Sayan Ghosh\AppData\Local\Programs\Eclipse Adoptium\jdk-17.0.8.7-hotspot\bin\jsvml.dll
Event: 0.042 Loaded shared library C:\Users\Sayan Ghosh\AppData\Local\Programs\Eclipse Adoptium\jdk-17.0.8.7-hotspot\bin\net.dll
Event: 0.043 Loaded shared library C:\Users\Sayan Ghosh\AppData\Local\Programs\Eclipse Adoptium\jdk-17.0.8.7-hotspot\bin\nio.dll
Event: 0.045 Loaded shared library C:\Users\Sayan Ghosh\AppData\Local\Programs\Eclipse Adoptium\jdk-17.0.8.7-hotspot\bin\zip.dll
Event: 0.184 Loaded shared library C:\Users\Sayan Ghosh\AppData\Local\Programs\Eclipse Adoptium\jdk-17.0.8.7-hotspot\bin\jimage.dll
Event: 0.228 Loaded shared library C:\Users\Sayan Ghosh\AppData\Local\Programs\Eclipse Adoptium\jdk-17.0.8.7-hotspot\bin\verify.dll
Event: 0.399 Loaded shared library C:\Users\Sayan Ghosh\.gradle\native\68d5fa5c4cc2d200863cafc0d521ce42e7d3e7ee720ec0a83991735586a16f82\windows-amd64\native-platform.dll
Event: 0.474 Loaded shared library C:\Users\Sayan Ghosh\AppData\Local\Programs\Eclipse Adoptium\jdk-17.0.8.7-hotspot\bin\management.dll
Event: 0.475 Loaded shared library C:\Users\Sayan Ghosh\AppData\Local\Programs\Eclipse Adoptium\jdk-17.0.8.7-hotspot\bin\management_ext.dll
Event: 1.895 Loaded shared library C:\Users\Sayan Ghosh\AppData\Local\Programs\Eclipse Adoptium\jdk-17.0.8.7-hotspot\bin\sunmscapi.dll

Deoptimization events (20 events):
Event: 1.880 Thread 0x000001ebef4b4540 DEOPT PACKING pc=0x000001eb87c39974 sp=0x000000ebcd4fa310
Event: 1.880 Thread 0x000001ebef4b4540 DEOPT UNPACKING pc=0x000001eb874a69a3 sp=0x000000ebcd4fa228 mode 2
Event: 1.880 Thread 0x000001ebef4b4540 Uncommon trap: trap_request=0xffffffc6 fr.pc=0x000001eb87c39974 relative=0x0000000000000434
Event: 1.880 Thread 0x000001ebef4b4540 Uncommon trap: reason=bimorphic_or_optimized_type_check action=maybe_recompile pc=0x000001eb87c39974 method=java.util.HashMap.getNode(Ljava/lang/Object;)Ljava/util/HashMap$Node; @ 128 c2
Event: 1.880 Thread 0x000001ebef4b4540 DEOPT PACKING pc=0x000001eb87c39974 sp=0x000000ebcd4fa310
Event: 1.880 Thread 0x000001ebef4b4540 DEOPT UNPACKING pc=0x000001eb874a69a3 sp=0x000000ebcd4fa228 mode 2
Event: 1.880 Thread 0x000001ebef4b4540 Uncommon trap: trap_request=0xffffffc6 fr.pc=0x000001eb87c37b08 relative=0x0000000000000448
Event: 1.880 Thread 0x000001ebef4b4540 Uncommon trap: reason=bimorphic_or_optimized_type_check action=maybe_recompile pc=0x000001eb87c37b08 method=java.util.HashMap.getNode(Ljava/lang/Object;)Ljava/util/HashMap$Node; @ 128 c2
Event: 1.880 Thread 0x000001ebef4b4540 DEOPT PACKING pc=0x000001eb87c37b08 sp=0x000000ebcd4fa2a0
Event: 1.880 Thread 0x000001ebef4b4540 DEOPT UNPACKING pc=0x000001eb874a69a3 sp=0x000000ebcd4fa228 mode 2
Event: 1.908 Thread 0x000001ebef4b4540 Uncommon trap: trap_request=0xffffff45 fr.pc=0x000001eb87bf1b68 relative=0x0000000000000408
Event: 1.908 Thread 0x000001ebef4b4540 Uncommon trap: reason=unstable_if action=reinterpret pc=0x000001eb87bf1b68 method=java.util.regex.Matcher.match(II)Z @ 76 c2
Event: 1.908 Thread 0x000001ebef4b4540 DEOPT PACKING pc=0x000001eb87bf1b68 sp=0x000000ebcd4fb520
Event: 1.908 Thread 0x000001ebef4b4540 DEOPT UNPACKING pc=0x000001eb874a69a3 sp=0x000000ebcd4fb4d8 mode 2
Event: 10.238 Thread 0x000001ebef4b4540 DEOPT PACKING pc=0x000001eb80153629 sp=0x000000ebcd4fbfc0
Event: 10.238 Thread 0x000001ebef4b4540 DEOPT UNPACKING pc=0x000001eb874a7143 sp=0x000000ebcd4fb3e8 mode 0
Event: 10.240 Thread 0x000001ebef4b4540 Uncommon trap: trap_request=0xffffff45 fr.pc=0x000001eb87c2ee64 relative=0x00000000000001c4
Event: 10.240 Thread 0x000001ebef4b4540 Uncommon trap: reason=unstable_if action=reinterpret pc=0x000001eb87c2ee64 method=java.net.URI$Parser.scan(IILjava/lang/String;)I @ 26 c2
Event: 10.240 Thread 0x000001ebef4b4540 DEOPT PACKING pc=0x000001eb87c2ee64 sp=0x000000ebcd4fc2a0
Event: 10.240 Thread 0x000001ebef4b4540 DEOPT UNPACKING pc=0x000001eb874a69a3 sp=0x000000ebcd4fc230 mode 2

Classes unloaded (0 events):
No events

Classes redefined (0 events):
No events

Internal exceptions (20 events):
Event: 0.391 Thread 0x000001ebef4b4540 Exception <a 'java/lang/NoSuchMethodError'{0x00000000ffeacf30}: 'java.lang.Object java.lang.invoke.Invokers$Holder.invokeExact_MT(java.lang.Object, java.lang.Object, java.lang.Object, java.lang.Object)'> (0x00000000ffeacf30) 
thrown [s\src\hotspot\share\interpreter\linkResolver.cpp, line 759]
Event: 0.459 Thread 0x000001ebef4b4540 Exception <a 'java/lang/NoSuchMethodError'{0x00000000ff812c20}: 'void java.lang.invoke.DirectMethodHandle$Holder.invokeSpecial(java.lang.Object, java.lang.Object, java.lang.Object)'> (0x00000000ff812c20) 
thrown [s\src\hotspot\share\interpreter\linkResolver.cpp, line 759]
Event: 0.464 Thread 0x000001ebef4b4540 Implicit null exception at 0x000001eb87befd0f to 0x000001eb87bf026c
Event: 0.464 Thread 0x000001ebef4b4540 Implicit null exception at 0x000001eb87be328a to 0x000001eb87be37d4
Event: 0.473 Thread 0x000001ebef4b4540 Exception <a 'java/lang/NoSuchMethodError'{0x00000000ff761eb0}: 'java.lang.Object java.lang.invoke.DirectMethodHandle$Holder.invokeStaticInit(java.lang.Object)'> (0x00000000ff761eb0) 
thrown [s\src\hotspot\share\interpreter\linkResolver.cpp, line 759]
Event: 0.519 Thread 0x000001ebef4b4540 Exception <a 'java/lang/NoSuchMethodError'{0x00000000ff348bc8}: 'java.lang.Object java.lang.invoke.DirectMethodHandle$Holder.invokeStaticInit(java.lang.Object, int, int, int, int)'> (0x00000000ff348bc8) 
thrown [s\src\hotspot\share\interpreter\linkResolver.cpp, line 759]
Event: 0.556 Thread 0x000001ebef4b4540 Exception <a 'java/lang/NoSuchMethodError'{0x00000000ff23b928}: 'java.lang.Object java.lang.invoke.DirectMethodHandle$Holder.invokeStaticInit(java.lang.Object, java.lang.Object, int, int, int, int)'> (0x00000000ff23b928) 
thrown [s\src\hotspot\share\interpreter\linkResolver.cpp, line 759]
Event: 0.640 Thread 0x000001ebef4b4540 Exception <a 'java/lang/NoSuchMethodError'{0x00000000ff269c80}: 'void java.lang.invoke.DirectMethodHandle$Holder.invokeStatic(java.lang.Object, java.lang.Object, java.lang.Object)'> (0x00000000ff269c80) 
thrown [s\src\hotspot\share\interpreter\linkResolver.cpp, line 759]
Event: 0.650 Thread 0x000001ebef4b4540 Implicit null exception at 0x000001eb87bd7672 to 0x000001eb87bd7c48
Event: 0.650 Thread 0x000001ebef4b4540 Implicit null exception at 0x000001eb87bde172 to 0x000001eb87bde758
Event: 0.656 Thread 0x000001ebef4b4540 Exception <a 'java/net/ConnectException'{0x00000000ff166260}: Connection refused: no further information> (0x00000000ff166260) 
thrown [s\src\hotspot\share\prims\jni.cpp, line 535]
Event: 0.777 Thread 0x000001ebd04754e0 Exception <a 'java/lang/NoSuchMethodError'{0x00000000fea82b90}: 'void java.lang.invoke.DirectMethodHandle$Holder.invokeStatic(java.lang.Object, long)'> (0x00000000fea82b90) 
thrown [s\src\hotspot\share\interpreter\linkResolver.cpp, line 759]
Event: 0.777 Thread 0x000001ebd04754e0 Exception <a 'java/lang/NoSuchMethodError'{0x00000000fea884e8}: 'java.lang.Object java.lang.invoke.DirectMethodHandle$Holder.newInvokeSpecial(java.lang.Object, long)'> (0x00000000fea884e8) 
thrown [s\src\hotspot\share\interpreter\linkResolver.cpp, line 759]
Event: 0.779 Thread 0x000001ebd04754e0 Exception <a 'java/lang/NoSuchMethodError'{0x00000000fea93090}: 'java.lang.Object java.lang.invoke.DirectMethodHandle$Holder.invokeStaticInit(java.lang.Object, java.lang.Object, long, java.lang.Object)'> (0x00000000fea93090) 
thrown [s\src\hotspot\share\interpreter\linkResolver.cpp, line 759]
Event: 0.779 Thread 0x000001ebd04754e0 Exception <a 'java/lang/NoSuchMethodError'{0x00000000fea99960}: 'java.lang.Object java.lang.invoke.DirectMethodHandle$Holder.newInvokeSpecial(java.lang.Object, java.lang.Object, long)'> (0x00000000fea99960) 
thrown [s\src\hotspot\share\interpreter\linkResolver.cpp, line 759]
Event: 0.779 Thread 0x000001ebd04754e0 Exception <a 'java/lang/NoSuchMethodError'{0x00000000fea9dc50}: 'java.lang.Object java.lang.invoke.Invokers$Holder.linkToTargetMethod(java.lang.Object, long, java.lang.Object)'> (0x00000000fea9dc50) 
thrown [s\src\hotspot\share\interpreter\linkResolver.cpp, line 759]
Event: 10.231 Thread 0x000001ebef4b4540 Exception <a 'sun/net/ConnectionResetException'{0x00000000ffdcfa40}: Connection reset> (0x00000000ffdcfa40) 
thrown [s\src\hotspot\share\prims\jni.cpp, line 535]
Event: 10.239 Thread 0x000001ebef4b4540 Exception <a 'java/lang/NoSuchMethodError'{0x00000000ffc3f450}: 'int java.lang.invoke.DirectMethodHandle$Holder.invokeVirtual(java.lang.Object, java.lang.Object)'> (0x00000000ffc3f450) 
thrown [s\src\hotspot\share\interpreter\linkResolver.cpp, line 759]
Event: 10.240 Thread 0x000001ebd0fd60c0 Exception <a 'java/io/IOException'{0x00000000ffde7de0}: Connection reset by peer> (0x00000000ffde7de0) 
thrown [s\src\hotspot\share\prims\jni.cpp, line 535]
Event: 10.245 Thread 0x000001ebef4b4540 Exception <a 'java/lang/NoSuchMethodError'{0x00000000ffc824e8}: 'void java.lang.invoke.DirectMethodHandle$Holder.invokeStatic(java.lang.Object, int, java.lang.Object)'> (0x00000000ffc824e8) 
thrown [s\src\hotspot\share\interpreter\linkResolver.cpp, line 759]

VM Operations (20 events):
Event: 0.680 Executing VM operation: HandshakeAllThreads
Event: 0.680 Executing VM operation: HandshakeAllThreads done
Event: 0.782 Executing VM operation: HandshakeAllThreads
Event: 0.783 Executing VM operation: HandshakeAllThreads done
Event: 0.784 Executing VM operation: G1CollectForAllocation
Event: 0.786 Executing VM operation: G1CollectForAllocation done
Event: 0.788 Executing VM operation: HandshakeAllThreads
Event: 0.788 Executing VM operation: HandshakeAllThreads done
Event: 1.794 Executing VM operation: Cleanup
Event: 1.794 Executing VM operation: Cleanup done
Event: 1.884 Executing VM operation: HandshakeAllThreads
Event: 1.884 Executing VM operation: HandshakeAllThreads done
Event: 2.888 Executing VM operation: Cleanup
Event: 2.888 Executing VM operation: Cleanup done
Event: 4.912 Executing VM operation: Cleanup
Event: 4.912 Executing VM operation: Cleanup done
Event: 10.243 Executing VM operation: HandshakeAllThreads
Event: 10.243 Executing VM operation: HandshakeAllThreads done
Event: 10.243 Executing VM operation: Cleanup
Event: 10.243 Executing VM operation: Cleanup done

Events (20 events):
Event: 6.203 loading class jdk/internal/reflect/ClassFileAssembler
Event: 6.203 loading class jdk/internal/reflect/ClassFileAssembler done
Event: 6.203 loading class jdk/internal/reflect/UTF8
Event: 6.203 loading class jdk/internal/reflect/UTF8 done
Event: 6.204 loading class jdk/internal/reflect/Label
Event: 6.204 loading class jdk/internal/reflect/Label done
Event: 6.204 loading class jdk/internal/reflect/Label$PatchInfo
Event: 6.204 loading class jdk/internal/reflect/Label$PatchInfo done
Event: 6.204 loading class jdk/internal/reflect/MethodAccessorGenerator$1
Event: 6.204 loading class jdk/internal/reflect/MethodAccessorGenerator$1 done
Event: 6.204 loading class jdk/internal/reflect/ClassDefiner
Event: 6.204 loading class jdk/internal/reflect/ClassDefiner done
Event: 6.204 loading class jdk/internal/reflect/ClassDefiner$1
Event: 6.204 loading class jdk/internal/reflect/ClassDefiner$1 done
Event: 10.231 loading class sun/net/ConnectionResetException
Event: 10.231 loading class sun/net/ConnectionResetException done
Event: 10.241 Thread 0x000001ebd0fd60c0 Thread exited: 0x000001ebd0fd60c0
Event: 10.241 loading class java/util/concurrent/ConcurrentLinkedQueue$Itr
Event: 10.241 loading class java/util/concurrent/ConcurrentLinkedQueue$Itr done
Event: 10.243 Thread 0x000001ebd09406a0 Thread added: 0x000001ebd09406a0


Dynamic libraries:
0x00007ff641ee0000 - 0x00007ff641eee000 	C:\Users\Sayan Ghosh\AppData\Local\Programs\Eclipse Adoptium\jdk-17.0.8.7-hotspot\bin\java.exe
0x00007ffc07e10000 - 0x00007ffc08027000 	C:\WINDOWS\SYSTEM32\ntdll.dll
0x00007ffc074a0000 - 0x00007ffc07564000 	C:\WINDOWS\System32\KERNEL32.DLL
0x00007ffc054a0000 - 0x00007ffc05846000 	C:\WINDOWS\System32\KERNELBASE.dll
0x00007ffc05380000 - 0x00007ffc05491000 	C:\WINDOWS\System32\ucrtbase.dll
0x00007ffc01180000 - 0x00007ffc01197000 	C:\Users\Sayan Ghosh\AppData\Local\Programs\Eclipse Adoptium\jdk-17.0.8.7-hotspot\bin\jli.dll
0x00007ffc010e0000 - 0x00007ffc010f9000 	C:\Users\Sayan Ghosh\AppData\Local\Programs\Eclipse Adoptium\jdk-17.0.8.7-hotspot\bin\VCRUNTIME140.dll
0x00007ffc076d0000 - 0x00007ffc0787e000 	C:\WINDOWS\System32\USER32.dll
0x00007ffc05350000 - 0x00007ffc05376000 	C:\WINDOWS\System32\win32u.dll
0x00007ffc06110000 - 0x00007ffc06139000 	C:\WINDOWS\System32\GDI32.dll
0x00007ffbea8d0000 - 0x00007ffbeab63000 	C:\WINDOWS\WinSxS\amd64_microsoft.windows.common-controls_6595b64144ccf1df_6.0.22621.2506_none_270c5ae97388e100\COMCTL32.dll
0x00007ffc058d0000 - 0x00007ffc059e8000 	C:\WINDOWS\System32\gdi32full.dll
0x00007ffc07620000 - 0x00007ffc076c7000 	C:\WINDOWS\System32\msvcrt.dll
0x00007ffc052b0000 - 0x00007ffc0534a000 	C:\WINDOWS\System32\msvcp_win.dll
0x00007ffc073e0000 - 0x00007ffc07411000 	C:\WINDOWS\System32\IMM32.DLL
0x00007ffc02480000 - 0x00007ffc0248c000 	C:\Users\Sayan Ghosh\AppData\Local\Programs\Eclipse Adoptium\jdk-17.0.8.7-hotspot\bin\vcruntime140_1.dll
0x00007ffbe2ea0000 - 0x00007ffbe2f31000 	C:\Users\Sayan Ghosh\AppData\Local\Programs\Eclipse Adoptium\jdk-17.0.8.7-hotspot\bin\msvcp140.dll
0x00007ffb77120000 - 0x00007ffb77d6c000 	C:\Users\Sayan Ghosh\AppData\Local\Programs\Eclipse Adoptium\jdk-17.0.8.7-hotspot\bin\server\jvm.dll
0x00007ffc07160000 - 0x00007ffc07213000 	C:\WINDOWS\System32\ADVAPI32.dll
0x00007ffc07570000 - 0x00007ffc07618000 	C:\WINDOWS\System32\sechost.dll
0x00007ffc05150000 - 0x00007ffc05178000 	C:\WINDOWS\System32\bcrypt.dll
0x00007ffc069f0000 - 0x00007ffc06b07000 	C:\WINDOWS\System32\RPCRT4.dll
0x00007ffc03fa0000 - 0x00007ffc03fed000 	C:\WINDOWS\SYSTEM32\POWRPROF.dll
0x00007ffc02410000 - 0x00007ffc02419000 	C:\WINDOWS\SYSTEM32\WSOCK32.dll
0x00007ffbfd760000 - 0x00007ffbfd794000 	C:\WINDOWS\SYSTEM32\WINMM.dll
0x00007ffc06090000 - 0x00007ffc06101000 	C:\WINDOWS\System32\WS2_32.dll
0x00007ffbfc340000 - 0x00007ffbfc34a000 	C:\WINDOWS\SYSTEM32\VERSION.dll
0x00007ffc03f80000 - 0x00007ffc03f93000 	C:\WINDOWS\SYSTEM32\UMPDC.dll
0x00007ffc041e0000 - 0x00007ffc041f8000 	C:\WINDOWS\SYSTEM32\kernel.appcore.dll
0x00007ffc02210000 - 0x00007ffc0221a000 	C:\Users\Sayan Ghosh\AppData\Local\Programs\Eclipse Adoptium\jdk-17.0.8.7-hotspot\bin\jimage.dll
0x00007ffbf9130000 - 0x00007ffbf9363000 	C:\WINDOWS\SYSTEM32\DBGHELP.DLL
0x00007ffc05b60000 - 0x00007ffc05ee9000 	C:\WINDOWS\System32\combase.dll
0x00007ffc07af0000 - 0x00007ffc07bc7000 	C:\WINDOWS\System32\OLEAUT32.dll
0x00007ffbfa520000 - 0x00007ffbfa552000 	C:\WINDOWS\SYSTEM32\dbgcore.DLL
0x00007ffc05850000 - 0x00007ffc058ca000 	C:\WINDOWS\System32\bcryptPrimitives.dll
0x00007ffbec9e0000 - 0x00007ffbeca05000 	C:\Users\Sayan Ghosh\AppData\Local\Programs\Eclipse Adoptium\jdk-17.0.8.7-hotspot\bin\java.dll
0x00007ffbd1b10000 - 0x00007ffbd1be6000 	C:\Users\Sayan Ghosh\AppData\Local\Programs\Eclipse Adoptium\jdk-17.0.8.7-hotspot\bin\jsvml.dll
0x00007ffc06140000 - 0x00007ffc0699b000 	C:\WINDOWS\System32\SHELL32.dll
0x00007ffc03070000 - 0x00007ffc03966000 	C:\WINDOWS\SYSTEM32\windows.storage.dll
0x00007ffc02f30000 - 0x00007ffc0306e000 	C:\WINDOWS\SYSTEM32\wintypes.dll
0x00007ffc06b10000 - 0x00007ffc06c03000 	C:\WINDOWS\System32\SHCORE.dll
0x00007ffc079e0000 - 0x00007ffc07a3e000 	C:\WINDOWS\System32\shlwapi.dll
0x00007ffc05080000 - 0x00007ffc050a6000 	C:\WINDOWS\SYSTEM32\profapi.dll
0x00007ffbf4980000 - 0x00007ffbf4999000 	C:\Users\Sayan Ghosh\AppData\Local\Programs\Eclipse Adoptium\jdk-17.0.8.7-hotspot\bin\net.dll
0x00007ffbff400000 - 0x00007ffbff537000 	C:\WINDOWS\SYSTEM32\WINHTTP.dll
0x00007ffc046b0000 - 0x00007ffc04719000 	C:\WINDOWS\system32\mswsock.dll
0x00007ffbec9c0000 - 0x00007ffbec9d5000 	C:\Users\Sayan Ghosh\AppData\Local\Programs\Eclipse Adoptium\jdk-17.0.8.7-hotspot\bin\nio.dll
0x00007ffbec8a0000 - 0x00007ffbec8b8000 	C:\Users\Sayan Ghosh\AppData\Local\Programs\Eclipse Adoptium\jdk-17.0.8.7-hotspot\bin\zip.dll
0x00007ffbe5950000 - 0x00007ffbe5960000 	C:\Users\Sayan Ghosh\AppData\Local\Programs\Eclipse Adoptium\jdk-17.0.8.7-hotspot\bin\verify.dll
0x00007ffbeb720000 - 0x00007ffbeb747000 	C:\Users\Sayan Ghosh\.gradle\native\68d5fa5c4cc2d200863cafc0d521ce42e7d3e7ee720ec0a83991735586a16f82\windows-amd64\native-platform.dll
0x00007ffbee640000 - 0x00007ffbee649000 	C:\Users\Sayan Ghosh\AppData\Local\Programs\Eclipse Adoptium\jdk-17.0.8.7-hotspot\bin\management.dll
0x00007ffbee3d0000 - 0x00007ffbee3db000 	C:\Users\Sayan Ghosh\AppData\Local\Programs\Eclipse Adoptium\jdk-17.0.8.7-hotspot\bin\management_ext.dll
0x00007ffc07d40000 - 0x00007ffc07d48000 	C:\WINDOWS\System32\PSAPI.DLL
0x00007ffc04a00000 - 0x00007ffc04a1b000 	C:\WINDOWS\SYSTEM32\CRYPTSP.dll
0x00007ffc041a0000 - 0x00007ffc041d5000 	C:\WINDOWS\system32\rsaenh.dll
0x00007ffc04750000 - 0x00007ffc0477c000 	C:\WINDOWS\SYSTEM32\USERENV.dll
0x00007ffc049e0000 - 0x00007ffc049ec000 	C:\WINDOWS\SYSTEM32\CRYPTBASE.dll
0x00007ffc03c80000 - 0x00007ffc03cad000 	C:\WINDOWS\SYSTEM32\IPHLPAPI.DLL
0x00007ffc07150000 - 0x00007ffc07159000 	C:\WINDOWS\System32\NSI.dll
0x00007ffbff2a0000 - 0x00007ffbff2b9000 	C:\WINDOWS\SYSTEM32\dhcpcsvc6.DLL
0x00007ffbff280000 - 0x00007ffbff29f000 	C:\WINDOWS\SYSTEM32\dhcpcsvc.DLL
0x00007ffc03cb0000 - 0x00007ffc03da9000 	C:\WINDOWS\SYSTEM32\DNSAPI.dll
0x00007ffbec890000 - 0x00007ffbec89e000 	C:\Users\Sayan Ghosh\AppData\Local\Programs\Eclipse Adoptium\jdk-17.0.8.7-hotspot\bin\sunmscapi.dll
0x00007ffc059f0000 - 0x00007ffc05b56000 	C:\WINDOWS\System32\CRYPT32.dll
0x00007ffc04af0000 - 0x00007ffc04b1e000 	C:\WINDOWS\SYSTEM32\ncrypt.dll
0x00007ffc04ab0000 - 0x00007ffc04ae7000 	C:\WINDOWS\SYSTEM32\NTASN1.dll
0x00007ffbff850000 - 0x00007ffbff858000 	C:\WINDOWS\system32\wshunix.dll

dbghelp: loaded successfully - version: 4.0.5 - missing functions: none
symbol engine: initialized successfully - sym options: 0x614 - pdb path: .;C:\Users\Sayan Ghosh\AppData\Local\Programs\Eclipse Adoptium\jdk-17.0.8.7-hotspot\bin;C:\WINDOWS\SYSTEM32;C:\WINDOWS\WinSxS\amd64_microsoft.windows.common-controls_6595b64144ccf1df_6.0.22621.2506_none_270c5ae97388e100;C:\Users\Sayan Ghosh\AppData\Local\Programs\Eclipse Adoptium\jdk-17.0.8.7-hotspot\bin\server;C:\Users\Sayan Ghosh\.gradle\native\68d5fa5c4cc2d200863cafc0d521ce42e7d3e7ee720ec0a83991735586a16f82\windows-amd64

VM Arguments:
jvm_args: -Xmx64m -Xms64m -Dorg.gradle.appname=gradlew 
java_command: org.gradle.wrapper.GradleWrapperMain app:installDebug -PreactNativeDevServerPort=8081
java_class_path (initial): F:\Programs\React Native APP\Spotify\android\\gradle\wrapper\gradle-wrapper.jar
Launcher Type: SUN_STANDARD

[Global flags]
     intx CICompilerCount                          = 12                                        {product} {ergonomic}
     uint ConcGCThreads                            = 3                                         {product} {ergonomic}
     uint G1ConcRefinementThreads                  = 13                                        {product} {ergonomic}
   size_t G1HeapRegionSize                         = 1048576                                   {product} {ergonomic}
    uintx GCDrainStackTargetSize                   = 64                                        {product} {ergonomic}
   size_t InitialHeapSize                          = 67108864                                  {product} {command line}
   size_t MarkStackSize                            = 4194304                                   {product} {ergonomic}
   size_t MaxHeapSize                              = 67108864                                  {product} {command line}
   size_t MaxNewSize                               = 39845888                                  {product} {ergonomic}
   size_t MinHeapDeltaBytes                        = 1048576                                   {product} {ergonomic}
   size_t MinHeapSize                              = 67108864                                  {product} {command line}
    uintx NonNMethodCodeHeapSize                   = 7602480                                {pd product} {ergonomic}
    uintx NonProfiledCodeHeapSize                  = 122027880                              {pd product} {ergonomic}
    uintx ProfiledCodeHeapSize                     = 122027880                              {pd product} {ergonomic}
    uintx ReservedCodeCacheSize                    = 251658240                              {pd product} {ergonomic}
     bool SegmentedCodeCache                       = true                                      {product} {ergonomic}
   size_t SoftMaxHeapSize                          = 67108864                               {manageable} {ergonomic}
     bool UseCompressedClassPointers               = true                           {product lp64_product} {ergonomic}
     bool UseCompressedOops                        = true                           {product lp64_product} {ergonomic}
     bool UseG1GC                                  = true                                      {product} {ergonomic}
     bool UseLargePagesIndividualAllocation        = false                                  {pd product} {ergonomic}

Logging:
Log output configuration:
 #0: stdout all=warning uptime,level,tags
 #1: stderr all=off uptime,level,tags

Environment Variables:
JAVA_HOME=C:\Users\Sayan Ghosh\AppData\Local\Programs\Eclipse Adoptium\jdk-17.0.8.7-hotspot\
CLASSPATH=F:\Programs\React Native APP\Spotify\android\\gradle\wrapper\gradle-wrapper.jar
PATH=F:\Programs\React Native APP\Spotify\node_modules\.bin;F:\Programs\React Native APP\Spotify\node_modules\.bin;F:\Programs\React Native APP\node_modules\.bin;F:\Programs\node_modules\.bin;F:\node_modules\.bin;C:\Users\Sayan Ghosh\AppData\Roaming\npm\node_modules\npm\node_modules\@npmcli\run-script\lib\node-gyp-bin;F:\Programs\React Native APP\Spotify\node_modules\.bin;F:\Programs\React Native APP\node_modules\.bin;F:\Programs\node_modules\.bin;F:\node_modules\.bin;C:\Users\Sayan Ghosh\AppData\Roaming\npm\node_modules\npm\node_modules\@npmcli\run-script\lib\node-gyp-bin;C:\Python311\Scripts\;C:\Python311\;C:\WINDOWS\system32;C:\WINDOWS;C:\WINDOWS\System32\Wbem;C:\WINDOWS\System32\WindowsPowerShell\v1.0\;C:\WINDOWS\System32\OpenSSH\;C:\Program Files (x86)\NVIDIA Corporation\PhysX\Common;C:\Program Files\NVIDIA Corporation\NVIDIA NvDLISR;C:\MinGW\bin;C:\Program Files\Git\cmd;C:\Program Files\nodejs\;C:\ProgramData\chocolatey\bin;C:\Users\Sayan Ghosh\AppData\Local\Android\Sdk;C:\Users\Sayan Ghosh\AppData\Local\Android\Sdk\platform-tools;C:\Users\Sayan Ghosh\AppData\Local\Android\Sdk\emulator;C:\Users\Sayan Ghosh\AppData\Local\Android\Sdk\tools;C:\Users\Sayan Ghosh\AppData\Local\Android\Sdk\tools\bin;C:\Users\Sayan Ghosh\AppData\Local\Programs\Eclipse Adoptium\jdk-17.0.8.7-hotspot\bin;C:\Users\Sayan Ghosh\AppData\Local\Microsoft\WindowsApps;C:\Microsoft VS Code\bin;C:\Users\Sayan Ghosh\AppData\Local\GitHubDesktop\bin;C:\Users\Sayan Ghosh\AppData\Roaming\npm;C:\flutter\bin;C:\tools\dart-sdk\bin;C:\Users\Sayan Ghosh\AppData\Local\Pub\Cache\bin;C:\Users\Sayan Ghosh\AppData\Local\Android\Sdk;C:\Users\Sayan Ghosh\AppData\Local\Android\Sdk\platform-tools;C:\Users\Sayan Ghosh\AppData\Local\Android\Sdk\emulator;C:\Users\Sayan Ghosh\AppData\Local\Android\Sdk\tools;C:\Users\Sayan Ghosh\AppData\Local\Android\Sdk\tools\bin;
USERNAME=Sayan Ghosh
LANG=en_US.UTF-8
OS=Windows_NT
PROCESSOR_IDENTIFIER=Intel64 Family 6 Model 191 Stepping 2, GenuineIntel
TMP=C:\Users\SAYANG~1\AppData\Local\Temp
TEMP=C:\Users\SAYANG~1\AppData\Local\Temp



---------------  S Y S T E M  ---------------

OS:
 Windows 11 , 64 bit Build 22621 (10.0.22621.3085)
OS uptime: 0 days 20:24 hours
Hyper-V role detected

CPU: total 16 (initial active 16) (8 cores per cpu, 2 threads per core) family 6 model 191 stepping 2 microcode 0x26, cx8, cmov, fxsr, ht, mmx, 3dnowpref, sse, sse2, sse3, ssse3, sse4.1, sse4.2, popcnt, lzcnt, tsc, tscinvbit, avx, avx2, aes, erms, clmul, bmi1, bmi2, adx, sha, fma, vzeroupper, clflush, clflushopt, clwb, hv
Processor Information for all 16 processors :
  Max Mhz: 2500, Current Mhz: 2500, Mhz Limit: 2500

Memory: 4k page, system-wide physical 16218M (4115M free)
TotalPageFile size 16218M (AvailPageFile size 317M)
current process WorkingSet (physical memory assigned to process): 100M, peak: 115M
current process commit charge ("private bytes"): 182M, peak: 195M

vm_info: OpenJDK 64-Bit Server VM (17.0.8+7) for windows-amd64 JRE (17.0.8+7), built on Jul 18 2023 21:02:32 by "admin" with MS VC++ 16.7 (VS2019)

END.
